<?xml version="1.0" encoding="utf-8"?><testsuites name="pytest tests"><testsuite name="pytest" errors="0" failures="0" skipped="2" tests="17" time="15.192" timestamp="2026-03-29T22:33:44.539637+00:00" hostname="agent-env-90b66b89-6b02-40be-8ee4-6ae3921fb55f"><testcase classname="backend.tests.test_nlyt_qa_lot2_iter153.TestBlocC_AppointmentCreation" name="test_C1_create_appointment_complete" time="2.427" /><testcase classname="backend.tests.test_nlyt_qa_lot2_iter153.TestBlocC_AppointmentCreation" name="test_C2_create_appointment_missing_title" time="1.302"><skipped type="pytest.xfail" message="BUG: Empty title validation missing - appointment created with empty title" /></testcase><testcase classname="backend.tests.test_nlyt_qa_lot2_iter153.TestBlocC_AppointmentCreation" name="test_C3_create_appointment_past_date" time="0.047" /><testcase classname="backend.tests.test_nlyt_qa_lot2_iter153.TestBlocC_AppointmentCreation" name="test_C6_cancel_future_active_appointment" time="3.959" /><testcase classname="backend.tests.test_nlyt_qa_lot2_iter153.TestBlocC_AppointmentCreation" name="test_C7_cancel_started_appointment" time="0.130" /><testcase classname="backend.tests.test_nlyt_qa_lot2_iter153.TestBlocC_AppointmentCreation" name="test_C8_delete_cancelled_appointment" time="3.813" /><testcase classname="backend.tests.test_nlyt_qa_lot2_iter153.TestBlocC_AppointmentCreation" name="test_C9_double_creation_no_crash" time="2.575" /><testcase classname="backend.tests.test_nlyt_qa_lot2_iter153.TestBlocC_AppointmentCreation" name="test_C_DETAIL_get_appointment_detail" time="0.106" /><testcase classname="backend.tests.test_nlyt_qa_lot2_iter153.TestBlocC_AppointmentCreation" name="test_C_LIST_my_timeline" time="0.122" /><testcase classname="backend.tests.test_nlyt_qa_lot2_iter153.TestBlocE_AttendanceSheets" name="test_E_API1_pending_sheets_structure" time="0.052" /><testcase classname="backend.tests.test_nlyt_qa_lot2_iter153.TestBlocE_AttendanceSheets" name="test_E_API2_submit_sheet_nonexistent" time="0.047" /><testcase classname="backend.tests.test_nlyt_qa_lot2_iter153.TestBlocE_AttendanceSheets" name="test_E_API3_double_submission" time="0.050"><skipped type="pytest.skip" message="All sheets already submitted">/app/backend/tests/test_nlyt_qa_lot2_iter153.py:461: All sheets already submitted</skipped></testcase><testcase classname="backend.tests.test_nlyt_qa_lot2_iter153.TestBlocE_AttendanceSheets" name="test_E_API4_sheet_for_cancelled_appointment" time="0.169" /><testcase classname="backend.tests.test_nlyt_qa_lot2_iter153.TestBlocJ_CalendarSync" name="test_J_API1_list_calendar_connections" time="0.052" /><testcase classname="backend.tests.test_nlyt_qa_lot2_iter153.TestBlocJ_CalendarSync" name="test_J_API2_auto_sync_settings" time="0.045" /><testcase classname="backend.tests.test_nlyt_qa_lot2_iter153.TestBlocJ_CalendarSync" name="test_J_API3_disconnect_nonexistent" time="0.043" /><testcase classname="backend.tests.test_nlyt_qa_lot2_iter153.TestBlocJ_CalendarSync" name="test_J_ROBUSTESSE_expired_token_handling" time="0.142" /></testsuite></testsuites>