<?xml version="1.0" encoding="utf-8"?><testsuites name="pytest tests"><testsuite name="pytest" errors="0" failures="0" skipped="0" tests="19" time="3.452" timestamp="2026-03-27T17:42:28.589425+00:00" hostname="agent-env-35142ee7-ec2d-4a9b-9ace-05b6f64a5f4b"><testcase classname="tests.test_declarative_phase_iter108.TestAttendanceSheetsAPI" name="test_01_get_sheet_returns_200" time="0.568" /><testcase classname="tests.test_declarative_phase_iter108.TestAttendanceSheetsAPI" name="test_02_sheet_has_declarations_with_target_names" time="0.110" /><testcase classname="tests.test_declarative_phase_iter108.TestAttendanceSheetsAPI" name="test_03_get_sheet_status_returns_200" time="0.208" /><testcase classname="tests.test_declarative_phase_iter108.TestAttendanceSheetsAPI" name="test_04_get_sheet_404_for_nonexistent" time="0.188" /><testcase classname="tests.test_declarative_phase_iter108.TestAttendanceSheetsAPI" name="test_05_get_sheet_401_without_auth" time="0.294" /><testcase classname="tests.test_declarative_phase_iter108.TestDisputesAPI" name="test_01_list_disputes_returns_200" time="0.117" /><testcase classname="tests.test_declarative_phase_iter108.TestDisputesAPI" name="test_02_disputes_list_has_correct_structure" time="0.117" /><testcase classname="tests.test_declarative_phase_iter108.TestDisputesAPI" name="test_03_disputes_list_has_status_badges" time="0.121" /><testcase classname="tests.test_declarative_phase_iter108.TestDisputesAPI" name="test_04_get_dispute_detail_returns_200" time="0.113" /><testcase classname="tests.test_declarative_phase_iter108.TestDisputesAPI" name="test_05_dispute_detail_has_summary" time="0.120" /><testcase classname="tests.test_declarative_phase_iter108.TestDisputesAPI" name="test_06_resolved_dispute_has_resolution" time="0.112" /><testcase classname="tests.test_declarative_phase_iter108.TestDisputesAPI" name="test_07_get_dispute_404_for_nonexistent" time="0.115" /><testcase classname="tests.test_declarative_phase_iter108.TestDisputesAPI" name="test_08_disputes_401_without_auth" time="0.108" /><testcase classname="tests.test_declarative_phase_iter108.TestEvidenceSubmission" name="test_01_submit_evidence_returns_200" time="0.127" /><testcase classname="tests.test_declarative_phase_iter108.TestEvidenceSubmission" name="test_02_evidence_appears_in_dispute_detail" time="0.165" /><testcase classname="tests.test_declarative_phase_iter108.TestEvidenceSubmission" name="test_03_cannot_submit_evidence_to_resolved_dispute" time="0.103" /><testcase classname="tests.test_declarative_phase_iter108.TestSheetSubmission" name="test_01_submit_sheet_validation" time="0.243" /><testcase classname="tests.test_declarative_phase_iter108.TestSheetSubmission" name="test_02_submit_sheet_success" time="0.223" /><testcase classname="tests.test_declarative_phase_iter108.TestSheetSubmission" name="test_03_cannot_submit_twice" time="0.216" /></testsuite></testsuites>