<?xml version="1.0" encoding="utf-8"?><testsuites name="pytest tests"><testsuite name="pytest" errors="0" failures="0" skipped="0" tests="18" time="4.253" timestamp="2026-03-29T20:19:29.006552+00:00" hostname="agent-env-90b66b89-6b02-40be-8ee4-6ae3921fb55f"><testcase classname="tests.test_charity_associations_iter150.TestPublicAPI" name="test_list_associations_returns_8_active" time="0.143" /><testcase classname="tests.test_charity_associations_iter150.TestPublicAPI" name="test_response_format_unchanged" time="0.125" /><testcase classname="tests.test_charity_associations_iter150.TestPublicAPI" name="test_all_8_expected_ids_present" time="0.104" /><testcase classname="tests.test_charity_associations_iter150.TestPublicAPI" name="test_get_single_association_by_id" time="0.972" /><testcase classname="tests.test_charity_associations_iter150.TestPublicAPI" name="test_get_nonexistent_association_returns_404" time="0.097" /><testcase classname="tests.test_charity_associations_iter150.TestAdminAPIAuth" name="test_admin_list_requires_auth" time="0.119" /><testcase classname="tests.test_charity_associations_iter150.TestAdminAPIAuth" name="test_admin_create_requires_auth" time="0.112" /><testcase classname="tests.test_charity_associations_iter150.TestAdminAPIAuth" name="test_admin_update_requires_auth" time="0.109" /><testcase classname="tests.test_charity_associations_iter150.TestAdminAPIAuth" name="test_admin_toggle_requires_auth" time="0.140" /><testcase classname="tests.test_charity_associations_iter150.TestAdminAPI" name="test_admin_list_returns_all_associations" time="0.491" /><testcase classname="tests.test_charity_associations_iter150.TestAdminAPI" name="test_admin_create_association" time="0.137" /><testcase classname="tests.test_charity_associations_iter150.TestAdminAPI" name="test_admin_update_association" time="0.262" /><testcase classname="tests.test_charity_associations_iter150.TestAdminAPI" name="test_admin_toggle_deactivates_association" time="0.346" /><testcase classname="tests.test_charity_associations_iter150.TestAdminAPI" name="test_admin_toggle_reactivates_association" time="0.231" /><testcase classname="tests.test_charity_associations_iter150.TestAdminAPI" name="test_admin_create_duplicate_id_returns_409" time="0.334" /><testcase classname="tests.test_charity_associations_iter150.TestAdminAPI" name="test_admin_update_nonexistent_returns_404" time="0.114" /><testcase classname="tests.test_charity_associations_iter150.TestAdminAPI" name="test_admin_toggle_nonexistent_returns_404" time="0.107" /><testcase classname="tests.test_charity_associations_iter150.TestCleanup" name="test_cleanup_test_association" time="0.224" /></testsuite></testsuites>