<?xml version="1.0" encoding="utf-8"?><testsuites name="pytest tests"><testsuite name="pytest" errors="0" failures="0" skipped="0" tests="10" time="3.199" timestamp="2026-03-29T13:08:56.254031+00:00" hostname="agent-env-2b9e73b7-1ca6-44eb-b5ce-1f2cc8594cf9"><testcase classname="backend.tests.test_orphan_participant_fix_iter131.TestOrphanParticipantFix" name="test_01_health_check" time="0.246" /><testcase classname="backend.tests.test_orphan_participant_fix_iter131.TestOrphanParticipantFix" name="test_02_login_igaal_hotmail" time="0.404" /><testcase classname="backend.tests.test_orphan_participant_fix_iter131.TestOrphanParticipantFix" name="test_03_disputes_mine_returns_5_disputes_for_igaal" time="0.395" /><testcase classname="backend.tests.test_orphan_participant_fix_iter131.TestOrphanParticipantFix" name="test_04_dispute_23f75310_visible_to_igaal" time="0.379" /><testcase classname="backend.tests.test_orphan_participant_fix_iter131.TestOrphanParticipantFix" name="test_05_dispute_23f75310_has_correct_flags_for_igaal" time="0.427" /><testcase classname="backend.tests.test_orphan_participant_fix_iter131.TestOrphanParticipantFix" name="test_06_dispute_detail_accessible_by_igaal" time="0.434" /><testcase classname="backend.tests.test_orphan_participant_fix_iter131.TestOrphanParticipantFix" name="test_07_regression_testuser_audit_still_sees_dispute" time="0.430" /><testcase classname="backend.tests.test_orphan_participant_fix_iter131.TestOrphanParticipantFix" name="test_08_appointment_title_is_test_email_wordin" time="0.407" /><testcase classname="backend.tests.test_orphan_participant_fix_iter131.TestCodeReviewVerification" name="test_09_respond_to_invitation_code_includes_user_id_resolution" time="0.001" /><testcase classname="backend.tests.test_orphan_participant_fix_iter131.TestCodeReviewVerification" name="test_10_get_user_id_has_email_fallback" time="0.000" /></testsuite></testsuites>