<?xml version="1.0" encoding="utf-8"?><testsuites name="pytest tests"><testsuite name="pytest" errors="0" failures="0" skipped="2" tests="13" time="3.465" timestamp="2026-03-29T19:20:48.110382+00:00" hostname="agent-env-90b66b89-6b02-40be-8ee4-6ae3921fb55f"><testcase classname="tests.test_invitation_onboarding_iter148.TestLinkAccountEndpoint" name="test_link_account_new_user_creates_account" time="0.480" /><testcase classname="tests.test_invitation_onboarding_iter148.TestLinkAccountEndpoint" name="test_link_account_existing_user_login" time="0.126" /><testcase classname="tests.test_invitation_onboarding_iter148.TestLinkAccountEndpoint" name="test_link_account_wrong_password_returns_401" time="0.476" /><testcase classname="tests.test_invitation_onboarding_iter148.TestLinkAccountEndpoint" name="test_link_account_invalid_token_returns_404" time="0.108" /><testcase classname="tests.test_invitation_onboarding_iter148.TestLinkAccountEndpoint" name="test_link_account_short_password_returns_400" time="0.137"><skipped type="pytest.skip" message="Existing account - password validation differs">/app/backend/tests/test_invitation_onboarding_iter148.py:161: Existing account - password validation differs</skipped></testcase><testcase classname="tests.test_invitation_onboarding_iter148.TestLinkUserEndpoint" name="test_link_user_email_mismatch_returns_403" time="0.439" /><testcase classname="tests.test_invitation_onboarding_iter148.TestLinkUserEndpoint" name="test_link_user_requires_authentication" time="0.105" /><testcase classname="tests.test_invitation_onboarding_iter148.TestLinkUserEndpoint" name="test_link_user_invalid_token_returns_404" time="0.506" /><testcase classname="tests.test_invitation_onboarding_iter148.TestInvitationStatusAfterLinkAccount" name="test_status_remains_invited_after_account_creation" time="0.128" /><testcase classname="tests.test_invitation_onboarding_iter148.TestMyTimelineActionRequired" name="test_my_timeline_returns_action_required_bucket" time="0.507" /><testcase classname="tests.test_invitation_onboarding_iter148.TestInvitationAPIStructure" name="test_link_account_endpoint_exists" time="0.158" /><testcase classname="tests.test_invitation_onboarding_iter148.TestInvitationAPIStructure" name="test_link_user_endpoint_exists" time="0.119" /><testcase classname="tests.test_invitation_onboarding_iter148.TestAuthContextLoginWithToken" name="test_jwt_from_link_account_works" time="0.100"><skipped type="pytest.skip" message="Cannot test JWT without correct password for existing account">/app/backend/tests/test_invitation_onboarding_iter148.py:351: Cannot test JWT without correct password for existing account</skipped></testcase></testsuite></testsuites>