<?xml version="1.0" encoding="utf-8"?><testsuites name="pytest tests"><testsuite name="pytest" errors="0" failures="0" skipped="0" tests="12" time="2.439" timestamp="2026-03-23T22:50:23.617841+00:00" hostname="agent-env-8895d1a6-b6ac-48dc-8354-2e4095d87cb0"><testcase classname="backend.tests.test_workspace_update.TestWorkspaceUpdate" name="test_update_workspace_name_success" time="0.800" /><testcase classname="backend.tests.test_workspace_update.TestWorkspaceUpdate" name="test_update_workspace_description_success" time="0.119" /><testcase classname="backend.tests.test_workspace_update.TestWorkspaceUpdate" name="test_update_workspace_name_and_description" time="0.117" /><testcase classname="backend.tests.test_workspace_update.TestWorkspaceUpdate" name="test_update_workspace_empty_name_rejected" time="0.114" /><testcase classname="backend.tests.test_workspace_update.TestWorkspaceUpdate" name="test_update_workspace_whitespace_name_rejected" time="0.107" /><testcase classname="backend.tests.test_workspace_update.TestWorkspaceUpdate" name="test_update_workspace_empty_description_allowed" time="0.137" /><testcase classname="backend.tests.test_workspace_update.TestWorkspaceUpdate" name="test_update_workspace_name_trimmed" time="0.123" /><testcase classname="backend.tests.test_workspace_update.TestWorkspaceUpdate" name="test_update_workspace_description_trimmed" time="0.157" /><testcase classname="backend.tests.test_workspace_update.TestWorkspaceUpdate" name="test_update_workspace_returns_updated_at" time="0.114" /><testcase classname="backend.tests.test_workspace_update.TestWorkspaceUpdate" name="test_update_workspace_unauthorized" time="0.116" /><testcase classname="backend.tests.test_workspace_update.TestWorkspaceUpdate" name="test_get_workspace_after_update" time="0.219" /><testcase classname="backend.tests.test_workspace_update.TestWorkspaceUpdate" name="test_restore_original_workspace" time="0.247" /></testsuite></testsuites>