<?xml version="1.0" encoding="utf-8"?><testsuites name="pytest tests"><testsuite name="pytest" errors="0" failures="0" skipped="0" tests="42" time="2.621" timestamp="2026-03-23T17:55:31.685232+00:00" hostname="agent-env-c512fbfd-57ea-414c-9cb7-61faee396feb"><testcase classname="tests.test_distribution_phase3.TestDistributionComputeLogic" name="test_compute_distribution_function_exists" time="0.001" /><testcase classname="tests.test_distribution_phase3.TestDistributionComputeLogic" name="test_participant_no_show_logic_exists" time="0.000" /><testcase classname="tests.test_distribution_phase3.TestDistributionComputeLogic" name="test_organizer_no_show_symmetric_logic_exists" time="0.000" /><testcase classname="tests.test_distribution_phase3.TestDistributionComputeLogic" name="test_zero_present_participants_to_platform_logic" time="0.000" /><testcase classname="tests.test_distribution_phase3.TestDistributionComputeLogic" name="test_rounding_invariant_logic" time="0.000" /><testcase classname="tests.test_distribution_phase3.TestDistributionComputeLogic" name="test_zero_penalty_returns_empty_logic" time="0.000" /><testcase classname="tests.test_distribution_phase3.TestDistributionAPI" name="test_health_check" time="0.239" /><testcase classname="tests.test_distribution_phase3.TestDistributionAPI" name="test_get_distributions_requires_auth" time="0.141" /><testcase classname="tests.test_distribution_phase3.TestDistributionAPI" name="test_get_distributions_returns_list" time="1.032" /><testcase classname="tests.test_distribution_phase3.TestDistributionAPI" name="test_get_distribution_detail_not_found" time="0.134" /><testcase classname="tests.test_distribution_phase3.TestDistributionAPI" name="test_contest_distribution_not_found" time="0.144" /><testcase classname="tests.test_distribution_phase3.TestDistributionAPI" name="test_get_appointment_distributions_requires_auth" time="0.123" /><testcase classname="tests.test_distribution_phase3.TestDistributionAPI" name="test_get_appointment_distributions_not_found" time="0.099" /><testcase classname="tests.test_distribution_phase3.TestDistributionServiceStructure" name="test_create_distribution_function_exists" time="0.000" /><testcase classname="tests.test_distribution_phase3.TestDistributionServiceStructure" name="test_create_distribution_idempotent_guard" time="0.000" /><testcase classname="tests.test_distribution_phase3.TestDistributionServiceStructure" name="test_finalize_expired_holds_function_exists" time="0.000" /><testcase classname="tests.test_distribution_phase3.TestDistributionServiceStructure" name="test_finalize_skips_contested" time="0.000" /><testcase classname="tests.test_distribution_phase3.TestDistributionServiceStructure" name="test_cancel_distribution_function_exists" time="0.000" /><testcase classname="tests.test_distribution_phase3.TestDistributionServiceStructure" name="test_contest_distribution_function_exists" time="0.000" /><testcase classname="tests.test_distribution_phase3.TestDistributionServiceStructure" name="test_contest_only_by_no_show_user" time="0.000" /><testcase classname="tests.test_distribution_phase3.TestSchedulerJobRegistration" name="test_scheduler_has_distribution_job" time="0.000" /><testcase classname="tests.test_distribution_phase3.TestSchedulerJobRegistration" name="test_scheduler_job_interval" time="0.000" /><testcase classname="tests.test_distribution_phase3.TestAttendanceServiceHooks" name="test_process_financial_outcomes_function_exists" time="0.000" /><testcase classname="tests.test_distribution_phase3.TestAttendanceServiceHooks" name="test_execute_capture_and_distribution_exists" time="0.000" /><testcase classname="tests.test_distribution_phase3.TestAttendanceServiceHooks" name="test_process_reclassification_exists" time="0.000" /><testcase classname="tests.test_distribution_phase3.TestAttendanceServiceHooks" name="test_reclassification_handles_no_show_to_present" time="0.000" /><testcase classname="tests.test_distribution_phase3.TestAttendanceServiceHooks" name="test_reclassification_handles_present_to_no_show" time="0.000" /><testcase classname="tests.test_distribution_phase3.TestAttendanceServiceHooks" name="test_post_evaluation_triggers_financial_outcomes" time="0.000" /><testcase classname="tests.test_distribution_phase3.TestWalletServiceFunctions" name="test_credit_pending_function_exists" time="0.000" /><testcase classname="tests.test_distribution_phase3.TestWalletServiceFunctions" name="test_confirm_pending_to_available_function_exists" time="0.000" /><testcase classname="tests.test_distribution_phase3.TestWalletServiceFunctions" name="test_debit_refund_function_exists" time="0.000" /><testcase classname="tests.test_distribution_phase3.TestWalletAPIIntegration" name="test_wallet_endpoint_exists" time="0.486" /><testcase classname="tests.test_distribution_phase3.TestWalletAPIIntegration" name="test_wallet_transactions_endpoint_exists" time="0.114" /><testcase classname="tests.test_distribution_phase3.TestStripeGuaranteeServiceCapture" name="test_capture_guarantee_function_exists" time="0.000" /><testcase classname="tests.test_distribution_phase3.TestStripeGuaranteeServiceCapture" name="test_capture_dev_mode_simulation" time="0.000" /><testcase classname="tests.test_distribution_phase3.TestStripeGuaranteeServiceCapture" name="test_release_guarantee_function_exists" time="0.000" /><testcase classname="tests.test_distribution_phase3.TestDistributionConstants" name="test_hold_days_constant" time="0.000" /><testcase classname="tests.test_distribution_phase3.TestDistributionConstants" name="test_platform_wallet_user_id_constant" time="0.000" /><testcase classname="tests.test_distribution_phase3.TestRouterEndpoints" name="test_wallet_distributions_route_exists" time="0.000" /><testcase classname="tests.test_distribution_phase3.TestRouterEndpoints" name="test_wallet_distribution_detail_route_exists" time="0.000" /><testcase classname="tests.test_distribution_phase3.TestRouterEndpoints" name="test_wallet_distribution_contest_route_exists" time="0.000" /><testcase classname="tests.test_distribution_phase3.TestRouterEndpoints" name="test_appointment_distributions_route_exists" time="0.000" /></testsuite></testsuites>