<?xml version="1.0" encoding="utf-8"?><testsuites name="pytest tests"><testsuite name="pytest" errors="0" failures="0" skipped="0" tests="12" time="4.630" timestamp="2026-03-29T16:06:27.516204+00:00" hostname="agent-env-90b66b89-6b02-40be-8ee4-6ae3921fb55f"><testcase classname="backend.tests.test_decisions_iter139.TestDecisionsAPI" name="test_01_login_admin_user" time="0.588" /><testcase classname="backend.tests.test_decisions_iter139.TestDecisionsAPI" name="test_02_get_my_decisions_requires_auth" time="0.111" /><testcase classname="backend.tests.test_decisions_iter139.TestDecisionsAPI" name="test_03_get_my_decisions_returns_list" time="0.375" /><testcase classname="backend.tests.test_decisions_iter139.TestDecisionsAPI" name="test_04_decisions_have_required_fields" time="0.452" /><testcase classname="backend.tests.test_decisions_iter139.TestDecisionsAPI" name="test_05_decisions_only_resolved_statuses" time="0.391" /><testcase classname="backend.tests.test_decisions_iter139.TestDecisionsAPI" name="test_06_get_dispute_detail_requires_auth" time="0.142" /><testcase classname="backend.tests.test_decisions_iter139.TestDecisionsAPI" name="test_07_get_dispute_detail_returns_data" time="0.432" /><testcase classname="backend.tests.test_decisions_iter139.TestDecisionsAPI" name="test_08_dispute_detail_has_financial_context" time="0.457" /><testcase classname="backend.tests.test_decisions_iter139.TestDecisionsAPI" name="test_09_dispute_detail_has_declaration_summary" time="0.423" /><testcase classname="backend.tests.test_decisions_iter139.TestDecisionsAPI" name="test_10_dispute_detail_has_evidence_count" time="0.420" /><testcase classname="backend.tests.test_decisions_iter139.TestDecisionsAPI" name="test_11_non_existent_dispute_returns_404" time="0.380" /><testcase classname="backend.tests.test_decisions_iter139.TestDecisionsAPI" name="test_12_regular_user_can_access_decisions" time="0.382" /></testsuite></testsuites>