<?xml version="1.0" encoding="utf-8"?><testsuites name="pytest tests"><testsuite name="pytest" errors="0" failures="0" skipped="0" tests="13" time="2.664" timestamp="2026-03-24T23:16:23.916308+00:00" hostname="agent-env-54b6d5f2-b9c3-4891-8fd9-ecd5154cf8d2"><testcase classname="backend.tests.test_analytics_stats.TestAnalyticsEndpoint" name="test_analytics_endpoint_returns_200" time="0.734" /><testcase classname="backend.tests.test_analytics_stats.TestAnalyticsEndpoint" name="test_analytics_returns_all_kpi_fields" time="0.118" /><testcase classname="backend.tests.test_analytics_stats.TestAnalyticsEndpoint" name="test_total_engagements_greater_than_zero" time="0.148" /><testcase classname="backend.tests.test_analytics_stats.TestAnalyticsEndpoint" name="test_acceptance_rate_is_percentage_or_null" time="0.133" /><testcase classname="backend.tests.test_analytics_stats.TestAnalyticsEndpoint" name="test_presence_rate_null_when_no_evaluations" time="0.126" /><testcase classname="backend.tests.test_analytics_stats.TestAnalyticsEndpoint" name="test_compensation_and_charity_are_integers" time="0.168" /><testcase classname="backend.tests.test_analytics_stats.TestAnalyticsEndpoint" name="test_organizer_defaults_is_integer" time="0.124" /><testcase classname="backend.tests.test_analytics_stats.TestAnalyticsEndpoint" name="test_global_message_and_tone_present" time="0.143" /><testcase classname="backend.tests.test_analytics_stats.TestAnalyticsEndpoint" name="test_analytics_without_workspace_id" time="0.141" /><testcase classname="backend.tests.test_analytics_stats.TestAnalyticsEndpoint" name="test_analytics_requires_authentication" time="0.129" /><testcase classname="backend.tests.test_analytics_stats.TestAnalyticsEndpoint" name="test_analytics_invalid_workspace_returns_403" time="0.113" /><testcase classname="backend.tests.test_analytics_stats.TestAnalyticsDataIntegrity" name="test_total_engagements_matches_appointments_count" time="0.387" /><testcase classname="backend.tests.test_analytics_stats.TestAnalyticsDataIntegrity" name="test_currency_field_present" time="0.123" /></testsuite></testsuites>