<?xml version="1.0" encoding="utf-8"?><testsuites name="pytest tests"><testsuite name="pytest" errors="0" failures="0" skipped="0" tests="11" time="2.121" timestamp="2026-03-27T14:48:16.817894+00:00" hostname="agent-env-35142ee7-ec2d-4a9b-9ace-05b6f64a5f4b"><testcase classname="backend.tests.test_financial_results_page_iter107.TestFinancialResultsEndpoint" name="test_01_endpoint_returns_200" time="0.532" /><testcase classname="backend.tests.test_financial_results_page_iter107.TestFinancialResultsEndpoint" name="test_02_synthesis_structure" time="0.119" /><testcase classname="backend.tests.test_financial_results_page_iter107.TestFinancialResultsEndpoint" name="test_03_synthesis_values_correct" time="0.100" /><testcase classname="backend.tests.test_financial_results_page_iter107.TestFinancialResultsEndpoint" name="test_04_engagements_structure" time="0.122" /><testcase classname="backend.tests.test_financial_results_page_iter107.TestFinancialResultsEndpoint" name="test_05_engagements_have_charity_info" time="0.111" /><testcase classname="backend.tests.test_financial_results_page_iter107.TestFinancialResultsEndpoint" name="test_06_solidarity_structure" time="0.118" /><testcase classname="backend.tests.test_financial_results_page_iter107.TestFinancialResultsEndpoint" name="test_07_solidarity_associations_structure" time="0.121" /><testcase classname="backend.tests.test_financial_results_page_iter107.TestFinancialResultsEndpoint" name="test_08_unauthenticated_returns_401" time="0.103" /><testcase classname="backend.tests.test_financial_results_page_iter107.TestFinancialResultsEndpoint" name="test_09_engagement_count_matches_list" time="0.183" /><testcase classname="backend.tests.test_financial_results_page_iter107.TestFinancialResultsParticipant" name="test_01_participant_can_access_endpoint" time="0.436" /><testcase classname="backend.tests.test_financial_results_page_iter107.TestFinancialResultsParticipant" name="test_02_participant_has_valid_structure" time="0.108" /></testsuite></testsuites>