<?xml version="1.0" encoding="utf-8"?><testsuites name="pytest tests"><testsuite name="pytest" errors="0" failures="0" skipped="0" tests="6" time="1.165" timestamp="2026-03-22T19:04:19.702497+00:00" hostname="agent-env-f2a37db1-20e8-4a01-b283-ba9d39e0b2e5"><testcase classname="backend.tests.test_organizer_identity_block.TestOrganizerIdentityBlockBackend" name="test_teams_appointment_has_creator_email" time="0.622" /><testcase classname="backend.tests.test_organizer_identity_block.TestOrganizerIdentityBlockBackend" name="test_meet_appointment_has_creator_email" time="0.056" /><testcase classname="backend.tests.test_organizer_identity_block.TestOrganizerIdentityBlockBackend" name="test_teams_appointment_has_meeting_join_url" time="0.052" /><testcase classname="backend.tests.test_organizer_identity_block.TestOrganizerIdentityBlockBackend" name="test_meet_appointment_has_meeting_join_url" time="0.048" /><testcase classname="backend.tests.test_organizer_identity_block.TestOrganizerIdentityBlockBackend" name="test_get_physical_appointment_no_meeting_metadata" time="0.156" /><testcase classname="backend.tests.test_organizer_identity_block.TestZoomHostUrlDistinction" name="test_zoom_appointment_has_host_url_if_exists" time="0.170" /></testsuite></testsuites>