<?xml version="1.0" encoding="utf-8"?><testsuites name="pytest tests"><testsuite name="pytest" errors="0" failures="0" skipped="0" tests="16" time="1.145" timestamp="2026-03-22T18:40:17.036024+00:00" hostname="agent-env-f2a37db1-20e8-4a01-b283-ba9d39e0b2e5"><testcase classname="backend.tests.test_host_experience.TestTeamsLobbyBypassSettings" name="test_teams_appointment_has_lobby_bypass_scope" time="0.579" /><testcase classname="backend.tests.test_host_experience.TestTeamsLobbyBypassSettings" name="test_teams_appointment_has_allowed_presenters" time="0.048" /><testcase classname="backend.tests.test_host_experience.TestTeamsLobbyBypassSettings" name="test_teams_appointment_has_valid_join_url" time="0.052" /><testcase classname="backend.tests.test_host_experience.TestTeamsLobbyBypassSettings" name="test_teams_appointment_has_no_host_url" time="0.047" /><testcase classname="backend.tests.test_host_experience.TestTeamsLobbyBypassSettings" name="test_old_teams_appointment_no_lobby_settings" time="0.049" /><testcase classname="backend.tests.test_host_experience.TestMeetCreatorEmail" name="test_meet_appointment_has_creator_email" time="0.047" /><testcase classname="backend.tests.test_host_experience.TestMeetCreatorEmail" name="test_meet_appointment_has_creator_name" time="0.056" /><testcase classname="backend.tests.test_host_experience.TestMeetCreatorEmail" name="test_meet_appointment_has_valid_join_url" time="0.048" /><testcase classname="backend.tests.test_host_experience.TestMeetCreatorEmail" name="test_meet_appointment_has_no_host_url" time="0.045" /><testcase classname="backend.tests.test_host_experience.TestMeetingProviderMetadataAPI" name="test_teams_returns_full_metadata" time="0.051" /><testcase classname="backend.tests.test_host_experience.TestMeetingProviderMetadataAPI" name="test_meet_returns_full_metadata" time="0.049" /><testcase classname="backend.tests.test_host_experience.TestBackendCodeReview" name="test_teams_client_has_lobby_bypass_in_payload" time="0.000" /><testcase classname="backend.tests.test_host_experience.TestBackendCodeReview" name="test_teams_client_has_allowed_presenters_in_payload" time="0.000" /><testcase classname="backend.tests.test_host_experience.TestBackendCodeReview" name="test_teams_metadata_includes_lobby_settings" time="0.000" /><testcase classname="backend.tests.test_host_experience.TestBackendCodeReview" name="test_meet_enrichment_has_creator_email" time="0.000" /><testcase classname="backend.tests.test_host_experience.TestBackendCodeReview" name="test_meet_enrichment_has_creator_name" time="0.001" /></testsuite></testsuites>