<?xml version="1.0" encoding="utf-8"?><testsuites name="pytest tests"><testsuite name="pytest" errors="0" failures="0" skipped="0" tests="13" time="1.838" timestamp="2026-03-23T16:57:58.843931+00:00" hostname="agent-env-532a31cc-9c3a-476f-a1d9-27da897654f0"><testcase classname="backend.tests.test_wallet_api.TestWalletAPI" name="test_health_check" time="0.184" /><testcase classname="backend.tests.test_wallet_api.TestWalletAPI" name="test_wallet_returns_401_without_auth" time="0.069" /><testcase classname="backend.tests.test_wallet_api.TestWalletAPI" name="test_wallet_transactions_returns_401_without_auth" time="0.079" /><testcase classname="backend.tests.test_wallet_api.TestWalletAPI" name="test_wallet_returns_correct_fields" time="0.478" /><testcase classname="backend.tests.test_wallet_api.TestWalletAPI" name="test_wallet_minimum_payout_is_500" time="0.063" /><testcase classname="backend.tests.test_wallet_api.TestWalletAPI" name="test_wallet_total_balance_calculation" time="0.066" /><testcase classname="backend.tests.test_wallet_api.TestWalletAPI" name="test_wallet_can_payout_false_when_balance_zero" time="0.063" /><testcase classname="backend.tests.test_wallet_api.TestWalletAPI" name="test_wallet_idempotent_same_wallet_id" time="0.195" /><testcase classname="backend.tests.test_wallet_api.TestWalletAPI" name="test_wallet_currency_is_eur" time="0.070" /><testcase classname="backend.tests.test_wallet_api.TestWalletAPI" name="test_wallet_transactions_returns_correct_structure" time="0.064" /><testcase classname="backend.tests.test_wallet_api.TestWalletAPI" name="test_wallet_transactions_pagination_params" time="0.070" /><testcase classname="backend.tests.test_wallet_api.TestWalletAPI" name="test_wallet_transactions_limit_capped_at_100" time="0.070" /><testcase classname="backend.tests.test_wallet_api.TestWalletAPI" name="test_login_returns_access_token" time="0.295" /></testsuite></testsuites>