<?xml version="1.0" encoding="utf-8"?><testsuites name="pytest tests"><testsuite name="pytest" errors="0" failures="0" skipped="0" tests="19" time="3.780" timestamp="2026-03-29T04:24:01.897431+00:00" hostname="agent-env-2b9e73b7-1ca6-44eb-b5ce-1f2cc8594cf9"><testcase classname="tests.test_p0_idempotency_fix_iter126.TestHealthAndAuth" name="test_health_endpoint" time="0.262" /><testcase classname="tests.test_p0_idempotency_fix_iter126.TestHealthAndAuth" name="test_auth_user1" time="0.295" /><testcase classname="tests.test_p0_idempotency_fix_iter126.TestHealthAndAuth" name="test_auth_user2" time="0.274" /><testcase classname="tests.test_p0_idempotency_fix_iter126.TestHealthAndAuth" name="test_auth_user3" time="0.277" /><testcase classname="tests.test_p0_idempotency_fix_iter126.TestPresencesAPI" name="test_get_pending_sheets_user1" time="0.059" /><testcase classname="tests.test_p0_idempotency_fix_iter126.TestPresencesAPI" name="test_get_pending_sheets_user2" time="0.055" /><testcase classname="tests.test_p0_idempotency_fix_iter126.TestPresencesAPI" name="test_get_pending_sheets_user3" time="0.050" /><testcase classname="tests.test_p0_idempotency_fix_iter126.TestPresencesAPI" name="test_get_sheet_for_nonexistent_appointment" time="0.049" /><testcase classname="tests.test_p0_idempotency_fix_iter126.TestPresencesAPI" name="test_get_sheet_status_for_nonexistent_appointment" time="0.051" /><testcase classname="tests.test_p0_idempotency_fix_iter126.TestPresencesAPI" name="test_submit_sheet_invalid_appointment" time="0.046" /><testcase classname="tests.test_p0_idempotency_fix_iter126.TestDisputesAPI" name="test_get_disputes_user1" time="0.057" /><testcase classname="tests.test_p0_idempotency_fix_iter126.TestDisputesAPI" name="test_get_disputes_user2" time="0.054" /><testcase classname="tests.test_p0_idempotency_fix_iter126.TestDisputesAPI" name="test_submit_position_invalid_dispute" time="0.048" /><testcase classname="tests.test_p0_idempotency_fix_iter126.TestIdempotencyGuardUnit" name="test_idempotency_guard_tests_pass" time="0.650" /><testcase classname="tests.test_p0_idempotency_fix_iter126.TestIdempotencyGuardUnit" name="test_presences_flow_tests_pass" time="0.650" /><testcase classname="tests.test_p0_idempotency_fix_iter126.TestIdempotencyGuardUnit" name="test_strong_proof_lockdown_tests_pass" time="0.653" /><testcase classname="tests.test_p0_idempotency_fix_iter126.TestAttendanceAPI" name="test_get_attendance_records" time="0.052" /><testcase classname="tests.test_p0_idempotency_fix_iter126.TestAppointmentsAPI" name="test_get_appointments_user1" time="0.064" /><testcase classname="tests.test_p0_idempotency_fix_iter126.TestAppointmentsAPI" name="test_get_appointments_user2" time="0.060" /></testsuite></testsuites>