<?xml version="1.0" encoding="utf-8"?><testsuites name="pytest tests"><testsuite name="pytest" errors="0" failures="0" skipped="0" tests="21" time="4.910" timestamp="2026-03-29T18:48:51.970281+00:00" hostname="agent-env-90b66b89-6b02-40be-8ee4-6ae3921fb55f"><testcase classname="tests.test_modification_email_dedup_iter146.TestLegacyFunctionsRemoved" name="test_send_proposal_emails_not_in_routes" time="0.338" /><testcase classname="tests.test_modification_email_dedup_iter146.TestLegacyFunctionsRemoved" name="test_send_acceptance_emails_not_in_routes" time="0.000" /><testcase classname="tests.test_modification_email_dedup_iter146.TestLegacyFunctionsRemoved" name="test_routes_file_no_email_calls" time="0.000" /><testcase classname="tests.test_modification_email_dedup_iter146.TestServiceEmailFunctions" name="test_notify_modification_proposed_exists" time="0.000" /><testcase classname="tests.test_modification_email_dedup_iter146.TestServiceEmailFunctions" name="test_notify_modification_applied_exists" time="0.000" /><testcase classname="tests.test_modification_email_dedup_iter146.TestServiceEmailFunctions" name="test_send_modification_emails_exists" time="0.000" /><testcase classname="tests.test_modification_email_dedup_iter146.TestNotificationAPI" name="test_notification_counts_structure" time="0.532" /><testcase classname="tests.test_modification_email_dedup_iter146.TestNotificationAPI" name="test_unread_ids_modification_type" time="0.103" /><testcase classname="tests.test_modification_email_dedup_iter146.TestNotificationAPI" name="test_unread_ids_decision_type" time="0.105" /><testcase classname="tests.test_modification_email_dedup_iter146.TestNotificationAPI" name="test_unread_ids_dispute_update_type" time="0.120" /><testcase classname="tests.test_modification_email_dedup_iter146.TestNotificationAPI" name="test_invalid_event_type_returns_400" time="0.109" /><testcase classname="tests.test_modification_email_dedup_iter146.TestSchedulerJobs" name="test_scheduler_jobs_registered_in_code" time="0.000" /><testcase classname="tests.test_modification_email_dedup_iter146.TestEmailTypeVerification" name="test_check_active_proposal_before_test" time="0.100" /><testcase classname="tests.test_modification_email_dedup_iter146.TestEmailTypeVerification" name="test_appointment_exists" time="0.101" /><testcase classname="tests.test_modification_email_dedup_iter146.TestEmailTypeVerification" name="test_get_my_modifications" time="0.121" /><testcase classname="tests.test_modification_email_dedup_iter146.TestEmailTypeVerification" name="test_participant_notification_counts" time="0.446" /><testcase classname="tests.test_modification_email_dedup_iter146.TestProposalEmailDeduplication" name="test_create_proposal_email_count" time="2.560" /><testcase classname="tests.test_modification_email_dedup_iter146.TestRespondAcceptEmail" name="test_respond_endpoint_exists" time="0.100" /><testcase classname="tests.test_modification_email_dedup_iter146.TestRespondAcceptEmail" name="test_respond_invalid_action" time="0.102" /><testcase classname="tests.test_modification_email_dedup_iter146.TestIdempotence" name="test_notification_service_idempotent" time="0.003" /><testcase classname="tests.test_modification_email_dedup_iter146.TestIdempotence" name="test_email_sent_guard_exists" time="0.000" /></testsuite></testsuites>