<?xml version="1.0" encoding="utf-8"?><testsuites name="pytest tests"><testsuite name="pytest" errors="0" failures="0" skipped="0" tests="12" time="2.653" timestamp="2026-03-29T17:42:06.152032+00:00" hostname="agent-env-90b66b89-6b02-40be-8ee4-6ae3921fb55f"><testcase classname="backend.tests.test_unified_actions_iter142.TestTimelineAPI" name="test_timeline_requires_auth" time="0.259" /><testcase classname="backend.tests.test_unified_actions_iter142.TestTimelineAPI" name="test_timeline_returns_three_buckets_admin" time="0.621" /><testcase classname="backend.tests.test_unified_actions_iter142.TestTimelineAPI" name="test_timeline_returns_three_buckets_participant" time="0.522" /><testcase classname="backend.tests.test_unified_actions_iter142.TestTimelineAPI" name="test_timeline_item_structure" time="0.214" /><testcase classname="backend.tests.test_unified_actions_iter142.TestModificationsAPI" name="test_modifications_requires_auth" time="0.102" /><testcase classname="backend.tests.test_unified_actions_iter142.TestModificationsAPI" name="test_modifications_returns_proposals_admin" time="0.103" /><testcase classname="backend.tests.test_unified_actions_iter142.TestModificationsAPI" name="test_modifications_returns_proposals_participant" time="0.138" /><testcase classname="backend.tests.test_unified_actions_iter142.TestModificationsAPI" name="test_modifications_have_is_action_required_field" time="0.123" /><testcase classname="backend.tests.test_unified_actions_iter142.TestNavbarLinks" name="test_disputes_mine_endpoint" time="0.117" /><testcase classname="backend.tests.test_unified_actions_iter142.TestNavbarLinks" name="test_attendance_pending_endpoint" time="0.118" /><testcase classname="backend.tests.test_unified_actions_iter142.TestNavbarLinks" name="test_admin_arbitration_endpoint" time="0.131" /><testcase classname="backend.tests.test_unified_actions_iter142.TestNavbarLinks" name="test_admin_arbitration_forbidden_for_participant" time="0.130" /></testsuite></testsuites>