<?xml version="1.0" encoding="utf-8"?><testsuites name="pytest tests"><testsuite name="pytest" errors="0" failures="0" skipped="0" tests="23" time="3.395" timestamp="2026-03-21T22:27:37.153579+00:00" hostname="agent-env-3ce1a9be-874a-4e2d-9af6-7cf5c2ebe21a"><testcase classname="backend.tests.test_checkin_evidence.TestCheckinStatus" name="test_get_checkin_status_success" time="0.262" /><testcase classname="backend.tests.test_checkin_evidence.TestCheckinStatus" name="test_get_checkin_status_invalid_token" time="0.129" /><testcase classname="backend.tests.test_checkin_evidence.TestCheckinStatus" name="test_get_checkin_status_wrong_appointment" time="0.111" /><testcase classname="backend.tests.test_checkin_evidence.TestManualCheckin" name="test_manual_checkin_duplicate_returns_409" time="0.107" /><testcase classname="backend.tests.test_checkin_evidence.TestManualCheckin" name="test_manual_checkin_invalid_token" time="0.102" /><testcase classname="backend.tests.test_checkin_evidence.TestQRCodeGeneration" name="test_generate_qr_code_success" time="0.156" /><testcase classname="backend.tests.test_checkin_evidence.TestQRCodeGeneration" name="test_generate_qr_code_invalid_token" time="0.103" /><testcase classname="backend.tests.test_checkin_evidence.TestQRCodeGeneration" name="test_generate_qr_code_wrong_appointment" time="0.114" /><testcase classname="backend.tests.test_checkin_evidence.TestQRVerification" name="test_qr_verify_duplicate_returns_409" time="0.226" /><testcase classname="backend.tests.test_checkin_evidence.TestQRVerification" name="test_qr_verify_invalid_format" time="0.102" /><testcase classname="backend.tests.test_checkin_evidence.TestQRVerification" name="test_qr_verify_invalid_signature" time="0.111" /><testcase classname="backend.tests.test_checkin_evidence.TestGPSCheckin" name="test_gps_checkin_duplicate_returns_409" time="0.123" /><testcase classname="backend.tests.test_checkin_evidence.TestGPSCheckin" name="test_gps_checkin_invalid_token" time="0.125" /><testcase classname="backend.tests.test_checkin_evidence.TestEvidenceEndpoint" name="test_get_evidence_success" time="0.495" /><testcase classname="backend.tests.test_checkin_evidence.TestEvidenceEndpoint" name="test_get_evidence_requires_auth" time="0.129" /><testcase classname="backend.tests.test_checkin_evidence.TestEvidenceEndpoint" name="test_get_evidence_not_found" time="0.118" /><testcase classname="backend.tests.test_checkin_evidence.TestEvidenceAggregation" name="test_aggregation_strong_evidence" time="0.111" /><testcase classname="backend.tests.test_checkin_evidence.TestReevaluateAttendance" name="test_reevaluate_success" time="0.116" /><testcase classname="backend.tests.test_checkin_evidence.TestReevaluateAttendance" name="test_reevaluate_requires_auth" time="0.111" /><testcase classname="backend.tests.test_checkin_evidence.TestReevaluateAttendance" name="test_reevaluate_not_found" time="0.109" /><testcase classname="backend.tests.test_checkin_evidence.TestDecisionEngine" name="test_strong_evidence_auto_classifies" time="0.113" /><testcase classname="backend.tests.test_checkin_evidence.TestQRTokenFormat" name="test_qr_token_format" time="0.112" /><testcase classname="backend.tests.test_checkin_evidence.TestQRTokenFormat" name="test_qr_rotation_seconds" time="0.108" /></testsuite></testsuites>