<?xml version="1.0" encoding="utf-8"?><testsuites name="pytest tests"><testsuite name="pytest" errors="0" failures="4" skipped="0" tests="15" time="1.722" timestamp="2026-03-29T13:39:33.479696+00:00" hostname="agent-env-90b66b89-6b02-40be-8ee4-6ae3921fb55f"><testcase classname="backend.tests.test_modification_modes_iter132.TestModificationModes" name="test_01_health_check" time="0.224" /><testcase classname="backend.tests.test_modification_modes_iter132.TestModificationModes" name="test_02_login_success" time="0.381" /><testcase classname="backend.tests.test_modification_modes_iter132.TestModificationModes" name="test_03_appointment_0_accepted_exists" time="0.134" /><testcase classname="backend.tests.test_modification_modes_iter132.TestModificationModes" name="test_04_appointment_0_accepted_participants" time="0.074"><failure message="AssertionError: Failed to get participants: {&quot;detail&quot;:&quot;Not Found&quot;}&#10;assert 404 == 200&#10; +  where 404 = &lt;Response [404]&gt;.status_code">backend/tests/test_modification_modes_iter132.py:75: in test_04_appointment_0_accepted_participants
    assert response.status_code == 200, f"Failed to get participants: {response.text}"
E   AssertionError: Failed to get participants: {"detail":"Not Found"}
E   assert 404 == 200
E    +  where 404 = &lt;Response [404]&gt;.status_code</failure></testcase><testcase classname="backend.tests.test_modification_modes_iter132.TestModificationModes" name="test_05_appointment_1_accepted_exists" time="0.046" /><testcase classname="backend.tests.test_modification_modes_iter132.TestModificationModes" name="test_06_appointment_1_accepted_participants" time="0.043"><failure message="AssertionError: Failed to get participants: {&quot;detail&quot;:&quot;Not Found&quot;}&#10;assert 404 == 200&#10; +  where 404 = &lt;Response [404]&gt;.status_code">backend/tests/test_modification_modes_iter132.py:99: in test_06_appointment_1_accepted_participants
    assert response.status_code == 200, f"Failed to get participants: {response.text}"
E   AssertionError: Failed to get participants: {"detail":"Not Found"}
E   assert 404 == 200
E    +  where 404 = &lt;Response [404]&gt;.status_code</failure></testcase><testcase classname="backend.tests.test_modification_modes_iter132.TestModificationModes" name="test_07_cancel_pending_proposal_if_exists" time="0.049" /><testcase classname="backend.tests.test_modification_modes_iter132.TestModificationModes" name="test_08_direct_modification_mode" time="0.052" /><testcase classname="backend.tests.test_modification_modes_iter132.TestModificationModes" name="test_09_direct_modification_stored_in_history" time="0.043" /><testcase classname="backend.tests.test_modification_modes_iter132.TestModificationModes" name="test_10_direct_modification_updates_appointment" time="0.047" /><testcase classname="backend.tests.test_modification_modes_iter132.TestModificationModes" name="test_11_proposal_mode" time="0.266" /><testcase classname="backend.tests.test_modification_modes_iter132.TestModificationModes" name="test_12_proposal_has_responses" time="0.041" /><testcase classname="backend.tests.test_modification_modes_iter132.TestModificationModes" name="test_13_cleanup_pending_proposal" time="0.129" /><testcase classname="backend.tests.test_modification_modes_iter132.TestModificationServiceLogic" name="test_14_verify_accepted_statuses_logic" time="0.040"><failure message="assert 404 == 200&#10; +  where 404 = &lt;Response [404]&gt;.status_code">backend/tests/test_modification_modes_iter132.py:274: in test_14_verify_accepted_statuses_logic
    assert response.status_code == 200
E   assert 404 == 200
E    +  where 404 = &lt;Response [404]&gt;.status_code</failure></testcase><testcase classname="backend.tests.test_modification_modes_iter132.TestModificationServiceLogic" name="test_15_organizer_excluded_from_vote_count" time="0.052"><failure message="assert 404 == 200&#10; +  where 404 = &lt;Response [404]&gt;.status_code">backend/tests/test_modification_modes_iter132.py:291: in test_15_organizer_excluded_from_vote_count
    assert response.status_code == 200
E   assert 404 == 200
E    +  where 404 = &lt;Response [404]&gt;.status_code</failure></testcase></testsuite></testsuites>