<?xml version="1.0" encoding="utf-8"?><testsuites name="pytest tests"><testsuite name="pytest" errors="0" failures="0" skipped="0" tests="13" time="4.265" timestamp="2026-03-23T15:57:59.511532+00:00" hostname="agent-env-532a31cc-9c3a-476f-a1d9-27da897654f0"><testcase classname="backend.tests.test_consolidation_regression.TestHealthAndBasicEndpoints" name="test_health_check" time="0.185" /><testcase classname="backend.tests.test_consolidation_regression.TestAuthentication" name="test_login_success" time="0.357" /><testcase classname="backend.tests.test_consolidation_regression.TestAuthentication" name="test_login_invalid_credentials" time="0.130" /><testcase classname="backend.tests.test_consolidation_regression.TestAppointmentsAPI" name="test_get_appointments_list" time="0.604" /><testcase classname="backend.tests.test_consolidation_regression.TestAppointmentsAPI" name="test_get_appointment_detail" time="0.650" /><testcase classname="backend.tests.test_consolidation_regression.TestCheckinAPI" name="test_manual_checkin_invalid_token" time="0.119" /><testcase classname="backend.tests.test_consolidation_regression.TestInvitationsAPI" name="test_get_invitation_by_token" time="0.179" /><testcase classname="backend.tests.test_consolidation_regression.TestDebugEndpointsProtection" name="test_debug_email_attempts_requires_auth" time="0.106" /><testcase classname="backend.tests.test_consolidation_regression.TestDebugEndpointsProtection" name="test_debug_users_requires_auth" time="0.112" /><testcase classname="backend.tests.test_consolidation_regression.TestDebugEndpointsProtection" name="test_debug_headers_no_auth_required" time="0.109" /><testcase classname="backend.tests.test_consolidation_regression.TestDebugEndpointsProtection" name="test_debug_endpoint_with_auth" time="0.469" /><testcase classname="backend.tests.test_consolidation_regression.TestDatabaseConnection" name="test_workspaces_endpoint" time="0.590" /><testcase classname="backend.tests.test_consolidation_regression.TestDatabaseConnection" name="test_participants_endpoint" time="0.592" /></testsuite></testsuites>