<?xml version="1.0" encoding="utf-8"?><testsuites name="pytest tests"><testsuite name="pytest" errors="0" failures="0" skipped="0" tests="13" time="3.626" timestamp="2026-03-22T10:35:45.068849+00:00" hostname="agent-env-c30a2bf7-08fe-4bb9-902f-6136c0efe5a6"><testcase classname="backend.tests.test_video_meeting_api.TestProviderStatus" name="test_provider_status_returns_configured_status" time="0.431" /><testcase classname="backend.tests.test_video_meeting_api.TestCreateMeeting" name="test_create_meeting_zoom_returns_config_error" time="0.110" /><testcase classname="backend.tests.test_video_meeting_api.TestCreateMeeting" name="test_create_meeting_teams_returns_config_error" time="0.100" /><testcase classname="backend.tests.test_video_meeting_api.TestCreateMeeting" name="test_create_meeting_already_exists_returns_already_exists" time="0.207" /><testcase classname="backend.tests.test_video_meeting_api.TestFetchAttendance" name="test_fetch_attendance_meet_returns_no_api_error" time="0.099" /><testcase classname="backend.tests.test_video_meeting_api.TestFetchAttendance" name="test_fetch_attendance_zoom_returns_config_error" time="0.104" /><testcase classname="backend.tests.test_video_meeting_api.TestFileIngestion" name="test_ingest_csv_file_parses_participants" time="0.124" /><testcase classname="backend.tests.test_video_meeting_api.TestFileIngestion" name="test_ingest_json_file_works" time="0.105" /><testcase classname="backend.tests.test_video_meeting_api.TestManualJsonIngestion" name="test_manual_json_ingestion_still_works" time="0.105" /><testcase classname="backend.tests.test_video_meeting_api.TestAppointmentCreationWithMeeting" name="test_video_appointment_with_meet_returns_meeting_info" time="1.738" /><testcase classname="backend.tests.test_video_meeting_api.TestAppointmentCreationWithMeeting" name="test_get_video_appointment_shows_meeting_info" time="0.123" /><testcase classname="backend.tests.test_video_meeting_api.TestAttendanceEvaluationRegression" name="test_zoom_video_evidence_evaluates_correctly" time="0.110" /><testcase classname="backend.tests.test_video_meeting_api.TestAttendanceEvaluationRegression" name="test_meet_evidence_stays_manual_review" time="0.216" /></testsuite></testsuites>