<?xml version="1.0" encoding="utf-8"?><testsuites name="pytest tests"><testsuite name="pytest" errors="0" failures="0" skipped="0" tests="13" time="5.306" timestamp="2026-03-26T19:27:12.665971+00:00" hostname="agent-env-a41dd07c-1ad8-43b3-9c5b-dc6247c7eb08"><testcase classname="tests.test_phase3_adopted_sync_log.TestPhase3BackendRegression" name="test_health_endpoint" time="0.203" /><testcase classname="tests.test_phase3_adopted_sync_log.TestPhase3BackendRegression" name="test_auth_login_works" time="0.415" /><testcase classname="tests.test_phase3_adopted_sync_log.TestPhase3BackendRegression" name="test_external_events_import_settings" time="0.489" /><testcase classname="tests.test_phase3_adopted_sync_log.TestPhase3BackendRegression" name="test_external_events_sync" time="0.105" /><testcase classname="tests.test_phase3_adopted_sync_log.TestPhase3BackendRegression" name="test_external_events_list" time="0.105" /><testcase classname="tests.test_phase3_adopted_sync_log.TestPhase3BackendRegression" name="test_external_events_prefill_404_for_nonexistent" time="0.170" /><testcase classname="tests.test_phase3_adopted_sync_log.TestPhase3BackendRegression" name="test_external_events_prefill_requires_auth" time="0.116" /><testcase classname="tests.test_phase3_adopted_sync_log.TestPhase3BackendRegression" name="test_appointments_list" time="0.150" /><testcase classname="tests.test_phase3_adopted_sync_log.TestPhase3BackendRegression" name="test_workspaces_list" time="0.114" /><testcase classname="tests.test_phase3_adopted_sync_log.TestPhase3BackendRegression" name="test_calendar_connections" time="0.103" /><testcase classname="tests.test_phase3_adopted_sync_log.TestPhase3AppointmentCreation" name="test_appointment_creation_without_external_event" time="1.717" /><testcase classname="tests.test_phase3_adopted_sync_log.TestPhase3AppointmentCreation" name="test_appointment_creation_with_nonexistent_external_event" time="1.045" /><testcase classname="tests.test_phase3_adopted_sync_log.TestPhase3CalendarRoutes" name="test_auto_sync_settings" time="0.509" /></testsuite></testsuites>