<?xml version="1.0" encoding="utf-8"?><testsuites name="pytest tests"><testsuite name="pytest" errors="0" failures="0" skipped="0" tests="14" time="0.822" timestamp="2026-03-27T01:57:24.033104+00:00" hostname="agent-env-ab65a6fa-fc0d-4305-b5a2-e4f205495028"><testcase classname="backend.tests.test_action_required_fix.TestActionRequiredFix" name="test_timeline_endpoint_returns_200" time="0.571" /><testcase classname="backend.tests.test_action_required_fix.TestActionRequiredFix" name="test_timeline_has_three_buckets" time="0.179" /><testcase classname="backend.tests.test_action_required_fix.TestActionRequiredFix" name="test_action_required_contains_only_participant_items" time="0.000" /><testcase classname="backend.tests.test_action_required_fix.TestActionRequiredFix" name="test_no_organizer_items_in_action_required" time="0.000" /><testcase classname="backend.tests.test_action_required_fix.TestActionRequiredFix" name="test_organizer_items_with_pending_in_upcoming" time="0.000" /><testcase classname="backend.tests.test_action_required_fix.TestActionRequiredFix" name="test_organizer_items_have_pending_label" time="0.000" /><testcase classname="backend.tests.test_action_required_fix.TestActionRequiredFix" name="test_organizer_items_have_remind_action" time="0.000" /><testcase classname="backend.tests.test_action_required_fix.TestNewTimelineFields" name="test_timeline_items_have_location_display_name" time="0.000" /><testcase classname="backend.tests.test_action_required_fix.TestNewTimelineFields" name="test_timeline_items_have_tolerated_delay_minutes" time="0.000" /><testcase classname="backend.tests.test_action_required_fix.TestNewTimelineFields" name="test_timeline_items_have_cancellation_deadline_hours" time="0.000" /><testcase classname="backend.tests.test_action_required_fix.TestDashboardCounts" name="test_counts_match_bucket_lengths" time="0.000" /><testcase classname="backend.tests.test_action_required_fix.TestDashboardCounts" name="test_action_required_count_is_participant_invitations_only" time="0.000" /><testcase classname="backend.tests.test_action_required_fix.TestTimelineItemStructure" name="test_participant_items_have_required_fields" time="0.000" /><testcase classname="backend.tests.test_action_required_fix.TestTimelineItemStructure" name="test_organizer_items_have_required_fields" time="0.000" /></testsuite></testsuites>