<?xml version="1.0" encoding="utf-8"?><testsuites name="pytest tests"><testsuite name="pytest" errors="0" failures="0" skipped="0" tests="28" time="6.721" timestamp="2026-03-29T21:08:47.105951+00:00" hostname="agent-env-90b66b89-6b02-40be-8ee4-6ae3921fb55f"><testcase classname="backend.tests.test_charity_payouts_iter151.TestCharityPayoutsAuth" name="test_payouts_dashboard_requires_auth" time="0.123" /><testcase classname="backend.tests.test_charity_payouts_iter151.TestCharityPayoutsAuth" name="test_payouts_list_requires_auth" time="0.097" /><testcase classname="backend.tests.test_charity_payouts_iter151.TestCharityPayoutsAuth" name="test_create_payout_requires_auth" time="0.106" /><testcase classname="backend.tests.test_charity_payouts_iter151.TestCharityPayoutsAuth" name="test_payouts_dashboard_requires_admin" time="0.508" /><testcase classname="backend.tests.test_charity_payouts_iter151.TestCharityPayoutsAuth" name="test_payouts_list_requires_admin" time="0.118" /><testcase classname="backend.tests.test_charity_payouts_iter151.TestCharityPayoutsAuth" name="test_create_payout_requires_admin" time="0.107" /><testcase classname="backend.tests.test_charity_payouts_iter151.TestPayoutsDashboard" name="test_dashboard_returns_associations" time="0.447" /><testcase classname="backend.tests.test_charity_payouts_iter151.TestPayoutsDashboard" name="test_dashboard_association_fields" time="0.108" /><testcase classname="backend.tests.test_charity_payouts_iter151.TestPayoutsDashboard" name="test_dashboard_croix_rouge_has_wallet" time="0.107" /><testcase classname="backend.tests.test_charity_payouts_iter151.TestPayoutsList" name="test_list_payouts_returns_array" time="0.447" /><testcase classname="backend.tests.test_charity_payouts_iter151.TestPayoutsList" name="test_list_payouts_with_limit" time="0.147" /><testcase classname="backend.tests.test_charity_payouts_iter151.TestPayoutsList" name="test_list_payouts_filter_by_association" time="0.108" /><testcase classname="backend.tests.test_charity_payouts_iter151.TestPayoutsList" name="test_payout_has_admin_name" time="0.102" /><testcase classname="backend.tests.test_charity_payouts_iter151.TestCreatePayout" name="test_create_payout_rejects_no_iban" time="0.575" /><testcase classname="backend.tests.test_charity_payouts_iter151.TestCreatePayout" name="test_create_payout_rejects_amount_zero" time="0.120" /><testcase classname="backend.tests.test_charity_payouts_iter151.TestCreatePayout" name="test_create_payout_rejects_negative_amount" time="0.104" /><testcase classname="backend.tests.test_charity_payouts_iter151.TestCreatePayout" name="test_create_payout_rejects_exceeds_balance" time="0.234" /><testcase classname="backend.tests.test_charity_payouts_iter151.TestCreatePayout" name="test_create_payout_rejects_nonexistent_association" time="0.122" /><testcase classname="backend.tests.test_charity_payouts_iter151.TestCreatePayout" name="test_create_payout_rejects_invalid_date" time="0.120" /><testcase classname="backend.tests.test_charity_payouts_iter151.TestCreatePayout" name="test_create_payout_success_and_wallet_debit" time="0.337" /><testcase classname="backend.tests.test_charity_payouts_iter151.TestPayoutSnapshots" name="test_payout_has_snapshots" time="0.441" /><testcase classname="backend.tests.test_charity_payouts_iter151.TestIBANValidation" name="test_iban_validation_rejects_too_short" time="0.445" /><testcase classname="backend.tests.test_charity_payouts_iter151.TestIBANValidation" name="test_iban_validation_rejects_no_country_code" time="0.133" /><testcase classname="backend.tests.test_charity_payouts_iter151.TestIBANValidation" name="test_iban_validation_rejects_no_check_digits" time="0.112" /><testcase classname="backend.tests.test_charity_payouts_iter151.TestIBANValidation" name="test_iban_validation_accepts_valid_iban" time="0.114" /><testcase classname="backend.tests.test_charity_payouts_iter151.TestIBANValidation" name="test_iban_validation_normalizes_spaces" time="0.109" /><testcase classname="backend.tests.test_charity_payouts_iter151.TestWalletLedger" name="test_payout_creates_ledger_transaction" time="0.553" /><testcase classname="backend.tests.test_charity_payouts_iter151.TestInactiveAssociation" name="test_payout_rejects_inactive_association" time="0.571" /></testsuite></testsuites>