<?xml version="1.0" encoding="utf-8"?><testsuites name="pytest tests"><testsuite name="pytest" errors="0" failures="0" skipped="0" tests="11" time="1.311" timestamp="2026-03-23T13:14:15.219757+00:00" hostname="agent-env-a01697a9-a355-4d70-bc2f-6782d635a839"><testcase classname="backend.tests.test_ics_content.TestHealthEndpoint" name="test_health_returns_200" time="0.279" /><testcase classname="backend.tests.test_ics_content.TestICSWithToken" name="test_ics_with_token_includes_invitation_link" time="0.112" /><testcase classname="backend.tests.test_ics_content.TestICSWithToken" name="test_ics_with_token_no_direct_visio_links" time="0.123" /><testcase classname="backend.tests.test_ics_content.TestICSWithoutToken" name="test_ics_without_token_no_invitation_link" time="0.178" /><testcase classname="backend.tests.test_ics_content.TestICSWithoutToken" name="test_ics_without_token_still_has_basic_info" time="0.127" /><testcase classname="backend.tests.test_ics_content.TestICSCancelledAppointment" name="test_cancelled_appointment_ics_shows_annule" time="0.116" /><testcase classname="backend.tests.test_ics_content.TestICSCancelledAppointment" name="test_cancelled_appointment_ics_no_links" time="0.110" /><testcase classname="backend.tests.test_ics_content.TestEmailICSLink" name="test_email_ics_link_includes_token" time="0.000" /><testcase classname="backend.tests.test_ics_content.TestFrontendICSLinks" name="test_frontend_ics_links_include_token" time="0.000" /><testcase classname="backend.tests.test_ics_content.TestICSContentFormat" name="test_ics_location_shows_visio_label" time="0.097" /><testcase classname="backend.tests.test_ics_content.TestICSContentFormat" name="test_ics_uses_escaped_newlines" time="0.110" /></testsuite></testsuites>