<?xml version="1.0" encoding="utf-8"?><testsuites name="pytest tests"><testsuite name="pytest" errors="0" failures="0" skipped="0" tests="9" time="3.066" timestamp="2026-03-31T12:36:08.532609+00:00" hostname="agent-env-90b66b89-6b02-40be-8ee4-6ae3921fb55f"><testcase classname="backend.tests.test_cancelled_participant_fix_iter163.TestCancelledParticipantFix" name="test_timeline_counters_exclude_cancelled" time="0.587" /><testcase classname="backend.tests.test_cancelled_participant_fix_iter163.TestCancelledParticipantFix" name="test_organizer_sees_cancellation_label" time="0.201" /><testcase classname="backend.tests.test_cancelled_participant_fix_iter163.TestCancelledParticipantFix" name="test_participant_sees_cancellation_label" time="0.962" /><testcase classname="backend.tests.test_cancelled_participant_fix_iter163.TestCancelledParticipantFix" name="test_cancelled_participants_in_past_bucket" time="0.287" /><testcase classname="backend.tests.test_cancelled_participant_fix_iter163.TestCancelledParticipantFix" name="test_no_action_buttons_for_cancelled" time="0.334" /><testcase classname="backend.tests.test_cancelled_participant_fix_iter163.TestCancelledParticipantFix" name="test_api_health" time="0.105" /><testcase classname="backend.tests.test_cancelled_participant_fix_iter163.TestCancelledParticipantFix" name="test_timeline_structure" time="0.206" /><testcase classname="backend.tests.test_cancelled_participant_fix_iter163.TestCancelledParticipantFix" name="test_guarantee_released_is_terminal" time="0.210" /><testcase classname="backend.tests.test_cancelled_participant_fix_iter163.TestInvitationAPI" name="test_invitation_api_health" time="0.116" /></testsuite></testsuites>