<?xml version="1.0" encoding="utf-8"?><testsuites name="pytest tests"><testsuite name="pytest" errors="0" failures="0" skipped="0" tests="6" time="9.593" timestamp="2026-03-23T12:53:27.083581+00:00" hostname="agent-env-a01697a9-a355-4d70-bc2f-6782d635a839"><testcase classname="backend.tests.test_evidence_dashboard_visibility.TestEvidenceDashboardVisibility" name="test_health_endpoint" time="0.562" /><testcase classname="backend.tests.test_evidence_dashboard_visibility.TestEvidenceDashboardVisibility" name="test_video_appointment_returns_correct_type" time="6.577" /><testcase classname="backend.tests.test_evidence_dashboard_visibility.TestEvidenceDashboardVisibility" name="test_physical_appointment_returns_correct_type" time="0.466" /><testcase classname="backend.tests.test_evidence_dashboard_visibility.TestEvidenceDashboardVisibility" name="test_appointments_list_includes_type" time="0.474" /><testcase classname="backend.tests.test_evidence_dashboard_visibility.TestEvidenceDashboardVisibility" name="test_evidence_endpoint_for_physical" time="0.479" /><testcase classname="backend.tests.test_evidence_dashboard_visibility.TestEvidenceDashboardVisibility" name="test_evidence_endpoint_for_video" time="0.982" /></testsuite></testsuites>