<?xml version="1.0" encoding="utf-8"?><testsuites name="pytest tests"><testsuite name="pytest" errors="0" failures="0" skipped="0" tests="14" time="1.718" timestamp="2026-03-23T18:26:22.287030+00:00" hostname="agent-env-c512fbfd-57ea-414c-9cb7-61faee396feb"><testcase classname="backend.tests.test_public_impact.TestPublicImpactAPI" name="test_impact_endpoint_is_public_no_auth_required" time="0.141" /><testcase classname="backend.tests.test_public_impact.TestPublicImpactAPI" name="test_impact_returns_total_captured_cents" time="0.113" /><testcase classname="backend.tests.test_public_impact.TestPublicImpactAPI" name="test_impact_returns_total_distributed_cents" time="0.111" /><testcase classname="backend.tests.test_public_impact.TestPublicImpactAPI" name="test_impact_returns_total_charity_cents" time="0.138" /><testcase classname="backend.tests.test_public_impact.TestPublicImpactAPI" name="test_impact_returns_distributions_count" time="0.111" /><testcase classname="backend.tests.test_public_impact.TestPublicImpactAPI" name="test_impact_returns_events_count" time="0.105" /><testcase classname="backend.tests.test_public_impact.TestPublicImpactAPI" name="test_impact_returns_participants_count" time="0.100" /><testcase classname="backend.tests.test_public_impact.TestPublicImpactAPI" name="test_impact_returns_refreshed_at_timestamp" time="0.116" /><testcase classname="backend.tests.test_public_impact.TestPublicImpactAPI" name="test_impact_returns_associations_array" time="0.124" /><testcase classname="backend.tests.test_public_impact.TestPublicImpactAPI" name="test_impact_associations_have_required_fields" time="0.158" /><testcase classname="backend.tests.test_public_impact.TestPublicImpactAPI" name="test_impact_associations_sorted_by_total_cents_desc" time="0.132" /><testcase classname="backend.tests.test_public_impact.TestPublicImpactAPI" name="test_impact_currency_is_eur" time="0.104" /><testcase classname="backend.tests.test_public_impact.TestPublicImpactAPI" name="test_impact_demo_data_present" time="0.094" /><testcase classname="backend.tests.test_public_impact.TestPublicImpactAPI" name="test_impact_total_charity_equals_sum_of_associations" time="0.105" /></testsuite></testsuites>