<?xml version="1.0" encoding="utf-8"?><testsuites name="pytest tests"><testsuite name="pytest" errors="0" failures="0" skipped="0" tests="15" time="5.483" timestamp="2026-03-30T01:28:15.434807+00:00" hostname="agent-env-90b66b89-6b02-40be-8ee4-6ae3921fb55f"><testcase classname="tests.test_video_webhooks_iter161.TestZoomWebhook" name="test_zoom_crc_challenge" time="0.125" /><testcase classname="tests.test_video_webhooks_iter161.TestZoomWebhook" name="test_zoom_meeting_ended_with_matching_appointment" time="0.172" /><testcase classname="tests.test_video_webhooks_iter161.TestZoomWebhook" name="test_zoom_meeting_ended_unknown_meeting_id" time="0.116" /><testcase classname="tests.test_video_webhooks_iter161.TestZoomWebhook" name="test_zoom_webhook_idempotency" time="0.232" /><testcase classname="tests.test_video_webhooks_iter161.TestTeamsWebhook" name="test_teams_validation_token" time="0.113" /><testcase classname="tests.test_video_webhooks_iter161.TestTeamsWebhook" name="test_teams_callrecords_notification" time="1.002" /><testcase classname="tests.test_video_webhooks_iter161.TestAdminWebhookStatus" name="test_admin_webhooks_status_success" time="0.485" /><testcase classname="tests.test_video_webhooks_iter161.TestAdminWebhookStatus" name="test_admin_webhooks_status_403_for_non_admin" time="0.435" /><testcase classname="tests.test_video_webhooks_iter161.TestAdminWebhookStatus" name="test_admin_webhooks_status_401_unauthenticated" time="0.110" /><testcase classname="tests.test_video_webhooks_iter161.TestAdminTeamsSubscribe" name="test_teams_subscribe_403_for_non_admin" time="0.141" /><testcase classname="tests.test_video_webhooks_iter161.TestAdminTeamsSubscribe" name="test_teams_subscribe_401_unauthenticated" time="0.131" /><testcase classname="tests.test_video_webhooks_iter161.TestAdminTeamsSubscribe" name="test_teams_subscribe_requires_admin" time="1.158" /><testcase classname="tests.test_video_webhooks_iter161.TestSchedulerJob" name="test_scheduler_includes_graph_subscription_renewal_job" time="0.000" /><testcase classname="tests.test_video_webhooks_iter161.TestEventStorage" name="test_zoom_event_stored_in_collection" time="0.267" /><testcase classname="tests.test_video_webhooks_iter161.TestEventStorage" name="test_teams_event_stored_in_collection" time="0.911" /></testsuite></testsuites>