<?xml version="1.0" encoding="utf-8"?><testsuites name="pytest tests"><testsuite name="pytest" errors="0" failures="0" skipped="0" tests="21" time="4.243" timestamp="2026-03-29T18:36:25.495721+00:00" hostname="agent-env-90b66b89-6b02-40be-8ee4-6ae3921fb55f"><testcase classname="backend.tests.test_modification_notifications_iter145.TestModificationNotifications" name="test_notification_counts_includes_modifications" time="0.516" /><testcase classname="backend.tests.test_modification_notifications_iter145.TestModificationNotifications" name="test_unread_ids_modification_type" time="0.108" /><testcase classname="backend.tests.test_modification_notifications_iter145.TestModificationNotifications" name="test_mark_read_modification_type" time="0.107" /><testcase classname="backend.tests.test_modification_notifications_iter145.TestModificationNotifications" name="test_appointment_exists" time="0.105" /><testcase classname="backend.tests.test_modification_notifications_iter145.TestModificationNotifications" name="test_check_active_proposals" time="0.109" /><testcase classname="backend.tests.test_modification_notifications_iter145.TestModificationNotifications" name="test_create_proposal_triggers_notification" time="1.424" /><testcase classname="backend.tests.test_modification_notifications_iter145.TestModificationNotifications" name="test_email_attempts_logged" time="0.103" /><testcase classname="backend.tests.test_modification_notifications_iter145.TestModificationNotifications" name="test_regression_decisions_counts" time="0.436" /><testcase classname="backend.tests.test_modification_notifications_iter145.TestModificationNotifications" name="test_regression_disputes_counts" time="0.108" /><testcase classname="backend.tests.test_modification_notifications_iter145.TestModificationNotifications" name="test_regression_unread_decision_ids" time="0.108" /><testcase classname="backend.tests.test_modification_notifications_iter145.TestModificationNotifications" name="test_regression_unread_dispute_ids" time="0.116" /><testcase classname="backend.tests.test_modification_notifications_iter145.TestModificationNotifications" name="test_get_my_modifications" time="0.137" /><testcase classname="backend.tests.test_modification_notifications_iter145.TestModificationNotifications" name="test_participant_notification_counts" time="0.108" /><testcase classname="backend.tests.test_modification_notifications_iter145.TestModificationNotifications" name="test_invalid_event_type_returns_400" time="0.106" /><testcase classname="backend.tests.test_modification_notifications_iter145.TestModificationNotifications" name="test_scheduler_jobs_registered" time="0.021" /><testcase classname="backend.tests.test_modification_notifications_iter145.TestModificationEmailIntegration" name="test_email_service_configured" time="0.000" /><testcase classname="backend.tests.test_modification_notifications_iter145.TestModificationEmailIntegration" name="test_notification_service_modification_support" time="0.000" /><testcase classname="backend.tests.test_modification_notifications_iter145.TestModificationEmailIntegration" name="test_modification_service_notification_triggers" time="0.000" /><testcase classname="backend.tests.test_modification_notifications_iter145.TestModificationEmailIntegration" name="test_structural_fields_check" time="0.000" /><testcase classname="backend.tests.test_modification_notifications_iter145.TestModificationEmailIntegration" name="test_vote_reminder_time_window" time="0.000" /><testcase classname="backend.tests.test_modification_notifications_iter145.TestCleanup" name="test_cleanup_test_proposals" time="0.537" /></testsuite></testsuites>