<?xml version="1.0" encoding="utf-8"?><testsuites name="pytest tests"><testsuite name="pytest" errors="0" failures="0" skipped="0" tests="25" time="0.353" timestamp="2026-03-23T19:10:08.595233+00:00" hostname="agent-env-8895d1a6-b6ac-48dc-8354-2e4095d87cb0"><testcase classname="tests.test_financial_emails.TestIdempotencyIndex" name="test_unique_index_exists_on_sent_emails" time="0.002" /><testcase classname="tests.test_financial_emails.TestIdempotencyIndex" name="test_duplicate_insert_raises_error" time="0.002" /><testcase classname="tests.test_financial_emails.TestIdempotencyLogic" name="test_idempotency_prevents_duplicate_records" time="0.002" /><testcase classname="tests.test_financial_emails.TestSourceCodeInspection" name="test_financial_emails_module_exists" time="0.000" /><testcase classname="tests.test_financial_emails.TestSourceCodeInspection" name="test_idempotency_functions_exist" time="0.000" /><testcase classname="tests.test_financial_emails.TestSourceCodeInspection" name="test_send_async_uses_daemon_thread" time="0.000" /><testcase classname="tests.test_financial_emails.TestSourceCodeInspection" name="test_send_async_checks_idempotency" time="0.000" /><testcase classname="tests.test_financial_emails.TestEmailWording" name="test_distribution_created_email_says_credit_en_attente" time="0.000" /><testcase classname="tests.test_financial_emails.TestEmailWording" name="test_email_subject_contains_credit_en_attente" time="0.000" /><testcase classname="tests.test_financial_emails.TestHooksInAttendanceService" name="test_capture_email_hook_exists" time="0.000" /><testcase classname="tests.test_financial_emails.TestHooksInDistributionService" name="test_distribution_created_email_hook_exists" time="0.000" /><testcase classname="tests.test_financial_emails.TestHooksInDistributionService" name="test_distribution_created_email_only_for_organizer_participant" time="0.000" /><testcase classname="tests.test_financial_emails.TestHooksInDistributionService" name="test_distribution_available_email_hook_exists" time="0.000" /><testcase classname="tests.test_financial_emails.TestHooksInDistributionService" name="test_distribution_available_email_only_on_completed" time="0.000" /><testcase classname="tests.test_financial_emails.TestHooksInPayoutService" name="test_payout_completed_email_hook_in_dev_payout" time="0.000" /><testcase classname="tests.test_financial_emails.TestHooksInPayoutService" name="test_payout_completed_email_hook_in_webhook_handler" time="0.000" /><testcase classname="tests.test_financial_emails.TestHooksInPayoutService" name="test_payout_failed_email_hook_in_stripe_transfer" time="0.000" /><testcase classname="tests.test_financial_emails.TestHooksInPayoutService" name="test_payout_failed_email_hook_in_webhook_handler" time="0.000" /><testcase classname="tests.test_financial_emails.TestServerLifespanIndex" name="test_server_creates_sent_emails_index" time="0.000" /><testcase classname="tests.test_financial_emails.TestHealthEndpoint" name="test_health_endpoint_returns_200" time="0.210" /><testcase classname="tests.test_financial_emails.TestEmailFunctionSignatures" name="test_send_capture_email_signature" time="0.000" /><testcase classname="tests.test_financial_emails.TestEmailFunctionSignatures" name="test_send_distribution_created_email_signature" time="0.000" /><testcase classname="tests.test_financial_emails.TestEmailFunctionSignatures" name="test_send_distribution_available_email_signature" time="0.000" /><testcase classname="tests.test_financial_emails.TestEmailFunctionSignatures" name="test_send_payout_completed_email_signature" time="0.000" /><testcase classname="tests.test_financial_emails.TestEmailFunctionSignatures" name="test_send_payout_failed_email_signature" time="0.000" /></testsuite></testsuites>