<?xml version="1.0" encoding="utf-8"?><testsuites name="pytest tests"><testsuite name="pytest" errors="0" failures="0" skipped="0" tests="11" time="5.022" timestamp="2026-03-29T12:51:39.850074+00:00" hostname="agent-env-2b9e73b7-1ca6-44eb-b5ce-1f2cc8594cf9"><testcase classname="backend.tests.test_presences_ux_refonte_iter130.TestPresencesUXRefonte" name="test_01_health_check" time="0.929" /><testcase classname="backend.tests.test_presences_ux_refonte_iter130.TestPresencesUXRefonte" name="test_02_login_user_pending" time="0.375" /><testcase classname="backend.tests.test_presences_ux_refonte_iter130.TestPresencesUXRefonte" name="test_03_pending_sheets_returns_new_fields" time="0.413" /><testcase classname="backend.tests.test_presences_ux_refonte_iter130.TestPresencesUXRefonte" name="test_04_pending_sheets_count_matches" time="0.425" /><testcase classname="backend.tests.test_presences_ux_refonte_iter130.TestPresencesUXRefonte" name="test_05_pending_sheets_have_targets" time="0.438" /><testcase classname="backend.tests.test_presences_ux_refonte_iter130.TestPresencesUXRefonte" name="test_06_sheet_detail_returns_enriched_context" time="0.408" /><testcase classname="backend.tests.test_presences_ux_refonte_iter130.TestPresencesUXRefonte" name="test_07_sheet_detail_has_declarations_with_names" time="0.450" /><testcase classname="backend.tests.test_presences_ux_refonte_iter130.TestPresencesUXRefonte" name="test_08_login_user_submitted" time="0.322" /><testcase classname="backend.tests.test_presences_ux_refonte_iter130.TestPresencesUXRefonte" name="test_09_submitted_sheet_detail_has_declared_status" time="0.412" /><testcase classname="backend.tests.test_presences_ux_refonte_iter130.TestPresencesUXRefonte" name="test_10_physical_appointment_has_location" time="0.409" /><testcase classname="backend.tests.test_presences_ux_refonte_iter130.TestPresencesUXRefonte" name="test_11_video_appointment_has_provider" time="0.376" /></testsuite></testsuites>