<?xml version="1.0" encoding="utf-8"?><testsuites name="pytest tests"><testsuite name="pytest" errors="0" failures="0" skipped="0" tests="9" time="1.730" timestamp="2026-04-01T16:41:51.112569+00:00" hostname="agent-env-90b66b89-6b02-40be-8ee4-6ae3921fb55f"><testcase classname="tests.test_cancelled_participants_sheets_iter170.TestTerminalParticipantStatuses" name="test_terminal_statuses_constant_exists" time="0.071" /><testcase classname="tests.test_cancelled_participants_sheets_iter170.TestInitializeDeclarativePhaseWithTerminalParticipants" name="test_all_participants_terminal_no_sheets_created" time="0.007" /><testcase classname="tests.test_cancelled_participants_sheets_iter170.TestInitializeDeclarativePhaseWithTerminalParticipants" name="test_at_least_one_active_participant_sheets_created" time="0.008" /><testcase classname="tests.test_cancelled_participants_sheets_iter170.TestInitializeDeclarativePhaseWithTerminalParticipants" name="test_self_declaration_alone_no_sheet" time="0.005" /><testcase classname="tests.test_cancelled_participants_sheets_iter170.TestInitializeDeclarativePhaseWithTerminalParticipants" name="test_guarantee_released_is_terminal" time="0.005" /><testcase classname="tests.test_cancelled_participants_sheets_iter170.TestGetPendingSheetsRetroactiveFiltering" name="test_pending_excludes_sheets_with_all_terminal_targets" time="0.605" /><testcase classname="tests.test_cancelled_participants_sheets_iter170.TestGetPendingSheetsRetroactiveFiltering" name="test_pending_includes_sheets_with_active_targets" time="0.480" /><testcase classname="tests.test_cancelled_participants_sheets_iter170.TestGetPendingSheetsRetroactiveFiltering" name="test_pending_excludes_self_declaration_only_sheets" time="0.475" /><testcase classname="tests.test_cancelled_participants_sheets_iter170.TestMixedScenarios" name="test_mixed_terminal_and_active_only_active_as_targets" time="0.006" /></testsuite></testsuites>