<?xml version="1.0" encoding="utf-8"?><testsuites name="pytest tests"><testsuite name="pytest" errors="0" failures="0" skipped="0" tests="35" time="2.960" timestamp="2026-03-26T20:56:46.255964+00:00" hostname="agent-env-822963e5-5af5-4ab2-8c48-a08256e564a2"><testcase classname="tests.test_evidence_chain.TestScenario1OrgSeul" name="test_checkin_succeeds" time="0.155" /><testcase classname="tests.test_evidence_chain.TestScenario1OrgSeul" name="test_evidence_created_with_correct_source" time="0.000" /><testcase classname="tests.test_evidence_chain.TestScenario1OrgSeul" name="test_evidence_has_mandatory_fields" time="0.000" /><testcase classname="tests.test_evidence_chain.TestScenario1OrgSeul" name="test_evidence_has_gps_in_derived_facts" time="0.000" /><testcase classname="tests.test_evidence_chain.TestScenario1OrgSeul" name="test_aggregate_returns_organizer" time="0.001" /><testcase classname="tests.test_evidence_chain.TestScenario2OrgPlus1" name="test_both_checkins_succeed" time="0.183" /><testcase classname="tests.test_evidence_chain.TestScenario2OrgPlus1" name="test_two_distinct_evidence_items" time="0.001" /><testcase classname="tests.test_evidence_chain.TestScenario2OrgPlus1" name="test_org_evidence_has_org_pid" time="0.000" /><testcase classname="tests.test_evidence_chain.TestScenario2OrgPlus1" name="test_part_evidence_has_part_pid" time="0.000" /><testcase classname="tests.test_evidence_chain.TestScenario2OrgPlus1" name="test_gps_coordinates_are_distinct" time="0.000" /><testcase classname="tests.test_evidence_chain.TestScenario3OrgPlus2" name="test_three_distinct_evidence_items" time="0.256" /><testcase classname="tests.test_evidence_chain.TestScenario3OrgPlus2" name="test_aggregate_per_participant" time="0.004" /><testcase classname="tests.test_evidence_chain.TestScenario4ParticipantsOnly" name="test_only_participants_have_evidence" time="0.186" /><testcase classname="tests.test_evidence_chain.TestScenario4ParticipantsOnly" name="test_organizer_aggregate_is_none_strength" time="0.001" /><testcase classname="tests.test_evidence_chain.TestInvariants" name="test_invited_participant_cannot_checkin" time="0.124" /><testcase classname="tests.test_evidence_chain.TestInvariants" name="test_duplicate_checkin_blocked" time="0.125" /><testcase classname="tests.test_evidence_chain.TestInvariants" name="test_evidence_has_no_mongo_id" time="0.126" /><testcase classname="tests.test_evidence_chain.TestInvariants" name="test_checked_in_includes_gps" time="0.124" /><testcase classname="tests.test_evidence_chain.TestInvariants" name="test_no_data_leakage_between_participants" time="1.502" /><testcase classname="tests.test_evidence_chain.TestInvariants" name="test_all_accepted_statuses_in_aggregate" time="0.002" /><testcase classname="tests.test_evidence_chain.TestScenarioVisio1OrgPlus1" name="test_two_distinct_evidence_items" time="0.002" /><testcase classname="tests.test_evidence_chain.TestScenarioVisio1OrgPlus1" name="test_org_has_host_role" time="0.000" /><testcase classname="tests.test_evidence_chain.TestScenarioVisio1OrgPlus1" name="test_part_has_attendee_role" time="0.000" /><testcase classname="tests.test_evidence_chain.TestScenarioVisio1OrgPlus1" name="test_evidence_has_video_mandatory_fields" time="0.000" /><testcase classname="tests.test_evidence_chain.TestScenarioVisio1OrgPlus1" name="test_aggregate_includes_both" time="0.001" /><testcase classname="tests.test_evidence_chain.TestScenarioVisio2Multi" name="test_three_evidence_for_three_present" time="0.002" /><testcase classname="tests.test_evidence_chain.TestScenarioVisio2Multi" name="test_absent_has_zero_evidence" time="0.000" /><testcase classname="tests.test_evidence_chain.TestScenarioVisio2Multi" name="test_absent_aggregate_is_none" time="0.001" /><testcase classname="tests.test_evidence_chain.TestScenarioVisio2Multi" name="test_bob_is_late" time="0.000" /><testcase classname="tests.test_evidence_chain.TestScenarioVisio3Partial" name="test_short_duration_recorded" time="0.001" /><testcase classname="tests.test_evidence_chain.TestScenarioVisio3Partial" name="test_evidence_exists" time="0.001" /><testcase classname="tests.test_evidence_chain.TestVisioInvariants" name="test_video_evidence_structure_matches_physical" time="0.001" /><testcase classname="tests.test_evidence_chain.TestVisioInvariants" name="test_no_data_leakage_visio" time="0.001" /><testcase classname="tests.test_evidence_chain.TestVisioInvariants" name="test_provider_role_stored" time="0.001" /><testcase classname="tests.test_evidence_chain.TestVisioInvariants" name="test_evidence_api_returns_video_with_participants" time="0.004" /></testsuite></testsuites>