<?xml version="1.0" encoding="utf-8"?><testsuites name="pytest tests"><testsuite name="pytest" errors="0" failures="0" skipped="0" tests="13" time="6.515" timestamp="2026-03-29T18:03:32.514985+00:00" hostname="agent-env-90b66b89-6b02-40be-8ee4-6ae3921fb55f"><testcase classname="backend.tests.test_notifications_iter143.TestNotificationAuth" name="test_counts_requires_auth" time="0.233" /><testcase classname="backend.tests.test_notifications_iter143.TestNotificationAuth" name="test_unread_ids_requires_auth" time="0.187" /><testcase classname="backend.tests.test_notifications_iter143.TestNotificationAuth" name="test_mark_read_requires_auth" time="0.137" /><testcase classname="backend.tests.test_notifications_iter143.TestNotificationCountsAdmin" name="test_counts_returns_correct_structure" time="2.494" /><testcase classname="backend.tests.test_notifications_iter143.TestNotificationCountsAdmin" name="test_admin_notification_counts" time="0.116" /><testcase classname="backend.tests.test_notifications_iter143.TestNotificationValidation" name="test_invalid_event_type_returns_400" time="0.106" /><testcase classname="backend.tests.test_notifications_iter143.TestNotificationUnreadIds" name="test_unread_ids_decision_returns_list" time="0.124" /><testcase classname="backend.tests.test_notifications_iter143.TestNotificationUnreadIds" name="test_unread_ids_dispute_update_returns_list" time="0.107" /><testcase classname="backend.tests.test_notifications_iter143.TestNotificationMarkRead" name="test_mark_read_returns_marked_count" time="0.108" /><testcase classname="backend.tests.test_notifications_iter143.TestNotificationCountsParticipant" name="test_participant_counts_structure" time="2.470" /><testcase classname="backend.tests.test_notifications_iter143.TestNotificationCountsParticipant" name="test_participant_unread_ids" time="0.114" /><testcase classname="backend.tests.test_notifications_iter143.TestDecisionsEndpoint" name="test_decisions_mine_endpoint" time="0.122" /><testcase classname="backend.tests.test_notifications_iter143.TestDisputesMineEndpoint" name="test_disputes_mine_endpoint" time="0.121" /></testsuite></testsuites>