<?xml version="1.0" encoding="utf-8"?><testsuites name="pytest tests"><testsuite name="pytest" errors="0" failures="0" skipped="0" tests="18" time="2.681" timestamp="2026-03-21T10:56:32.549870+00:00" hostname="agent-env-3ce1a9be-874a-4e2d-9af6-7cf5c2ebe21a"><testcase classname="backend.tests.test_attendance.TestAttendanceGetEndpoint" name="test_get_attendance_success" time="0.475" /><testcase classname="backend.tests.test_attendance.TestAttendanceGetEndpoint" name="test_get_attendance_requires_auth" time="0.115" /><testcase classname="backend.tests.test_attendance.TestAttendanceGetEndpoint" name="test_get_attendance_not_found" time="0.127" /><testcase classname="backend.tests.test_attendance.TestAttendanceEvaluateEndpoint" name="test_evaluate_idempotency" time="0.093" /><testcase classname="backend.tests.test_attendance.TestAttendanceEvaluateEndpoint" name="test_evaluate_requires_auth" time="0.088" /><testcase classname="backend.tests.test_attendance.TestAttendanceEvaluateEndpoint" name="test_evaluate_not_found" time="0.090" /><testcase classname="backend.tests.test_attendance.TestAttendanceReclassifyEndpoint" name="test_reclassify_to_on_time" time="0.197" /><testcase classname="backend.tests.test_attendance.TestAttendanceReclassifyEndpoint" name="test_reclassify_to_late" time="0.112" /><testcase classname="backend.tests.test_attendance.TestAttendanceReclassifyEndpoint" name="test_reclassify_to_no_show" time="0.098" /><testcase classname="backend.tests.test_attendance.TestAttendanceReclassifyEndpoint" name="test_reclassify_to_waived" time="0.097" /><testcase classname="backend.tests.test_attendance.TestAttendanceReclassifyEndpoint" name="test_reclassify_invalid_outcome" time="0.128" /><testcase classname="backend.tests.test_attendance.TestAttendanceReclassifyEndpoint" name="test_reclassify_stores_previous_outcome" time="0.312" /><testcase classname="backend.tests.test_attendance.TestAttendanceReclassifyEndpoint" name="test_reclassify_updates_summary" time="0.198" /><testcase classname="backend.tests.test_attendance.TestAttendanceReclassifyEndpoint" name="test_reclassify_requires_auth" time="0.089" /><testcase classname="backend.tests.test_attendance.TestAttendanceReclassifyEndpoint" name="test_reclassify_not_found" time="0.092" /><testcase classname="backend.tests.test_attendance.TestPendingReviewsEndpoint" name="test_pending_reviews_success" time="0.094" /><testcase classname="backend.tests.test_attendance.TestPendingReviewsEndpoint" name="test_pending_reviews_requires_auth" time="0.098" /><testcase classname="backend.tests.test_attendance.TestClassificationRules" name="test_classification_rules_documented" time="0.102" /></testsuite></testsuites>