<?xml version="1.0" encoding="utf-8"?><testsuites name="pytest tests"><testsuite name="pytest" errors="0" failures="0" skipped="0" tests="8" time="0.989" timestamp="2026-03-23T12:30:51.433707+00:00" hostname="agent-env-a01697a9-a355-4d70-bc2f-6782d635a839"><testcase classname="tests.test_organizer_proof_bypass.TestProofInfoEndpoint" name="test_organizer_gets_is_organizer_true" time="0.159" /><testcase classname="tests.test_organizer_proof_bypass.TestProofInfoEndpoint" name="test_organizer_gets_meeting_host_url" time="0.125" /><testcase classname="tests.test_organizer_proof_bypass.TestProofInfoEndpoint" name="test_participant_gets_is_organizer_false" time="0.102" /><testcase classname="tests.test_organizer_proof_bypass.TestProofInfoEndpoint" name="test_participant_gets_empty_meeting_host_url" time="0.107" /><testcase classname="tests.test_organizer_proof_bypass.TestProofInfoEndpoint" name="test_participant_gets_meeting_join_url" time="0.123" /><testcase classname="tests.test_organizer_proof_bypass.TestProofCheckinEndpoint" name="test_checkin_returns_visio_url" time="0.110" /><testcase classname="tests.test_organizer_proof_bypass.TestAppointmentInfoStructure" name="test_appointment_is_video_type" time="0.113" /><testcase classname="tests.test_organizer_proof_bypass.TestAppointmentInfoStructure" name="test_invalid_token_returns_404" time="0.102" /></testsuite></testsuites>