<?xml version="1.0" encoding="utf-8"?><testsuites name="pytest tests"><testsuite name="pytest" errors="0" failures="0" skipped="0" tests="17" time="1.816" timestamp="2026-03-23T18:08:41.734220+00:00" hostname="agent-env-c512fbfd-57ea-414c-9cb7-61faee396feb"><testcase classname="backend.tests.test_wallet_page_phase3.TestWalletPagePhase3" name="test_get_distributions_requires_auth" time="0.523" /><testcase classname="backend.tests.test_wallet_page_phase3.TestWalletPagePhase3" name="test_get_distributions_returns_list" time="0.054" /><testcase classname="backend.tests.test_wallet_page_phase3.TestWalletPagePhase3" name="test_get_distributions_enriched_with_appointment_title" time="0.050" /><testcase classname="backend.tests.test_wallet_page_phase3.TestWalletPagePhase3" name="test_get_distributions_pagination" time="0.047" /><testcase classname="backend.tests.test_wallet_page_phase3.TestWalletPagePhase3" name="test_get_distribution_detail_not_found" time="0.048" /><testcase classname="backend.tests.test_wallet_page_phase3.TestWalletPagePhase3" name="test_get_distribution_detail_requires_auth" time="0.145" /><testcase classname="backend.tests.test_wallet_page_phase3.TestWalletPagePhase3" name="test_get_distribution_detail_access_control" time="0.107" /><testcase classname="backend.tests.test_wallet_page_phase3.TestWalletPagePhase3" name="test_contest_distribution_requires_auth" time="0.114" /><testcase classname="backend.tests.test_wallet_page_phase3.TestWalletPagePhase3" name="test_contest_distribution_not_found" time="0.049" /><testcase classname="backend.tests.test_wallet_page_phase3.TestWalletPagePhase3" name="test_contest_distribution_requires_reason" time="0.107" /><testcase classname="backend.tests.test_wallet_page_phase3.TestWalletPagePhase3" name="test_contest_distribution_only_no_show_user" time="0.104" /><testcase classname="backend.tests.test_wallet_page_phase3.TestWalletPagePhase3" name="test_contest_distribution_only_during_pending_hold" time="0.097" /><testcase classname="backend.tests.test_wallet_page_phase3.TestWalletPagePhase3" name="test_connect_status_requires_auth" time="0.110" /><testcase classname="backend.tests.test_wallet_page_phase3.TestWalletPagePhase3" name="test_connect_status_returns_user_id" time="0.048" /><testcase classname="backend.tests.test_wallet_page_phase3.TestWalletPagePhase3" name="test_wallet_returns_balance_info" time="0.045" /><testcase classname="backend.tests.test_wallet_page_phase3.TestWalletPagePhase3" name="test_distribution_has_hold_expires_at" time="0.052" /><testcase classname="backend.tests.test_wallet_page_phase3.TestWalletPagePhase3" name="test_distribution_beneficiaries_have_roles" time="0.047" /></testsuite></testsuites>