<?xml version="1.0" encoding="utf-8"?><testsuites name="pytest tests"><testsuite name="pytest" errors="0" failures="0" skipped="0" tests="7" time="3.395" timestamp="2026-03-30T00:44:05.071678+00:00" hostname="agent-env-90b66b89-6b02-40be-8ee4-6ae3921fb55f"><testcase classname="backend.tests.test_organizer_guarantee_ux_iter159.TestTimelineAPI" name="test_timeline_returns_valid_structure" time="0.529" /><testcase classname="backend.tests.test_organizer_guarantee_ux_iter159.TestTimelineAPI" name="test_pending_organizer_guarantee_in_action_required" time="0.128" /><testcase classname="backend.tests.test_organizer_guarantee_ux_iter159.TestTimelineAPI" name="test_action_required_items_have_correct_labels" time="0.138" /><testcase classname="backend.tests.test_organizer_guarantee_ux_iter159.TestRetryGuaranteeAPI" name="test_retry_guarantee_endpoint_exists" time="0.047" /><testcase classname="backend.tests.test_organizer_guarantee_ux_iter159.TestRetryGuaranteeAPI" name="test_retry_guarantee_returns_checkout_url" time="2.299" /><testcase classname="backend.tests.test_organizer_guarantee_ux_iter159.TestAppointmentDetail" name="test_get_appointment_detail" time="0.046" /><testcase classname="backend.tests.test_organizer_guarantee_ux_iter159.TestCreateAppointmentReturnUrl" name="test_create_appointment_with_penalty_returns_checkout" time="0.148" /></testsuite></testsuites>