<?xml version="1.0" encoding="utf-8"?><testsuites name="pytest tests"><testsuite name="pytest" errors="0" failures="0" skipped="0" tests="17" time="1.075" timestamp="2026-03-27T03:28:12.212320+00:00" hostname="agent-env-ab65a6fa-fc0d-4305-b5a2-e4f205495028"><testcase classname="backend.tests.test_organizer_action_required_iter100.TestOrganizerActionRequiredZeroGuaranteed" name="test_zero_guaranteed_items_in_action_required" time="0.561" /><testcase classname="backend.tests.test_organizer_action_required_iter100.TestOrganizerActionRequiredZeroGuaranteed" name="test_zero_guaranteed_items_have_correct_actions" time="0.000" /><testcase classname="backend.tests.test_organizer_action_required_iter100.TestOrganizerActionRequiredPartialGuaranteed" name="test_partial_guaranteed_items_in_action_required" time="0.000" /><testcase classname="backend.tests.test_organizer_action_required_iter100.TestOrganizerExclusionEnoughGuaranteed" name="test_enough_guaranteed_not_in_action_required" time="0.000" /><testcase classname="backend.tests.test_organizer_action_required_iter100.TestOrganizerExclusionFarDeadline" name="test_far_deadline_not_in_action_required" time="0.000" /><testcase classname="backend.tests.test_organizer_action_required_iter100.TestOrganizerExclusionCancelled" name="test_cancelled_not_in_action_required" time="0.000" /><testcase classname="backend.tests.test_organizer_action_required_iter100.TestParticipantStillWorks" name="test_participant_invited_in_action_required" time="0.000" /><testcase classname="backend.tests.test_organizer_action_required_iter100.TestParticipantStillWorks" name="test_participant_pending_guarantee_in_action_required" time="0.000" /><testcase classname="backend.tests.test_organizer_action_required_iter100.TestCountsCoherence" name="test_counts_match_bucket_lengths" time="0.000" /><testcase classname="backend.tests.test_organizer_action_required_iter100.TestCancelledInPast" name="test_cancelled_items_in_past" time="0.000" /><testcase classname="backend.tests.test_organizer_action_required_iter100.TestCancelEndpoint" name="test_cancel_endpoint_requires_auth" time="0.106" /><testcase classname="backend.tests.test_organizer_action_required_iter100.TestCancelEndpoint" name="test_cancel_endpoint_returns_404_for_invalid_id" time="0.110" /><testcase classname="backend.tests.test_organizer_action_required_iter100.TestRemindEndpoint" name="test_remind_endpoint_requires_auth" time="0.116" /><testcase classname="backend.tests.test_organizer_action_required_iter100.TestRemindEndpoint" name="test_remind_endpoint_returns_404_for_invalid_id" time="0.106" /><testcase classname="backend.tests.test_organizer_action_required_iter100.TestNoRegression" name="test_upcoming_items_have_required_fields" time="0.000" /><testcase classname="backend.tests.test_organizer_action_required_iter100.TestNoRegression" name="test_organizer_items_have_participant_counts" time="0.000" /><testcase classname="backend.tests.test_organizer_action_required_iter100.TestOrganizerAlertItemsDetails" name="test_org_alert_items_structure" time="0.000" /></testsuite></testsuites>