<?xml version="1.0" encoding="utf-8"?><testsuites name="pytest tests"><testsuite name="pytest" errors="0" failures="0" skipped="0" tests="15" time="2.457" timestamp="2026-03-24T22:51:04.169833+00:00" hostname="agent-env-54b6d5f2-b9c3-4891-8fd9-ecd5154cf8d2"><testcase classname="backend.tests.test_pagination_appointments.TestPaginationBasics" name="test_upcoming_filter_returns_paginated_response" time="0.635" /><testcase classname="backend.tests.test_pagination_appointments.TestPaginationBasics" name="test_past_filter_returns_paginated_response" time="0.063" /><testcase classname="backend.tests.test_pagination_appointments.TestPaginationBasics" name="test_skip_limit_parameters_work" time="0.057" /><testcase classname="backend.tests.test_pagination_appointments.TestPaginationLogic" name="test_has_more_true_when_more_items_exist" time="0.171" /><testcase classname="backend.tests.test_pagination_appointments.TestPaginationLogic" name="test_has_more_false_when_all_loaded" time="0.258" /><testcase classname="backend.tests.test_pagination_appointments.TestPaginationLogic" name="test_pagination_no_overlap" time="0.116" /><testcase classname="backend.tests.test_pagination_appointments.TestTimeFilterSorting" name="test_upcoming_sorted_ascending" time="0.068" /><testcase classname="backend.tests.test_pagination_appointments.TestTimeFilterSorting" name="test_past_sorted_descending" time="0.082" /><testcase classname="backend.tests.test_pagination_appointments.TestTotalCounts" name="test_upcoming_total_count" time="0.055" /><testcase classname="backend.tests.test_pagination_appointments.TestTotalCounts" name="test_past_total_count" time="0.057" /><testcase classname="backend.tests.test_pagination_appointments.TestLoadMoreScenario" name="test_load_more_upcoming_flow" time="0.261" /><testcase classname="backend.tests.test_pagination_appointments.TestLoadMoreScenario" name="test_load_more_past_flow" time="0.194" /><testcase classname="backend.tests.test_pagination_appointments.TestEdgeCases" name="test_empty_result_when_skip_exceeds_total" time="0.056" /><testcase classname="backend.tests.test_pagination_appointments.TestEdgeCases" name="test_default_limit_when_not_specified" time="0.097" /><testcase classname="backend.tests.test_pagination_appointments.TestEdgeCases" name="test_no_time_filter_returns_all" time="0.187" /></testsuite></testsuites>