<?xml version="1.0" encoding="utf-8"?><testsuites name="pytest tests"><testsuite name="pytest" errors="0" failures="0" skipped="0" tests="17" time="4.183" timestamp="2026-03-22T10:12:15.727260+00:00" hostname="agent-env-c30a2bf7-08fe-4bb9-902f-6136c0efe5a6"><testcase classname="backend.tests.test_video_evidence.TestVideoEvidenceIngestion" name="test_zoom_exact_email_match_high_confidence" time="0.760" /><testcase classname="backend.tests.test_video_evidence.TestVideoEvidenceIngestion" name="test_teams_exact_email_match_high_confidence" time="0.196" /><testcase classname="backend.tests.test_video_evidence.TestVideoEvidenceIngestion" name="test_meet_always_low_confidence" time="0.191" /><testcase classname="backend.tests.test_video_evidence.TestVideoEvidenceIngestion" name="test_ambiguous_name_only_match_manual_review" time="0.202" /><testcase classname="backend.tests.test_video_evidence.TestVideoEvidenceIngestion" name="test_no_matching_participant_returns_unmatched" time="0.096" /><testcase classname="backend.tests.test_video_evidence.TestVideoEvidenceIngestion" name="test_duplicate_payload_returns_error" time="0.234" /><testcase classname="backend.tests.test_video_evidence.TestVideoEvidenceIngestion" name="test_invalid_provider_returns_error" time="0.098" /><testcase classname="backend.tests.test_video_evidence.TestVideoEvidenceIngestion" name="test_invalid_json_payload_returns_error" time="0.101" /><testcase classname="backend.tests.test_video_evidence.TestVideoEvidenceRetrieval" name="test_get_video_evidence_for_appointment" time="0.098" /><testcase classname="backend.tests.test_video_evidence.TestVideoEvidenceRetrieval" name="test_get_ingestion_logs" time="0.097" /><testcase classname="backend.tests.test_video_evidence.TestAttendanceEvaluation" name="test_zoom_video_evidence_auto_decision_on_time" time="0.302" /><testcase classname="backend.tests.test_video_evidence.TestAttendanceEvaluation" name="test_teams_video_evidence_auto_decision" time="0.306" /><testcase classname="backend.tests.test_video_evidence.TestAttendanceEvaluation" name="test_meet_video_evidence_always_manual_review" time="0.310" /><testcase classname="backend.tests.test_video_evidence.TestPhysicalAppointmentRegression" name="test_create_physical_appointment" time="0.716" /><testcase classname="backend.tests.test_video_evidence.TestPhysicalAppointmentRegression" name="test_physical_appointment_checkin_still_works" time="0.099" /><testcase classname="backend.tests.test_video_evidence.TestVideoEvidenceValidation" name="test_meet_evidence_has_assisted_ceiling" time="0.097" /><testcase classname="backend.tests.test_video_evidence.TestVideoEvidenceValidation" name="test_zoom_teams_evidence_has_strong_ceiling" time="0.199" /></testsuite></testsuites>