<?xml version="1.0" encoding="utf-8"?><testsuites name="pytest tests"><testsuite name="pytest" errors="0" failures="0" skipped="0" tests="27" time="3.184" timestamp="2026-04-02T02:01:50.402886+00:00" hostname="agent-env-90b66b89-6b02-40be-8ee4-6ae3921fb55f"><testcase classname="tests.test_declarative_engine_v5.TestSmallGroupAnalysis" name="test_1_all_unknown_no_neg_tech_waived" time="0.001" /><testcase classname="tests.test_declarative_engine_v5.TestSmallGroupAnalysis" name="test_2_all_unknown_with_neg_tech_dispute" time="0.001" /><testcase classname="tests.test_declarative_engine_v5.TestSmallGroupAnalysis" name="test_3_unanimous_present_on_time" time="0.000" /><testcase classname="tests.test_declarative_engine_v5.TestSmallGroupAnalysis" name="test_4_contradictory_declarations_dispute" time="0.000" /><testcase classname="tests.test_declarative_engine_v5.TestSmallGroupAnalysis" name="test_4b_unanimous_absent_dispute" time="0.000" /><testcase classname="tests.test_declarative_engine_v5.TestLargeGroupAnalysis" name="test_5_zero_expressed_no_neg_tech_waived" time="0.000" /><testcase classname="tests.test_declarative_engine_v5.TestLargeGroupAnalysis" name="test_6_single_positive_no_neg_tech_waived" time="0.000" /><testcase classname="tests.test_declarative_engine_v5.TestLargeGroupAnalysis" name="test_7_single_absent_dispute" time="0.001" /><testcase classname="tests.test_declarative_engine_v5.TestLargeGroupAnalysis" name="test_8_two_unanimous_present_on_time" time="0.000" /><testcase classname="tests.test_declarative_engine_v5.TestLargeGroupAnalysis" name="test_9_two_unanimous_absent_existing_logic" time="0.001" /><testcase classname="tests.test_declarative_engine_v5.TestLargeGroupAnalysis" name="test_9b_two_unanimous_absent_with_contradiction" time="0.001" /><testcase classname="tests.test_declarative_engine_v5.TestLargeGroupAnalysis" name="test_10_disagreement_dispute" time="0.000" /><testcase classname="tests.test_declarative_engine_v5.TestAutoLitigeGuard" name="test_11_auto_litige_blocked" time="0.001" /><testcase classname="tests.test_declarative_engine_v5.TestCheckUnanimity" name="test_zero_expressed" time="0.000" /><testcase classname="tests.test_declarative_engine_v5.TestCheckUnanimity" name="test_single_expressed" time="0.000" /><testcase classname="tests.test_declarative_engine_v5.TestCheckUnanimity" name="test_two_unanimous" time="0.000" /><testcase classname="tests.test_declarative_engine_v5.TestCheckUnanimity" name="test_two_disagreement" time="0.000" /><testcase classname="tests.test_declarative_engine_v5.TestCheckUnanimity" name="test_excludes_self_declaration" time="0.000" /><testcase classname="tests.test_declarative_v5_api.TestAPIAuth" name="test_admin_login" time="0.353" /><testcase classname="tests.test_declarative_v5_api.TestAPIAuth" name="test_user_login" time="0.429" /><testcase classname="tests.test_declarative_v5_api.TestDisputesAPI" name="test_disputes_mine_endpoint" time="0.516" /><testcase classname="tests.test_declarative_v5_api.TestDisputesAPI" name="test_disputes_decisions_mine_endpoint" time="0.107" /><testcase classname="tests.test_declarative_v5_api.TestAttendanceSheetsAPI" name="test_pending_sheets_endpoint" time="0.495" /><testcase classname="tests.test_declarative_v5_api.TestHealthAndBasicEndpoints" name="test_health_endpoint" time="0.118" /><testcase classname="tests.test_declarative_v5_api.TestHealthAndBasicEndpoints" name="test_backend_accessible" time="0.096" /><testcase classname="tests.test_declarative_v5_api.TestDisputeResolutionRegression" name="test_dispute_detail_endpoint_structure" time="0.727" /><testcase classname="tests.test_declarative_v5_api.TestDisputeResolutionRegression" name="test_position_submission_validation" time="0.182" /></testsuite></testsuites>