<?xml version="1.0" encoding="utf-8"?><testsuites name="pytest tests"><testsuite name="pytest" errors="0" failures="0" skipped="0" tests="6" time="6.409" timestamp="2026-03-22T19:58:20.849526+00:00" hostname="agent-env-f2a37db1-20e8-4a01-b283-ba9d39e0b2e5"><testcase classname="backend.tests.test_teams_delegated_permissions.TestTeamsDelegatedPermissions" name="test_teams_appointment_has_creation_mode_application_fallback" time="0.596" /><testcase classname="backend.tests.test_teams_delegated_permissions.TestTeamsDelegatedPermissions" name="test_teams_metadata_contains_creator_email" time="0.118" /><testcase classname="backend.tests.test_teams_delegated_permissions.TestTeamsDelegatedPermissions" name="test_teams_metadata_contains_azure_user_id" time="0.133" /><testcase classname="backend.tests.test_teams_delegated_permissions.TestTeamsDelegatedPermissions" name="test_meet_appointment_still_has_creator_email" time="0.136" /><testcase classname="backend.tests.test_teams_delegated_permissions.TestCalendarConnectionScopes" name="test_calendar_connections_endpoint" time="0.118" /><testcase classname="backend.tests.test_teams_delegated_permissions.TestNewTeamsAppointmentCreation" name="test_create_teams_appointment_uses_fallback_mode" time="5.233" /></testsuite></testsuites>