<?xml version="1.0" encoding="utf-8"?><testsuites name="pytest tests"><testsuite name="pytest" errors="0" failures="0" skipped="0" tests="16" time="7.667" timestamp="2026-03-31T19:29:45.952435+00:00" hostname="agent-env-90b66b89-6b02-40be-8ee4-6ae3921fb55f"><testcase classname="backend.tests.test_rbac_iter165.TestRBACBackendSecurity" name="test_user_gets_403_on_arbitration" time="0.497" /><testcase classname="backend.tests.test_rbac_iter165.TestRBACBackendSecurity" name="test_user_gets_403_on_users" time="0.132" /><testcase classname="backend.tests.test_rbac_iter165.TestRBACBackendSecurity" name="test_user_gets_403_on_stale_payouts" time="0.103" /><testcase classname="backend.tests.test_rbac_iter165.TestRBACBackendSecurity" name="test_admin_can_access_arbitration" time="0.462" /><testcase classname="backend.tests.test_rbac_iter165.TestRBACBackendSecurity" name="test_admin_can_access_users" time="0.176" /><testcase classname="backend.tests.test_rbac_iter165.TestRBACBackendSecurity" name="test_admin_can_access_stale_payouts" time="0.169" /><testcase classname="backend.tests.test_rbac_iter165.TestRBACBackendSecurity" name="test_admin_can_access_associations" time="2.267" /><testcase classname="backend.tests.test_rbac_iter165.TestRBACBackendSecurity" name="test_admin_can_access_payouts" time="0.106" /><testcase classname="backend.tests.test_rbac_iter165.TestRoleChangeAPI" name="test_change_role_to_arbitrator" time="0.574" /><testcase classname="backend.tests.test_rbac_iter165.TestRoleChangeAPI" name="test_invalid_role_returns_400" time="0.125" /><testcase classname="backend.tests.test_rbac_iter165.TestRoleChangeAPI" name="test_admin_cannot_change_own_role" time="0.231" /><testcase classname="backend.tests.test_rbac_iter165.TestRoleBasedAccessAfterChange" name="test_arbitrator_can_access_arbitration_after_role_change" time="1.194" /><testcase classname="backend.tests.test_rbac_iter165.TestRoleBasedAccessAfterChange" name="test_arbitrator_cannot_access_users_after_role_change" time="0.710" /><testcase classname="backend.tests.test_rbac_iter165.TestRoleBasedAccessAfterChange" name="test_reset_user_role_to_user" time="0.125" /><testcase classname="backend.tests.test_rbac_iter165.TestLoginResponseIncludesRole" name="test_admin_login_includes_role" time="0.362" /><testcase classname="backend.tests.test_rbac_iter165.TestLoginResponseIncludesRole" name="test_user_login_includes_role" time="0.346" /></testsuite></testsuites>