<?xml version="1.0" encoding="utf-8"?><testsuites name="pytest tests"><testsuite name="pytest" errors="0" failures="0" skipped="0" tests="7" time="3.339" timestamp="2026-03-22T19:15:33.920770+00:00" hostname="agent-env-f2a37db1-20e8-4a01-b283-ba9d39e0b2e5"><testcase classname="tests.test_proof_availability.TestProofAvailability" name="test_meet_personal_has_gmail_creator_email" time="0.621" /><testcase classname="tests.test_proof_availability.TestProofAvailability" name="test_teams_has_non_gmail_creator_email" time="0.438" /><testcase classname="tests.test_proof_availability.TestProofAvailability" name="test_physical_has_no_meeting_provider_metadata" time="0.444" /><testcase classname="tests.test_proof_availability.TestProofAvailability" name="test_meet_personal_appointment_type_is_video" time="0.439" /><testcase classname="tests.test_proof_availability.TestProofAvailability" name="test_teams_appointment_type_is_video" time="0.446" /><testcase classname="tests.test_proof_availability.TestProofAvailability" name="test_meet_has_meeting_join_url" time="0.443" /><testcase classname="tests.test_proof_availability.TestProofAvailability" name="test_teams_has_meeting_join_url" time="0.449" /></testsuite></testsuites>