<?xml version="1.0" encoding="utf-8"?><testsuites name="pytest tests"><testsuite name="pytest" errors="0" failures="0" skipped="0" tests="12" time="2.842" timestamp="2026-03-29T23:46:25.617561+00:00" hostname="agent-env-90b66b89-6b02-40be-8ee4-6ae3921fb55f"><testcase classname="tests.test_nlyt_stripe_flows_iter155.TestStripeFlows" name="test_flux1_delete_card_and_verify_no_recovery" time="0.820" /><testcase classname="tests.test_nlyt_stripe_flows_iter155.TestStripeFlows" name="test_flux2_create_appointment_without_card_returns_checkout_url" time="0.883" /><testcase classname="tests.test_nlyt_stripe_flows_iter155.TestStripeFlows" name="test_w3_transfer_created_handler_exists" time="0.000" /><testcase classname="tests.test_nlyt_stripe_flows_iter155.TestStripeFlows" name="test_w4_transfer_reversed_handler_exists" time="0.000" /><testcase classname="tests.test_nlyt_stripe_flows_iter155.TestStripeFlows" name="test_w5_transfer_updated_handler_exists" time="0.000" /><testcase classname="tests.test_nlyt_stripe_flows_iter155.TestStripeFlows" name="test_w8_account_updated_handler_exists" time="0.000" /><testcase classname="tests.test_nlyt_stripe_flows_iter155.TestStripeFlows" name="test_w6_webhook_idempotence_duplicate_event" time="0.000" /><testcase classname="tests.test_nlyt_stripe_flows_iter155.TestStripeFlows" name="test_w7_invalid_signature_rejected" time="0.099" /><testcase classname="tests.test_nlyt_stripe_flows_iter155.TestPaymentMethodFlow" name="test_get_payment_method_endpoint" time="0.461" /><testcase classname="tests.test_nlyt_stripe_flows_iter155.TestPaymentMethodFlow" name="test_setup_payment_method_endpoint" time="0.506" /><testcase classname="tests.test_nlyt_stripe_flows_iter155.TestWebhookHandlerIntegration" name="test_payout_service_handlers_exist" time="0.000" /><testcase classname="tests.test_nlyt_stripe_flows_iter155.TestWebhookHandlerIntegration" name="test_webhooks_imports_payout_handlers" time="0.000" /></testsuite></testsuites>