<?xml version="1.0" encoding="utf-8"?><testsuites name="pytest tests"><testsuite name="pytest" errors="0" failures="0" skipped="0" tests="8" time="1.489" timestamp="2026-03-20T23:04:51.045812+00:00" hostname="agent-env-4b0c7b4e-8d82-4166-a09d-f7aad17df48b"><testcase classname="backend.tests.test_stripe_status_fix.TestInvitationEndpoint" name="test_get_invitation_returns_guaranteed_fields" time="0.119" /><testcase classname="backend.tests.test_stripe_status_fix.TestInvitationEndpoint" name="test_get_invitation_can_cancel_for_guaranteed" time="0.120" /><testcase classname="backend.tests.test_stripe_status_fix.TestAppointmentsListEndpoint" name="test_appointments_list_status_summary" time="0.378" /><testcase classname="backend.tests.test_stripe_status_fix.TestInvitationRespond" name="test_respond_endpoint_exists" time="0.102" /><testcase classname="backend.tests.test_stripe_status_fix.TestInvitationRespond" name="test_respond_endpoint_validates_action" time="0.101" /><testcase classname="backend.tests.test_stripe_status_fix.TestInvitationRespond" name="test_respond_already_responded" time="0.105" /><testcase classname="backend.tests.test_stripe_status_fix.TestGuaranteeStatus" name="test_guarantee_status_endpoint" time="0.130" /><testcase classname="backend.tests.test_stripe_status_fix.TestParticipantsList" name="test_participants_list_shows_status" time="0.379" /></testsuite></testsuites>