<?xml version="1.0" encoding="utf-8"?><testsuites name="pytest tests"><testsuite name="pytest" errors="0" failures="0" skipped="0" tests="9" time="18.642" timestamp="2026-03-22T16:42:54.696223+00:00" hostname="agent-env-ce74d456-3b66-499d-8c8d-9e90e6c5ae67"><testcase classname="tests.test_organizer_participant.TestOrganizerParticipant" name="test_01_create_appointment_returns_organizer_fields" time="2.551" /><testcase classname="tests.test_organizer_participant.TestOrganizerParticipant" name="test_02_create_appointment_returns_organizer_checkout_url" time="2.116" /><testcase classname="tests.test_organizer_participant.TestOrganizerParticipant" name="test_03_get_participants_returns_organizer" time="0.426" /><testcase classname="tests.test_organizer_participant.TestOrganizerParticipant" name="test_04_organizer_not_duplicated_as_participant" time="4.973" /><testcase classname="tests.test_organizer_participant.TestOrganizerParticipant" name="test_05_organizer_checkin_creates_evidence" time="0.552" /><testcase classname="tests.test_organizer_participant.TestOrganizerParticipant" name="test_06_physical_appointment_without_meeting_provider" time="2.178" /><testcase classname="tests.test_organizer_participant.TestOrganizerParticipant" name="test_07_video_appointment_with_meet_provider" time="3.253" /><testcase classname="tests.test_organizer_participant.TestMeetingProviderValidation" name="test_08_video_without_provider_fails" time="0.409" /><testcase classname="tests.test_organizer_participant.TestMeetingProviderValidation" name="test_09_physical_with_empty_provider_succeeds" time="2.116" /></testsuite></testsuites>