<?xml version="1.0" encoding="utf-8"?><testsuites name="pytest tests"><testsuite name="pytest" errors="0" failures="0" skipped="0" tests="8" time="17.652" timestamp="2026-03-23T13:57:17.103854+00:00" hostname="agent-env-532a31cc-9c3a-476f-a1d9-27da897654f0"><testcase classname="backend.tests.test_gps_checkin_fix.TestGPSCheckinFix" name="test_health_endpoint" time="0.520" /><testcase classname="backend.tests.test_gps_checkin_fix.TestGPSCheckinFix" name="test_manual_checkin_invalid_token_returns_404" time="0.430" /><testcase classname="backend.tests.test_gps_checkin_fix.TestGPSCheckinFix" name="test_manual_checkin_non_accepted_returns_400" time="1.330" /><testcase classname="backend.tests.test_gps_checkin_fix.TestGPSCheckinFix" name="test_manual_checkin_success_without_gps" time="2.929" /><testcase classname="backend.tests.test_gps_checkin_fix.TestGPSCheckinFix" name="test_manual_checkin_success_with_gps" time="2.987" /><testcase classname="backend.tests.test_gps_checkin_fix.TestGPSCheckinFix" name="test_manual_checkin_duplicate_returns_409" time="2.804" /><testcase classname="backend.tests.test_gps_checkin_fix.TestGPSCheckinFix" name="test_gps_checkin_invalid_token_returns_404" time="0.445" /><testcase classname="backend.tests.test_gps_checkin_fix.TestGPSCheckinFix" name="test_gps_checkin_duplicate_returns_409" time="6.147" /></testsuite></testsuites>