<?xml version="1.0" encoding="utf-8"?><testsuites name="pytest tests"><testsuite name="pytest" errors="0" failures="1" skipped="9" tests="16" time="2.055" timestamp="2026-03-31T21:03:58.180931+00:00" hostname="agent-env-90b66b89-6b02-40be-8ee4-6ae3921fb55f"><testcase classname="backend.tests.test_video_evidence_participant_access_iter166.TestVideoEvidenceParticipantAccess" name="test_organizer_can_access_video_evidence_get" time="0.817" /><testcase classname="backend.tests.test_video_evidence_participant_access_iter166.TestVideoEvidenceParticipantAccess" name="test_organizer_can_access_video_evidence_logs" time="0.055" /><testcase classname="backend.tests.test_video_evidence_participant_access_iter166.TestVideoEvidenceParticipantAccess" name="test_organizer_can_access_fetch_attendance" time="0.055" /><testcase classname="backend.tests.test_video_evidence_participant_access_iter166.TestVideoEvidenceParticipantAccess" name="test_organizer_can_access_create_meeting" time="0.048" /><testcase classname="backend.tests.test_video_evidence_participant_access_iter166.TestVideoEvidenceParticipantAccess" name="test_participant_can_access_video_evidence_get" time="0.409"><skipped type="pytest.skip" message="No video appointment with accepted participant available">/app/backend/tests/test_video_evidence_participant_access_iter166.py:181: No video appointment with accepted participant available</skipped></testcase><testcase classname="backend.tests.test_video_evidence_participant_access_iter166.TestVideoEvidenceParticipantAccess" name="test_participant_can_access_video_evidence_logs" time="0.000"><skipped type="pytest.skip" message="No video appointment with accepted participant available">/app/backend/tests/test_video_evidence_participant_access_iter166.py:194: No video appointment with accepted participant available</skipped></testcase><testcase classname="backend.tests.test_video_evidence_participant_access_iter166.TestVideoEvidenceParticipantAccess" name="test_participant_can_access_fetch_attendance" time="0.000"><skipped type="pytest.skip" message="No video appointment with accepted participant available">/app/backend/tests/test_video_evidence_participant_access_iter166.py:206: No video appointment with accepted participant available</skipped></testcase><testcase classname="backend.tests.test_video_evidence_participant_access_iter166.TestVideoEvidenceParticipantAccess" name="test_participant_cannot_access_create_meeting" time="0.000"><skipped type="pytest.skip" message="No video appointment with accepted participant available">/app/backend/tests/test_video_evidence_participant_access_iter166.py:219: No video appointment with accepted participant available</skipped></testcase><testcase classname="backend.tests.test_video_evidence_participant_access_iter166.TestVideoEvidenceParticipantAccess" name="test_unrelated_user_cannot_access_video_evidence_get" time="0.335"><skipped type="pytest.skip" message="No video appointment available">/app/backend/tests/test_video_evidence_participant_access_iter166.py:231: No video appointment available</skipped></testcase><testcase classname="backend.tests.test_video_evidence_participant_access_iter166.TestVideoEvidenceParticipantAccess" name="test_unrelated_user_cannot_access_video_evidence_logs" time="0.000"><skipped type="pytest.skip" message="No video appointment available">/app/backend/tests/test_video_evidence_participant_access_iter166.py:240: No video appointment available</skipped></testcase><testcase classname="backend.tests.test_video_evidence_participant_access_iter166.TestVideoEvidenceParticipantAccess" name="test_unrelated_user_cannot_access_fetch_attendance" time="0.000"><skipped type="pytest.skip" message="No video appointment available">/app/backend/tests/test_video_evidence_participant_access_iter166.py:249: No video appointment available</skipped></testcase><testcase classname="backend.tests.test_video_evidence_participant_access_iter166.TestVideoEvidenceParticipantAccess" name="test_unrelated_user_cannot_access_create_meeting" time="0.000"><skipped type="pytest.skip" message="No video appointment available">/app/backend/tests/test_video_evidence_participant_access_iter166.py:258: No video appointment available</skipped></testcase><testcase classname="backend.tests.test_video_evidence_participant_access_iter166.TestVideoEvidenceParticipantAccess" name="test_unrelated_user_cannot_access_ingest" time="0.000"><skipped type="pytest.skip" message="No video appointment available">/app/backend/tests/test_video_evidence_participant_access_iter166.py:267: No video appointment available</skipped></testcase><testcase classname="backend.tests.test_video_evidence_participant_access_iter166.TestVideoEvidenceHelperFunctions" name="test_nonexistent_appointment_returns_404" time="0.057" /><testcase classname="backend.tests.test_video_evidence_participant_access_iter166.TestVideoEvidenceHelperFunctions" name="test_provider_status_endpoint_accessible" time="0.046" /><testcase classname="backend.tests.test_video_evidence_participant_access_iter166.TestFrontendAppointmentDetailBugFix" name="test_appointment_api_returns_appointment_type" time="0.141"><failure message="AssertionError: Failed to list appointments: {&quot;detail&quot;:&quot;Token d'authentification manquant&quot;}&#10;assert 401 == 200&#10; +  where 401 = &lt;Response [401]&gt;.status_code">backend/tests/test_video_evidence_participant_access_iter166.py:302: in test_appointment_api_returns_appointment_type
    assert response.status_code == 200, f"Failed to list appointments: {response.text}"
E   AssertionError: Failed to list appointments: {"detail":"Token d'authentification manquant"}
E   assert 401 == 200
E    +  where 401 = &lt;Response [401]&gt;.status_code</failure></testcase></testsuite></testsuites>