<?xml version="1.0" encoding="utf-8"?><testsuites name="pytest tests"><testsuite name="pytest" errors="0" failures="0" skipped="0" tests="13" time="2.106" timestamp="2026-03-29T13:57:36.642444+00:00" hostname="agent-env-90b66b89-6b02-40be-8ee4-6ae3921fb55f"><testcase classname="tests.test_org_participant_migration_iter133.TestOrgParticipantMigration" name="test_01_health_check" time="0.114" /><testcase classname="tests.test_org_participant_migration_iter133.TestOrgParticipantMigration" name="test_02_login_success" time="0.361" /><testcase classname="tests.test_org_participant_migration_iter133.TestOrgParticipantMigration" name="test_03_migrated_org_participant_fields" time="0.099" /><testcase classname="tests.test_org_participant_migration_iter133.TestOrgParticipantMigration" name="test_04_participants_includes_organizer" time="0.111" /><testcase classname="tests.test_org_participant_migration_iter133.TestOrgParticipantMigration" name="test_05_cleanup_pending_proposal_apt1" time="0.159" /><testcase classname="tests.test_org_participant_migration_iter133.TestOrgParticipantMigration" name="test_06_direct_modification_mode" time="0.105" /><testcase classname="tests.test_org_participant_migration_iter133.TestOrgParticipantMigration" name="test_07_participants_apt2_has_accepted_non_org" time="0.105" /><testcase classname="tests.test_org_participant_migration_iter133.TestOrgParticipantMigration" name="test_08_cleanup_pending_proposal_apt2" time="0.117" /><testcase classname="tests.test_org_participant_migration_iter133.TestOrgParticipantMigration" name="test_09_proposal_mode" time="0.309" /><testcase classname="tests.test_org_participant_migration_iter133.TestOrgParticipantMigration" name="test_10_cleanup_after_test" time="0.218" /><testcase classname="tests.test_org_participant_migration_iter133.TestOrgParticipantMigration" name="test_11_appointments_list" time="0.120" /><testcase classname="tests.test_org_participant_migration_iter133.TestOrgParticipantMigration" name="test_12_appointment_detail" time="0.119" /><testcase classname="tests.test_org_participant_migration_iter133.TestOrgParticipantMigration" name="test_13_org_participant_apt2" time="0.103" /></testsuite></testsuites>