<?xml version="1.0" encoding="utf-8"?><testsuites name="pytest tests"><testsuite name="pytest" errors="0" failures="0" skipped="0" tests="14" time="2.410" timestamp="2026-03-26T23:40:49.673644+00:00" hostname="agent-env-ab65a6fa-fc0d-4305-b5a2-e4f205495028"><testcase classname="backend.tests.test_result_cards.TestPublicCardEndpoint" name="test_get_engagement_card_public" time="0.147" /><testcase classname="backend.tests.test_result_cards.TestPublicCardEndpoint" name="test_get_compensation_card_public" time="0.111" /><testcase classname="backend.tests.test_result_cards.TestPublicCardEndpoint" name="test_get_charity_card_public" time="0.119" /><testcase classname="backend.tests.test_result_cards.TestPublicCardEndpoint" name="test_view_count_increments" time="0.291" /><testcase classname="backend.tests.test_result_cards.TestPublicCardEndpoint" name="test_nonexistent_card_returns_404" time="0.108" /><testcase classname="backend.tests.test_result_cards.TestCreateCardEndpoint" name="test_create_card_requires_auth" time="0.179" /><testcase classname="backend.tests.test_result_cards.TestCreateCardEndpoint" name="test_create_card_invalid_type_returns_400" time="0.467" /><testcase classname="backend.tests.test_result_cards.TestCreateCardEndpoint" name="test_create_card_missing_appointment_returns_400" time="0.114" /><testcase classname="backend.tests.test_result_cards.TestCreateCardEndpoint" name="test_create_card_idempotent" time="0.249" /><testcase classname="backend.tests.test_result_cards.TestMyCardsEndpoint" name="test_my_cards_requires_auth" time="0.106" /><testcase classname="backend.tests.test_result_cards.TestMyCardsEndpoint" name="test_my_cards_returns_list" time="0.107" /><testcase classname="backend.tests.test_result_cards.TestCardDataStructure" name="test_engagement_card_structure" time="0.122" /><testcase classname="backend.tests.test_result_cards.TestCardDataStructure" name="test_compensation_card_has_amount" time="0.106" /><testcase classname="backend.tests.test_result_cards.TestCardDataStructure" name="test_charity_card_has_association" time="0.113" /></testsuite></testsuites>