<?xml version="1.0" encoding="utf-8"?><testsuites name="pytest tests"><testsuite name="pytest" errors="0" failures="0" skipped="2" tests="12" time="7.085" timestamp="2026-03-22T01:13:55.663016+00:00" hostname="agent-env-a72919b5-f2b3-43ce-b113-065027171a4b"><testcase classname="backend.tests.test_modification_proposals.TestModificationProposalBasics" name="test_get_active_proposal_no_auth_required" time="0.243" /><testcase classname="backend.tests.test_modification_proposals.TestModificationProposalBasics" name="test_get_proposal_history_requires_auth" time="0.494" /><testcase classname="backend.tests.test_modification_proposals.TestOrganizerProposalFlow" name="test_organizer_create_proposal_success" time="0.408" /><testcase classname="backend.tests.test_modification_proposals.TestOrganizerProposalFlow" name="test_duplicate_proposal_returns_400" time="0.224" /><testcase classname="backend.tests.test_modification_proposals.TestOrganizerProposalFlow" name="test_proposal_with_past_datetime_returns_400" time="0.336" /><testcase classname="backend.tests.test_modification_proposals.TestParticipantProposalFlow" name="test_participant_create_proposal_success" time="0.380" /><testcase classname="backend.tests.test_modification_proposals.TestProposalResponses" name="test_participant_accept_proposal" time="0.125"><skipped type="pytest.skip" message="No pending participant responses">/app/backend/tests/test_modification_proposals.py:261: No pending participant responses</skipped></testcase><testcase classname="backend.tests.test_modification_proposals.TestProposalResponses" name="test_participant_reject_proposal_immediately_rejects" time="0.214"><skipped type="pytest.skip" message="Could not create proposal: {&quot;detail&quot;:&quot;Une proposition de modification est déjà en cours pour ce rendez-vous&quot;}">/app/backend/tests/test_modification_proposals.py:308: Could not create proposal: {"detail":"Une proposition de modification est déjà en cours pour ce rendez-vous"}</skipped></testcase><testcase classname="backend.tests.test_modification_proposals.TestProposalResponses" name="test_organizer_respond_to_participant_proposal" time="1.554" /><testcase classname="backend.tests.test_modification_proposals.TestUnanimousAcceptance" name="test_unanimous_acceptance_applies_changes" time="2.163" /><testcase classname="backend.tests.test_modification_proposals.TestRejectionDoesNotChangeAppointment" name="test_rejection_preserves_appointment" time="0.761" /><testcase classname="backend.tests.test_modification_proposals.TestProposalHistory" name="test_get_proposal_history" time="0.114" /></testsuite></testsuites>