<?xml version="1.0" encoding="utf-8"?><testsuites name="pytest tests"><testsuite name="pytest" errors="0" failures="0" skipped="0" tests="14" time="2.864" timestamp="2026-03-26T19:57:18.951390+00:00" hostname="agent-env-822963e5-5af5-4ab2-8c48-a08256e564a2"><testcase classname="backend.tests.test_checkin_bug_fix.TestCheckinBugFix" name="test_health_check" time="0.251" /><testcase classname="backend.tests.test_checkin_bug_fix.TestCheckinBugFix" name="test_accepted_participant_invitation_status" time="0.130" /><testcase classname="backend.tests.test_checkin_bug_fix.TestCheckinBugFix" name="test_pending_guarantee_participant_invitation_status" time="0.130" /><testcase classname="backend.tests.test_checkin_bug_fix.TestCheckinBugFix" name="test_invited_participant_invitation_status" time="0.111" /><testcase classname="backend.tests.test_checkin_bug_fix.TestCheckinBugFix" name="test_accepted_participant_manual_checkin" time="0.119" /><testcase classname="backend.tests.test_checkin_bug_fix.TestCheckinBugFix" name="test_pending_guarantee_participant_manual_checkin" time="0.830" /><testcase classname="backend.tests.test_checkin_bug_fix.TestCheckinBugFix" name="test_invited_participant_manual_checkin_rejected" time="0.124" /><testcase classname="backend.tests.test_checkin_bug_fix.TestCheckinBugFix" name="test_accepted_participant_gps_checkin" time="0.173" /><testcase classname="backend.tests.test_checkin_bug_fix.TestCheckinBugFix" name="test_pending_guarantee_participant_gps_checkin" time="0.122" /><testcase classname="backend.tests.test_checkin_bug_fix.TestCheckinBugFix" name="test_invited_participant_gps_checkin_rejected" time="0.138" /><testcase classname="backend.tests.test_checkin_bug_fix.TestCheckinBugFix" name="test_checkin_status_for_accepted_participant" time="0.143" /><testcase classname="backend.tests.test_checkin_bug_fix.TestCheckinBugFix" name="test_checkin_status_for_pending_guarantee_participant" time="0.146" /><testcase classname="backend.tests.test_checkin_bug_fix.TestBackendResolveParticipant" name="test_resolve_participant_accepts_all_three_statuses" time="0.269" /><testcase classname="backend.tests.test_checkin_bug_fix.TestBackendResolveParticipant" name="test_resolve_participant_rejects_invited_status" time="0.107" /></testsuite></testsuites>