<?xml version="1.0" encoding="utf-8"?><testsuites name="pytest tests"><testsuite name="pytest" errors="0" failures="0" skipped="0" tests="14" time="2.409" timestamp="2026-03-27T02:39:54.265504+00:00" hostname="agent-env-ab65a6fa-fc0d-4305-b5a2-e4f205495028"><testcase classname="backend.tests.test_evidence_access_and_polling.TestEvidenceEndpointAccess" name="test_evidence_endpoint_returns_200_for_participant" time="0.533" /><testcase classname="backend.tests.test_evidence_access_and_polling.TestEvidenceEndpointAccess" name="test_evidence_endpoint_returns_200_for_organizer" time="0.112" /><testcase classname="backend.tests.test_evidence_access_and_polling.TestEvidenceEndpointAccess" name="test_evidence_data_structure_same_for_participant_and_organizer" time="0.259" /><testcase classname="backend.tests.test_evidence_access_and_polling.TestEvidenceEndpointAccess" name="test_evidence_endpoint_returns_403_for_unauthorized_user" time="0.105" /><testcase classname="backend.tests.test_evidence_access_and_polling.TestViewerRoleConditionalFetches" name="test_participant_view_returns_viewer_role_participant" time="0.113" /><testcase classname="backend.tests.test_evidence_access_and_polling.TestViewerRoleConditionalFetches" name="test_organizer_view_returns_viewer_role_organizer" time="0.180" /><testcase classname="backend.tests.test_evidence_access_and_polling.TestViewerRoleConditionalFetches" name="test_participant_view_has_viewer_invitation_token" time="0.113" /><testcase classname="backend.tests.test_evidence_access_and_polling.TestViewerRoleConditionalFetches" name="test_participant_view_has_viewer_participant_status" time="0.110" /><testcase classname="backend.tests.test_evidence_access_and_polling.TestDashboardPolling" name="test_my_timeline_endpoint_works" time="0.216" /><testcase classname="backend.tests.test_evidence_access_and_polling.TestAttendanceEndpoint" name="test_attendance_endpoint_403_for_participant" time="0.126" /><testcase classname="backend.tests.test_evidence_access_and_polling.TestAttendanceEndpoint" name="test_attendance_endpoint_accessible_by_organizer" time="0.115" /><testcase classname="backend.tests.test_evidence_access_and_polling.TestProofSessionsEndpoint" name="test_proof_sessions_accessible_by_participant" time="0.111" /><testcase classname="backend.tests.test_evidence_access_and_polling.TestOrganizerOnlyEndpoints" name="test_calendar_sync_status_not_accessible_for_participant" time="0.114" /><testcase classname="backend.tests.test_evidence_access_and_polling.TestOrganizerOnlyEndpoints" name="test_video_evidence_403_for_participant" time="0.121" /></testsuite></testsuites>