<?xml version="1.0" encoding="utf-8"?><testsuites name="pytest tests"><testsuite name="pytest" errors="0" failures="0" skipped="0" tests="12" time="2.434" timestamp="2026-03-29T23:56:30.807511+00:00" hostname="agent-env-90b66b89-6b02-40be-8ee4-6ae3921fb55f"><testcase classname="tests.test_stripe_redirect_fix_iter156.TestStripeRedirectFix" name="test_01_delete_card_before_test" time="0.741" /><testcase classname="tests.test_stripe_redirect_fix_iter156.TestStripeRedirectFix" name="test_02_create_appointment_without_card_returns_appointments_url" time="0.603" /><testcase classname="tests.test_stripe_redirect_fix_iter156.TestStripeRedirectFix" name="test_03_retry_guarantee_returns_appointments_url" time="0.498" /><testcase classname="tests.test_stripe_redirect_fix_iter156.TestStripeRedirectFix" name="test_04_verify_invitation_flow_preserves_invitation_url" time="0.003" /><testcase classname="tests.test_stripe_redirect_fix_iter156.TestStripeRedirectFix" name="test_05_verify_appointments_passes_return_url" time="0.003" /><testcase classname="tests.test_stripe_redirect_fix_iter156.TestStripeRedirectFix" name="test_06_verify_stripe_guarantee_service_handles_return_url" time="0.003" /><testcase classname="tests.test_stripe_redirect_fix_iter156.TestStripeRedirectFix" name="test_07_frontend_handles_guarantee_status_success" time="0.004" /><testcase classname="tests.test_stripe_redirect_fix_iter156.TestStripeRedirectFix" name="test_08_frontend_handles_guarantee_status_cancelled" time="0.003" /><testcase classname="tests.test_stripe_redirect_fix_iter156.TestStripeRedirectFix" name="test_09_cleanup_test_appointment" time="0.109" /><testcase classname="tests.test_stripe_redirect_fix_iter156.TestPaymentMethodEndpoints" name="test_get_payment_method_structure" time="0.112" /><testcase classname="tests.test_stripe_redirect_fix_iter156.TestPaymentMethodEndpoints" name="test_delete_payment_method_success" time="0.133" /><testcase classname="tests.test_stripe_redirect_fix_iter156.TestPaymentMethodEndpoints" name="test_verify_no_payment_method_after_delete" time="0.148" /></testsuite></testsuites>