<?xml version="1.0" encoding="utf-8"?><testsuites name="pytest tests"><testsuite name="pytest" errors="0" failures="0" skipped="0" tests="13" time="10.175" timestamp="2026-03-21T01:31:46.609107+00:00" hostname="agent-env-308d6ad4-444b-4d5d-ab67-f22857941b24"><testcase classname="backend.tests.test_auto_sync.TestAutoSyncSettings" name="test_get_auto_sync_settings" time="0.416" /><testcase classname="backend.tests.test_auto_sync.TestAutoSyncSettings" name="test_update_auto_sync_enable_with_valid_provider" time="0.428" /><testcase classname="backend.tests.test_auto_sync.TestAutoSyncSettings" name="test_update_auto_sync_disable" time="0.380" /><testcase classname="backend.tests.test_auto_sync.TestAutoSyncSettings" name="test_update_auto_sync_refuse_enabled_without_provider" time="0.393" /><testcase classname="backend.tests.test_auto_sync.TestAutoSyncSettings" name="test_update_auto_sync_refuse_invalid_provider" time="0.377" /><testcase classname="backend.tests.test_auto_sync.TestAutoSyncSettingsNoConnections" name="test_update_auto_sync_refuse_provider_not_connected" time="0.379" /><testcase classname="backend.tests.test_auto_sync.TestSyncStatusWithSyncSource" name="test_sync_status_returns_sync_source" time="0.398" /><testcase classname="backend.tests.test_auto_sync.TestAutoSyncOnAppointmentCreation" name="test_create_appointment_triggers_auto_sync" time="3.524" /><testcase classname="backend.tests.test_auto_sync.TestNoAutoSyncWhenDisabled" name="test_no_auto_sync_when_disabled" time="0.540" /><testcase classname="backend.tests.test_auto_sync.TestManualSyncStillWorks" name="test_manual_sync_creates_manual_source" time="2.463" /><testcase classname="backend.tests.test_auto_sync.TestNoRegression" name="test_health_endpoint" time="0.103" /><testcase classname="backend.tests.test_auto_sync.TestNoRegression" name="test_login_works" time="0.337" /><testcase classname="backend.tests.test_auto_sync.TestNoRegression" name="test_calendar_connections_endpoint" time="0.377" /></testsuite></testsuites>