<?xml version="1.0" encoding="utf-8"?><testsuites name="pytest tests"><testsuite name="pytest" errors="0" failures="0" skipped="0" tests="13" time="2.045" timestamp="2026-03-29T18:56:53.752367+00:00" hostname="agent-env-90b66b89-6b02-40be-8ee4-6ae3921fb55f"><testcase classname="backend.tests.test_decisions_grouping_iter147.TestDecisionsAPI" name="test_decisions_endpoint_returns_200" time="0.415" /><testcase classname="backend.tests.test_decisions_grouping_iter147.TestDecisionsAPI" name="test_decisions_response_structure" time="0.056" /><testcase classname="backend.tests.test_decisions_grouping_iter147.TestDecisionsAPI" name="test_decisions_have_appointment_id" time="0.054" /><testcase classname="backend.tests.test_decisions_grouping_iter147.TestDecisionsAPI" name="test_decisions_have_required_fields" time="0.054" /><testcase classname="backend.tests.test_decisions_grouping_iter147.TestDecisionsAPI" name="test_financial_impact_structure" time="0.059" /><testcase classname="backend.tests.test_decisions_grouping_iter147.TestDecisionsAPI" name="test_count_decisions_by_appointment" time="0.050" /><testcase classname="backend.tests.test_decisions_grouping_iter147.TestDecisionsAPI" name="test_appointment_location_fields" time="0.050" /><testcase classname="backend.tests.test_decisions_grouping_iter147.TestDecisionsAPI" name="test_final_outcome_values" time="0.051" /><testcase classname="backend.tests.test_decisions_grouping_iter147.TestNotificationAPI" name="test_notification_counts_endpoint" time="0.381" /><testcase classname="backend.tests.test_decisions_grouping_iter147.TestNotificationAPI" name="test_unread_ids_decision_type" time="0.075" /><testcase classname="backend.tests.test_decisions_grouping_iter147.TestNotificationAPI" name="test_mark_read_endpoint" time="0.050" /><testcase classname="backend.tests.test_decisions_grouping_iter147.TestDisputeDetailAPI" name="test_dispute_detail_endpoint" time="0.519" /><testcase classname="backend.tests.test_decisions_grouping_iter147.TestDisputeDetailAPI" name="test_dispute_detail_has_financial_context" time="0.113" /></testsuite></testsuites>