<?xml version="1.0" encoding="utf-8"?><testsuites name="pytest tests"><testsuite name="pytest" errors="0" failures="0" skipped="0" tests="15" time="2.819" timestamp="2026-03-29T22:41:16.859604+00:00" hostname="agent-env-90b66b89-6b02-40be-8ee4-6ae3921fb55f"><testcase classname="backend.tests.test_nlyt_qa_lot3_iter154.TestBlocI_CharityPayoutsAdmin" name="test_I1_payouts_dashboard_returns_associations_with_kpis" time="0.597" /><testcase classname="backend.tests.test_nlyt_qa_lot3_iter154.TestBlocI_CharityPayoutsAdmin" name="test_I2_partial_payout_success" time="0.216" /><testcase classname="backend.tests.test_nlyt_qa_lot3_iter154.TestBlocI_CharityPayoutsAdmin" name="test_I3_payout_exceeds_balance_returns_400" time="0.226" /><testcase classname="backend.tests.test_nlyt_qa_lot3_iter154.TestBlocI_CharityPayoutsAdmin" name="test_I4_payout_without_iban_returns_400" time="0.119" /><testcase classname="backend.tests.test_nlyt_qa_lot3_iter154.TestBlocI_CharityPayoutsAdmin" name="test_I5_payout_nonexistent_association_returns_404" time="0.121" /><testcase classname="backend.tests.test_nlyt_qa_lot3_iter154.TestBlocI_CharityPayoutsAdmin" name="test_I6_payouts_filtered_by_association" time="0.102" /><testcase classname="backend.tests.test_nlyt_qa_lot3_iter154.TestBlocI_CharityPayoutsAdmin" name="test_I7_invalid_iban_validation" time="0.103" /><testcase classname="backend.tests.test_nlyt_qa_lot3_iter154.TestBlocI_CharityPayoutsAdmin" name="test_I_SECURITY_non_admin_cannot_create_payout" time="0.451" /><testcase classname="backend.tests.test_nlyt_qa_lot3_iter154.TestBlocK_Notifications" name="test_K1_get_notification_counts" time="0.111" /><testcase classname="backend.tests.test_nlyt_qa_lot3_iter154.TestBlocK_Notifications" name="test_K2_mark_notification_as_read" time="0.112" /><testcase classname="backend.tests.test_nlyt_qa_lot3_iter154.TestBlocK_Notifications" name="test_K3_get_unread_ids_by_event_type" time="0.105" /><testcase classname="backend.tests.test_nlyt_qa_lot3_iter154.TestBlocK_Notifications" name="test_K3_invalid_event_type_returns_400" time="0.129" /><testcase classname="backend.tests.test_nlyt_qa_lot3_iter154.TestBlocI_AdditionalValidation" name="test_I_payout_requires_positive_amount" time="0.103" /><testcase classname="backend.tests.test_nlyt_qa_lot3_iter154.TestBlocI_AdditionalValidation" name="test_I_payout_requires_bank_reference" time="0.106" /><testcase classname="backend.tests.test_nlyt_qa_lot3_iter154.TestBlocI_AdditionalValidation" name="test_I_dashboard_requires_admin" time="0.128" /></testsuite></testsuites>