<?xml version="1.0" encoding="utf-8"?><testsuites name="pytest tests"><testsuite name="pytest" errors="0" failures="0" skipped="0" tests="13" time="1.850" timestamp="2026-03-22T00:17:14.110857+00:00" hostname="agent-env-a72919b5-f2b3-43ce-b113-065027171a4b"><testcase classname="backend.tests.test_timezone_fix.TestBackendUTCFormat" name="test_api_health" time="0.195" /><testcase classname="backend.tests.test_timezone_fix.TestBackendUTCFormat" name="test_invitation_api_returns_utc_with_z_suffix" time="0.105" /><testcase classname="backend.tests.test_timezone_fix.TestBackendUTCFormat" name="test_invitation_api_token_2_returns_utc" time="0.104" /><testcase classname="backend.tests.test_timezone_fix.TestBackendUTCFormat" name="test_appointments_list_returns_utc" time="0.480" /><testcase classname="backend.tests.test_timezone_fix.TestBackendUTCFormat" name="test_single_appointment_returns_utc" time="0.169" /><testcase classname="backend.tests.test_timezone_fix.TestDateConsistency" name="test_invitation_and_appointment_have_same_datetime" time="0.547" /><testcase classname="backend.tests.test_timezone_fix.TestDateConsistency" name="test_second_invitation_consistency" time="0.174" /><testcase classname="backend.tests.test_timezone_fix.TestLegacyDateNormalization" name="test_normalize_to_utc_function" time="0.003" /><testcase classname="backend.tests.test_timezone_fix.TestLegacyDateNormalization" name="test_parse_iso_datetime_function" time="0.000" /><testcase classname="backend.tests.test_timezone_fix.TestFrontendDateFormatUtility" name="test_dateformat_js_exists" time="0.000" /><testcase classname="backend.tests.test_timezone_fix.TestFrontendDateFormatUtility" name="test_invitation_page_uses_formatDateTimeFr" time="0.000" /><testcase classname="backend.tests.test_timezone_fix.TestFrontendDateFormatUtility" name="test_appointment_detail_uses_formatDateTimeFr" time="0.000" /><testcase classname="backend.tests.test_timezone_fix.TestFrontendDateFormatUtility" name="test_organizer_dashboard_uses_formatDateTimeCompactFr" time="0.000" /></testsuite></testsuites>