<?xml version="1.0" encoding="utf-8"?><testsuites name="pytest tests"><testsuite name="pytest" errors="0" failures="0" skipped="0" tests="12" time="1.094" timestamp="2026-03-27T03:38:18.721089+00:00" hostname="agent-env-ab65a6fa-fc0d-4305-b5a2-e4f205495028"><testcase classname="backend.tests.test_end_time_bucketing_iter101.TestEndTimeBucketing" name="test_a_in_progress_stays_upcoming" time="0.549" /><testcase classname="backend.tests.test_end_time_bucketing_iter101.TestEndTimeBucketing" name="test_b_ended_goes_to_past" time="0.000" /><testcase classname="backend.tests.test_end_time_bucketing_iter101.TestEndTimeBucketing" name="test_c_future_stays_upcoming" time="0.000" /><testcase classname="backend.tests.test_end_time_bucketing_iter101.TestEndTimeBucketing" name="test_d_cancelled_goes_to_past" time="0.000" /><testcase classname="backend.tests.test_end_time_bucketing_iter101.TestEndTimeBucketing" name="test_e_declined_goes_to_past" time="0.000" /><testcase classname="backend.tests.test_end_time_bucketing_iter101.TestEndTimeBucketing" name="test_f_organizer_action_required_uses_end_time" time="0.000" /><testcase classname="backend.tests.test_end_time_bucketing_iter101.TestEndTimeBucketing" name="test_g_participant_action_required_uses_end_time" time="0.000" /><testcase classname="backend.tests.test_end_time_bucketing_iter101.TestEndTimeBucketing" name="test_h_counts_coherence" time="0.000" /><testcase classname="backend.tests.test_end_time_bucketing_iter101.TestEndTimeBucketing" name="test_i_organizer_actions" time="0.000" /><testcase classname="backend.tests.test_end_time_bucketing_iter101.TestEndTimeBucketing" name="test_j_verify_in_progress_logic" time="0.000" /><testcase classname="backend.tests.test_end_time_bucketing_iter101.TestEndTimeBucketing" name="test_k_no_regression" time="0.000" /><testcase classname="backend.tests.test_end_time_bucketing_iter101.TestSpecificAppointment" name="test_specific_appointment_details" time="0.472" /></testsuite></testsuites>