<?xml version="1.0" encoding="utf-8"?><testsuites name="pytest tests"><testsuite name="pytest" errors="0" failures="3" skipped="0" tests="12" time="4.183" timestamp="2026-03-29T03:58:21.878548+00:00" hostname="agent-env-2b9e73b7-1ca6-44eb-b5ce-1f2cc8594cf9"><testcase classname="tests.test_result_cards_removal_iter125.TestResultCardsRemoval" name="test_health_endpoint_still_works" time="0.175" /><testcase classname="tests.test_result_cards_removal_iter125.TestResultCardsRemoval" name="test_get_result_card_by_id_returns_404" time="0.174" /><testcase classname="tests.test_result_cards_removal_iter125.TestResultCardsRemoval" name="test_post_result_cards_returns_404" time="0.098" /><testcase classname="tests.test_result_cards_removal_iter125.TestResultCardsRemoval" name="test_get_my_cards_returns_404" time="0.106" /><testcase classname="tests.test_result_cards_removal_iter125.TestExistingFunctionalityRegression" name="test_auth_login_works" time="0.355" /><testcase classname="tests.test_result_cards_removal_iter125.TestExistingFunctionalityRegression" name="test_appointments_endpoint_works" time="0.468" /><testcase classname="tests.test_result_cards_removal_iter125.TestExistingFunctionalityRegression" name="test_appointment_detail_works_organizer" time="0.469"><failure message="AssertionError: assert 'id' in {'activated_at': '2026-03-29T02:44:01Z', 'affected_compensation_percent': 70.0, 'appointment_id': '884a22e1-e110-49ec-b785-2bab318b7084', 'appointment_timezone': 'Europe/Paris', ...}">tests/test_result_cards_removal_iter125.py:91: in test_appointment_detail_works_organizer
    assert "id" in data
E   AssertionError: assert 'id' in {'activated_at': '2026-03-29T02:44:01Z', 'affected_compensation_percent': 70.0, 'appointment_id': '884a22e1-e110-49ec-b785-2bab318b7084', 'appointment_timezone': 'Europe/Paris', ...}</failure></testcase><testcase classname="tests.test_result_cards_removal_iter125.TestExistingFunctionalityRegression" name="test_appointment_detail_works_participant" time="0.427"><failure message="AssertionError: assert 'id' in {'activated_at': '2026-03-29T02:42:41Z', 'affected_compensation_percent': 70.0, 'appointment_id': 'e823473a-f37a-4f59-8576-82e49ee22c53', 'appointment_timezone': 'Europe/Paris', ...}">tests/test_result_cards_removal_iter125.py:100: in test_appointment_detail_works_participant
    assert "id" in data
E   AssertionError: assert 'id' in {'activated_at': '2026-03-29T02:42:41Z', 'affected_compensation_percent': 70.0, 'appointment_id': 'e823473a-f37a-4f59-8576-82e49ee22c53', 'appointment_timezone': 'Europe/Paris', ...}</failure></testcase><testcase classname="tests.test_result_cards_removal_iter125.TestExistingFunctionalityRegression" name="test_financial_results_endpoint_works" time="0.486" /><testcase classname="tests.test_result_cards_removal_iter125.TestExistingFunctionalityRegression" name="test_wallet_endpoint_works" time="0.442" /><testcase classname="tests.test_result_cards_removal_iter125.TestExistingFunctionalityRegression" name="test_disputes_endpoint_works" time="0.417"><failure message="assert 404 == 200&#10; +  where 404 = &lt;Response [404]&gt;.status_code">tests/test_result_cards_removal_iter125.py:121: in test_disputes_endpoint_works
    assert response.status_code == 200
E   assert 404 == 200
E    +  where 404 = &lt;Response [404]&gt;.status_code</failure></testcase><testcase classname="tests.test_result_cards_removal_iter125.TestExistingFunctionalityRegression" name="test_attendance_endpoint_works" time="0.480" /></testsuite></testsuites>