<?xml version="1.0" encoding="utf-8"?><testsuites name="pytest tests"><testsuite name="pytest" errors="0" failures="0" skipped="0" tests="14" time="16.374" timestamp="2026-03-26T17:15:22.899453+00:00" hostname="agent-env-65f5c544-12fd-4dc2-bf90-0690563c6984"><testcase classname="backend.tests.test_stripe_connect_multiprofile.TestHealthCheck" name="test_health_endpoint" time="0.204" /><testcase classname="backend.tests.test_stripe_connect_multiprofile.TestConnectStatusFields" name="test_status_requires_auth" time="0.195" /><testcase classname="backend.tests.test_stripe_connect_multiprofile.TestConnectStatusFields" name="test_status_returns_business_type_field" time="0.619" /><testcase classname="backend.tests.test_stripe_connect_multiprofile.TestConnectOnboardIndividual" name="test_onboard_requires_auth" time="0.126" /><testcase classname="backend.tests.test_stripe_connect_multiprofile.TestConnectOnboardIndividual" name="test_onboard_individual_creates_account" time="3.894" /><testcase classname="backend.tests.test_stripe_connect_multiprofile.TestConnectOnboardIndividual" name="test_status_shows_individual_type" time="0.166" /><testcase classname="backend.tests.test_stripe_connect_multiprofile.TestConnectResetToCompany" name="test_reset_requires_auth" time="0.122" /><testcase classname="backend.tests.test_stripe_connect_multiprofile.TestConnectResetToCompany" name="test_reset_to_company_succeeds" time="3.695" /><testcase classname="backend.tests.test_stripe_connect_multiprofile.TestConnectResetToCompany" name="test_status_shows_company_type_after_reset" time="0.111" /><testcase classname="backend.tests.test_stripe_connect_multiprofile.TestConnectOnboardCompany" name="test_onboard_company_creates_account" time="3.573" /><testcase classname="backend.tests.test_stripe_connect_multiprofile.TestConnectResetBlocksSameType" name="test_reset_same_type_blocked" time="0.284" /><testcase classname="backend.tests.test_stripe_connect_multiprofile.TestConnectResetInvalidType" name="test_reset_invalid_type_rejected" time="0.104" /><testcase classname="backend.tests.test_stripe_connect_multiprofile.TestConnectOnboardInvalidType" name="test_onboard_invalid_type_rejected" time="0.117" /><testcase classname="backend.tests.test_stripe_connect_multiprofile.TestCleanupResetToIndividual" name="test_reset_back_to_individual" time="3.092" /></testsuite></testsuites>