<?xml version="1.0" encoding="utf-8"?><testsuites name="pytest tests"><testsuite name="pytest" errors="0" failures="0" skipped="0" tests="6" time="3.932" timestamp="2026-04-01T23:20:24.572576+00:00" hostname="agent-env-90b66b89-6b02-40be-8ee4-6ae3921fb55f"><testcase classname="backend.tests.test_default_message_iter171.TestDefaultMessageFeature" name="test_get_appointment_defaults_returns_default_message_field" time="0.621" /><testcase classname="backend.tests.test_default_message_iter171.TestDefaultMessageFeature" name="test_save_default_message_via_put" time="0.576" /><testcase classname="backend.tests.test_default_message_iter171.TestDefaultMessageFeature" name="test_default_message_returned_in_appointment_defaults_endpoint" time="0.637" /><testcase classname="backend.tests.test_default_message_iter171.TestDefaultMessageFeature" name="test_default_message_can_be_cleared" time="0.644" /><testcase classname="backend.tests.test_default_message_iter171.TestDefaultMessageFeature" name="test_default_message_max_length_2000" time="0.724" /><testcase classname="backend.tests.test_default_message_iter171.TestDefaultMessageFeature" name="test_get_user_settings_returns_default_message_after_save" time="0.663" /></testsuite></testsuites>