<?xml version="1.0" encoding="utf-8"?><testsuites name="pytest tests"><testsuite name="pytest" errors="0" failures="0" skipped="0" tests="11" time="1.320" timestamp="2026-03-23T18:19:08.789551+00:00" hostname="agent-env-c512fbfd-57ea-414c-9cb7-61faee396feb"><testcase classname="backend.tests.test_charity_impact.TestCharityImpactAPI" name="test_impact_requires_auth" time="0.659" /><testcase classname="backend.tests.test_charity_impact.TestCharityImpactAPI" name="test_impact_returns_required_fields" time="0.054" /><testcase classname="backend.tests.test_charity_impact.TestCharityImpactAPI" name="test_impact_returns_by_association_array" time="0.048" /><testcase classname="backend.tests.test_charity_impact.TestCharityImpactAPI" name="test_impact_returns_contributions_array" time="0.051" /><testcase classname="backend.tests.test_charity_impact.TestCharityImpactAPI" name="test_impact_totals_are_consistent" time="0.048" /><testcase classname="backend.tests.test_charity_impact.TestCharityImpactAPI" name="test_impact_currency_is_eur" time="0.053" /><testcase classname="backend.tests.test_charity_impact.TestCharityImpactAPI" name="test_impact_has_charity_data_from_demo_distribution" time="0.060" /><testcase classname="backend.tests.test_charity_impact.TestDistributionsCharityEnrichment" name="test_distributions_enriched_with_charity_association_id" time="0.059" /><testcase classname="backend.tests.test_charity_impact.TestDistributionsCharityEnrichment" name="test_distributions_charity_beneficiary_has_correct_role" time="0.062" /><testcase classname="backend.tests.test_charity_impact.TestImpactExclusionRules" name="test_impact_excludes_cancelled_distributions" time="0.107" /><testcase classname="backend.tests.test_charity_impact.TestImpactExclusionRules" name="test_impact_excludes_refunded_charity_beneficiaries" time="0.054" /></testsuite></testsuites>