<?xml version="1.0" encoding="utf-8"?><testsuites name="pytest tests"><testsuite name="pytest" errors="0" failures="0" skipped="1" tests="21" time="3.018" timestamp="2026-03-21T22:56:34.225910+00:00" hostname="agent-env-3ce1a9be-874a-4e2d-9af6-7cf5c2ebe21a"><testcase classname="backend.tests.test_smart_scoring_v2.TestForwardGeocoding" name="test_appointment_has_geocoded_coordinates" time="0.634" /><testcase classname="backend.tests.test_smart_scoring_v2.TestForwardGeocoding" name="test_appointment_location_address" time="0.126" /><testcase classname="backend.tests.test_smart_scoring_v2.TestReverseGeocoding" name="test_evidence_has_address_label" time="0.139" /><testcase classname="backend.tests.test_smart_scoring_v2.TestTemporalConsistency" name="test_too_early_temporal_consistency" time="0.118" /><testcase classname="backend.tests.test_smart_scoring_v2.TestTemporalConsistency" name="test_temporal_consistency_in_aggregation" time="0.106" /><testcase classname="backend.tests.test_smart_scoring_v2.TestGeographicConsistency" name="test_incoherent_geographic_consistency" time="0.168" /><testcase classname="backend.tests.test_smart_scoring_v2.TestGeographicConsistency" name="test_distance_calculation" time="0.147" /><testcase classname="backend.tests.test_smart_scoring_v2.TestGeographicConsistency" name="test_geographic_flag_in_aggregation" time="0.146" /><testcase classname="backend.tests.test_smart_scoring_v2.TestSmartConfidenceScoring" name="test_low_confidence_for_bad_temporal_and_geographic" time="0.109" /><testcase classname="backend.tests.test_smart_scoring_v2.TestSmartConfidenceScoring" name="test_weak_strength_for_bad_consistency" time="0.218" /><testcase classname="backend.tests.test_smart_scoring_v2.TestEvidenceEnrichedData" name="test_evidence_has_all_enriched_fields" time="0.110" /><testcase classname="backend.tests.test_smart_scoring_v2.TestEvidenceEnrichedData" name="test_aggregation_has_all_flags" time="0.139" /><testcase classname="backend.tests.test_smart_scoring_v2.TestGeographicThresholds" name="test_geographic_thresholds_documented" time="0.000" /><testcase classname="backend.tests.test_smart_scoring_v2.TestGeographicThresholds" name="test_gps_within_radius_flag" time="0.105" /><testcase classname="backend.tests.test_smart_scoring_v2.TestTemporalThresholds" name="test_temporal_thresholds_documented" time="0.000" /><testcase classname="backend.tests.test_smart_scoring_v2.TestSignalsInAggregation" name="test_signals_include_geographic_status" time="0.113" /><testcase classname="backend.tests.test_smart_scoring_v2.TestCheckinStatusWithSmartScoring" name="test_checkin_status_returns_evidence_with_smart_fields" time="0.109" /><testcase classname="backend.tests.test_smart_scoring_v2.TestQRCheckinWithTemporalConsistency" name="test_qr_checkin_includes_temporal_consistency" time="0.100"><skipped type="pytest.skip" message="No QR evidence found to verify temporal consistency">/app/backend/tests/test_smart_scoring_v2.py:505: No QR evidence found to verify temporal consistency</skipped></testcase><testcase classname="backend.tests.test_smart_scoring_v2.TestGPSCheckinWithSmartScoring" name="test_gps_checkin_includes_all_smart_fields" time="0.116" /><testcase classname="backend.tests.test_smart_scoring_v2.TestAggregationStrengthDegradation" name="test_strength_degraded_by_temporal_too_early" time="0.107" /><testcase classname="backend.tests.test_smart_scoring_v2.TestAggregationStrengthDegradation" name="test_strength_degraded_by_geographic_incoherent" time="0.112" /></testsuite></testsuites>