<?xml version="1.0" encoding="utf-8"?><testsuites name="pytest tests"><testsuite name="pytest" errors="0" failures="0" skipped="0" tests="17" time="2.694" timestamp="2026-03-23T00:32:04.225489+00:00" hostname="agent-env-a0d77db0-697c-4125-b928-a047e10568b4"><testcase classname="backend.tests.test_zoom_default_provider.TestProviderStatusEndpoint" name="test_provider_status_returns_200" time="0.579" /><testcase classname="backend.tests.test_zoom_default_provider.TestProviderStatusEndpoint" name="test_provider_status_has_zoom" time="0.106" /><testcase classname="backend.tests.test_zoom_default_provider.TestProviderStatusEndpoint" name="test_provider_status_has_teams" time="0.114" /><testcase classname="backend.tests.test_zoom_default_provider.TestProviderStatusEndpoint" name="test_provider_status_has_meet" time="0.197" /><testcase classname="backend.tests.test_zoom_default_provider.TestZoomProviderStructure" name="test_zoom_has_mode_central" time="0.161" /><testcase classname="backend.tests.test_zoom_default_provider.TestZoomProviderStructure" name="test_zoom_has_universal_true" time="0.114" /><testcase classname="backend.tests.test_zoom_default_provider.TestZoomProviderStructure" name="test_zoom_has_description" time="0.126" /><testcase classname="backend.tests.test_zoom_default_provider.TestZoomProviderStructure" name="test_zoom_has_label" time="0.153" /><testcase classname="backend.tests.test_zoom_default_provider.TestZoomProviderStructure" name="test_zoom_connected_status" time="0.132" /><testcase classname="backend.tests.test_zoom_default_provider.TestTeamsProviderStructure" name="test_teams_has_mode_user" time="0.099" /><testcase classname="backend.tests.test_zoom_default_provider.TestTeamsProviderStructure" name="test_teams_has_description" time="0.112" /><testcase classname="backend.tests.test_zoom_default_provider.TestTeamsProviderStructure" name="test_teams_has_label" time="0.114" /><testcase classname="backend.tests.test_zoom_default_provider.TestTeamsProviderStructure" name="test_teams_connected_status" time="0.101" /><testcase classname="backend.tests.test_zoom_default_provider.TestMeetProviderStructure" name="test_meet_has_mode_user" time="0.105" /><testcase classname="backend.tests.test_zoom_default_provider.TestMeetProviderStructure" name="test_meet_has_description" time="0.110" /><testcase classname="backend.tests.test_zoom_default_provider.TestMeetProviderStructure" name="test_meet_has_label" time="0.184" /><testcase classname="backend.tests.test_zoom_default_provider.TestMeetProviderStructure" name="test_meet_connected_status" time="0.118" /></testsuite></testsuites>