<?xml version="1.0" encoding="utf-8"?><testsuites name="pytest tests"><testsuite name="pytest" errors="0" failures="0" skipped="0" tests="19" time="3.294" timestamp="2026-03-26T18:49:15.046875+00:00" hostname="agent-env-a41dd07c-1ad8-43b3-9c5b-dc6247c7eb08"><testcase classname="backend.tests.test_external_events.TestExternalEventsAuth" name="test_import_settings_requires_auth" time="0.188" /><testcase classname="backend.tests.test_external_events.TestExternalEventsAuth" name="test_update_import_settings_requires_auth" time="0.150" /><testcase classname="backend.tests.test_external_events.TestExternalEventsAuth" name="test_sync_requires_auth" time="0.108" /><testcase classname="backend.tests.test_external_events.TestExternalEventsAuth" name="test_list_events_requires_auth" time="0.113" /><testcase classname="backend.tests.test_external_events.TestExternalEventsImportSettings" name="test_get_import_settings_success" time="0.563" /><testcase classname="backend.tests.test_external_events.TestExternalEventsImportSettings" name="test_get_import_settings_structure" time="0.104" /><testcase classname="backend.tests.test_external_events.TestExternalEventsUpdateSettings" name="test_update_settings_invalid_provider" time="0.170" /><testcase classname="backend.tests.test_external_events.TestExternalEventsUpdateSettings" name="test_update_settings_missing_enabled" time="0.116" /><testcase classname="backend.tests.test_external_events.TestExternalEventsUpdateSettings" name="test_update_settings_invalid_enabled_type" time="0.117" /><testcase classname="backend.tests.test_external_events.TestExternalEventsUpdateSettings" name="test_update_settings_no_connection" time="0.150" /><testcase classname="backend.tests.test_external_events.TestExternalEventsSync" name="test_sync_returns_results" time="0.152" /><testcase classname="backend.tests.test_external_events.TestExternalEventsSync" name="test_sync_with_force_flag" time="0.110" /><testcase classname="backend.tests.test_external_events.TestExternalEventsSync" name="test_sync_without_body" time="0.273" /><testcase classname="backend.tests.test_external_events.TestExternalEventsList" name="test_list_events_returns_structure" time="0.119" /><testcase classname="backend.tests.test_external_events.TestExternalEventsList" name="test_list_events_empty_when_no_providers" time="0.105" /><testcase classname="backend.tests.test_external_events.TestHealthAndRegression" name="test_health_endpoint" time="0.116" /><testcase classname="backend.tests.test_external_events.TestHealthAndRegression" name="test_auth_login_works" time="0.347" /><testcase classname="backend.tests.test_external_events.TestHealthAndRegression" name="test_workspaces_list_works" time="0.101" /><testcase classname="backend.tests.test_external_events.TestHealthAndRegression" name="test_calendar_connections_list_works" time="0.120" /></testsuite></testsuites>