<?xml version="1.0" encoding="utf-8"?><testsuites name="pytest tests"><testsuite name="pytest" errors="0" failures="0" skipped="0" tests="9" time="4.126" timestamp="2026-03-24T20:39:05.597578+00:00" hostname="agent-env-d3773ac4-e45c-4c85-bbb7-1176ab83624a"><testcase classname="tests.test_two_level_oauth.TestTwoLevelOAuth" name="test_connect_outlook_returns_base_scopes" time="0.427" /><testcase classname="tests.test_two_level_oauth.TestTwoLevelOAuth" name="test_teams_upgrade_returns_teams_scopes" time="0.415" /><testcase classname="tests.test_two_level_oauth.TestTwoLevelOAuth" name="test_teams_upgrade_requires_outlook_connection" time="0.474" /><testcase classname="tests.test_two_level_oauth.TestTwoLevelOAuth" name="test_connections_include_has_online_meetings_scope" time="0.407" /><testcase classname="tests.test_two_level_oauth.TestTwoLevelOAuth" name="test_adapter_scope_definitions" time="0.326" /><testcase classname="tests.test_two_level_oauth.TestTwoLevelOAuth" name="test_get_authorization_url_accepts_scopes_param" time="0.344" /><testcase classname="tests.test_two_level_oauth.TestMeetingProviderServiceNonRegression" name="test_meeting_provider_service_reads_from_db" time="0.000" /><testcase classname="tests.test_two_level_oauth.TestMeetingProviderServiceNonRegression" name="test_meeting_provider_service_delegated_path_exists" time="0.000" /><testcase classname="tests.test_two_level_oauth.TestConflictDetectionRegression" name="test_conflict_check_endpoint_works" time="1.676" /></testsuite></testsuites>