<?xml version="1.0" encoding="utf-8"?><testsuites name="pytest tests"><testsuite name="pytest" errors="0" failures="0" skipped="0" tests="12" time="2.161" timestamp="2026-03-23T17:28:14.125375+00:00" hostname="agent-env-c512fbfd-57ea-414c-9cb7-61faee396feb"><testcase classname="backend.tests.test_stripe_connect_phase2.TestHealthCheck" name="test_health_endpoint" time="0.264" /><testcase classname="backend.tests.test_stripe_connect_phase2.TestConnectOnboard" name="test_onboard_requires_auth" time="0.140" /><testcase classname="backend.tests.test_stripe_connect_phase2.TestConnectOnboard" name="test_onboard_creates_simulated_account" time="0.509" /><testcase classname="backend.tests.test_stripe_connect_phase2.TestConnectOnboard" name="test_onboard_is_idempotent" time="0.235" /><testcase classname="backend.tests.test_stripe_connect_phase2.TestConnectStatus" name="test_status_requires_auth" time="0.123" /><testcase classname="backend.tests.test_stripe_connect_phase2.TestConnectStatus" name="test_status_returns_full_details" time="0.101" /><testcase classname="backend.tests.test_stripe_connect_phase2.TestConnectDashboard" name="test_dashboard_requires_auth" time="0.103" /><testcase classname="backend.tests.test_stripe_connect_phase2.TestConnectDashboard" name="test_dashboard_returns_url_for_active_account" time="0.099" /><testcase classname="backend.tests.test_stripe_connect_phase2.TestWalletConnectIntegration" name="test_wallet_includes_connect_status" time="0.125" /><testcase classname="backend.tests.test_stripe_connect_phase2.TestWalletConnectIntegration" name="test_wallet_can_payout_with_active_status" time="0.105" /><testcase classname="backend.tests.test_stripe_connect_phase2.TestWalletTransactions" name="test_transactions_returns_structure" time="0.138" /><testcase classname="backend.tests.test_stripe_connect_phase2.TestWebhookHandlersExist" name="test_webhook_endpoint_exists" time="0.143" /></testsuite></testsuites>