<?xml version="1.0" encoding="utf-8"?><testsuites name="pytest tests"><testsuite name="pytest" errors="0" failures="0" skipped="0" tests="8" time="3.365" timestamp="2026-03-29T14:44:09.237677+00:00" hostname="agent-env-90b66b89-6b02-40be-8ee4-6ae3921fb55f"><testcase classname="backend.tests.test_modification_summary_iter135.TestModificationSummaryAPI" name="test_01_health_check" time="0.229" /><testcase classname="backend.tests.test_modification_summary_iter135.TestModificationSummaryAPI" name="test_02_login_organizer" time="0.398" /><testcase classname="backend.tests.test_modification_summary_iter135.TestModificationSummaryAPI" name="test_03_modifications_mine_endpoint" time="0.390" /><testcase classname="backend.tests.test_modification_summary_iter135.TestModificationSummaryAPI" name="test_04_modifications_mine_fields_structure" time="0.553" /><testcase classname="backend.tests.test_modification_summary_iter135.TestModificationSummaryAPI" name="test_05_timeline_with_modifications" time="0.488" /><testcase classname="backend.tests.test_modification_summary_iter135.TestModificationSummaryAPI" name="test_06_participant_login_and_modifications" time="0.410" /><testcase classname="backend.tests.test_modification_summary_iter135.TestModificationSummaryFields" name="test_07_contractual_fields_in_changes" time="0.432" /><testcase classname="backend.tests.test_modification_summary_iter135.TestModificationSummaryFields" name="test_08_original_values_for_comparison" time="0.388" /></testsuite></testsuites>