<?xml version="1.0" encoding="utf-8"?><testsuites name="pytest tests"><testsuite name="pytest" errors="0" failures="0" skipped="0" tests="15" time="2.045" timestamp="2026-03-23T18:46:03.085273+00:00" hostname="agent-env-c512fbfd-57ea-414c-9cb7-61faee396feb"><testcase classname="tests.test_payout_phase4.TestPayoutConditions" name="test_payout_success_dev_mode" time="0.629" /><testcase classname="tests.test_payout_phase4.TestPayoutConditions" name="test_payout_fails_insufficient_balance" time="0.062" /><testcase classname="tests.test_payout_phase4.TestPayoutConditions" name="test_payout_fails_below_minimum" time="0.054" /><testcase classname="tests.test_payout_phase4.TestPayoutConditions" name="test_payout_fails_connect_not_active" time="0.056" /><testcase classname="tests.test_payout_phase4.TestPayoutConditions" name="test_payout_idempotent_zero_balance" time="0.106" /><testcase classname="tests.test_payout_phase4.TestPayoutWalletDebit" name="test_payout_debits_wallet_atomically" time="0.165" /><testcase classname="tests.test_payout_phase4.TestPayoutWalletDebit" name="test_payout_creates_debit_transaction" time="0.111" /><testcase classname="tests.test_payout_phase4.TestPayoutDevMode" name="test_payout_dev_mode_completed_immediately" time="0.133" /><testcase classname="tests.test_payout_phase4.TestPayoutHistory" name="test_get_payouts_returns_history" time="0.110" /><testcase classname="tests.test_payout_phase4.TestPayoutHistory" name="test_get_payout_detail" time="0.115" /><testcase classname="tests.test_payout_phase4.TestPayoutHistory" name="test_get_payout_detail_access_control" time="0.055" /><testcase classname="tests.test_payout_phase4.TestWebhookHandlers" name="test_webhook_transfer_paid_marks_completed" time="0.016" /><testcase classname="tests.test_payout_phase4.TestWebhookHandlers" name="test_webhook_transfer_failed_recredits_wallet" time="0.008" /><testcase classname="tests.test_payout_phase4.TestWebhookHandlers" name="test_webhook_idempotent_skip_completed" time="0.007" /><testcase classname="tests.test_payout_phase4.TestFullPayoutFlow" name="test_full_payout_flow_dev_mode" time="0.322" /></testsuite></testsuites>