<?xml version="1.0" encoding="utf-8"?><testsuites name="pytest tests"><testsuite name="pytest" errors="0" failures="0" skipped="0" tests="8" time="1.543" timestamp="2026-03-28T15:36:06.582182+00:00" hostname="agent-env-35142ee7-ec2d-4a9b-9ace-05b6f64a5f4b"><testcase classname="backend.tests.test_presences_page_iter114.TestAttendanceSheetsEndpoint" name="test_pending_sheets_returns_200" time="0.584" /><testcase classname="backend.tests.test_presences_page_iter114.TestAttendanceSheetsEndpoint" name="test_pending_sheets_response_structure" time="0.146" /><testcase classname="backend.tests.test_presences_page_iter114.TestAttendanceSheetsEndpoint" name="test_pending_sheets_count_matches_list" time="0.103" /><testcase classname="backend.tests.test_presences_page_iter114.TestAttendanceSheetsEndpoint" name="test_pending_sheets_requires_auth" time="0.103" /><testcase classname="backend.tests.test_presences_page_iter114.TestOtherEndpointsNotAffected" name="test_dashboard_endpoint" time="0.219" /><testcase classname="backend.tests.test_presences_page_iter114.TestOtherEndpointsNotAffected" name="test_litiges_endpoint" time="0.119" /><testcase classname="backend.tests.test_presences_page_iter114.TestOtherEndpointsNotAffected" name="test_auth_me_endpoint" time="0.104" /><testcase classname="backend.tests.test_presences_page_iter114.TestNoReclassifyEndpointOnPresences" name="test_reclassify_endpoint_exists_but_separate" time="0.102" /></testsuite></testsuites>