<?xml version="1.0" encoding="utf-8"?><testsuites name="pytest tests"><testsuite name="pytest" errors="0" failures="0" skipped="0" tests="6" time="0.979" timestamp="2026-03-27T14:04:23.487707+00:00" hostname="agent-env-35142ee7-ec2d-4a9b-9ace-05b6f64a5f4b"><testcase classname="backend.tests.test_financial_results_iter106.TestFinancialSummaryAPI" name="test_01_appointment_with_penalties_has_financial_summary" time="0.634" /><testcase classname="backend.tests.test_financial_results_iter106.TestFinancialSummaryAPI" name="test_02_penalized_participant_has_correct_fields" time="0.057" /><testcase classname="backend.tests.test_financial_results_iter106.TestFinancialSummaryAPI" name="test_03_beneficiaries_structure" time="0.051" /><testcase classname="backend.tests.test_financial_results_iter106.TestFinancialSummaryAPI" name="test_04_compensation_received_cents_for_organizer" time="0.058" /><testcase classname="backend.tests.test_financial_results_iter106.TestFinancialSummaryAPI" name="test_05_clean_results_appointment" time="0.058" /><testcase classname="backend.tests.test_financial_results_iter106.TestFinancialSummaryAPI" name="test_06_review_required_field" time="0.055" /></testsuite></testsuites>