<?xml version="1.0" encoding="utf-8"?><testsuites name="pytest tests"><testsuite name="pytest" errors="0" failures="0" skipped="1" tests="7" time="1.946" timestamp="2026-03-27T13:43:02.857913+00:00" hostname="agent-env-35142ee7-ec2d-4a9b-9ace-05b6f64a5f4b"><testcase classname="tests.test_disputes_iter105.TestDisputesFeatures" name="test_01_pending_reviews_list_endpoint_exists" time="0.495" /><testcase classname="tests.test_disputes_iter105.TestDisputesFeatures" name="test_02_pending_reviews_enriched_data" time="0.106" /><testcase classname="tests.test_disputes_iter105.TestDisputesFeatures" name="test_03_pending_reviews_has_decision_basis" time="0.102" /><testcase classname="tests.test_disputes_iter105.TestDisputesFeatures" name="test_04_reclassify_endpoint_exists" time="0.230" /><testcase classname="tests.test_disputes_iter105.TestDisputesFeatures" name="test_05_reclassify_on_time_flow" time="0.384" /><testcase classname="tests.test_disputes_iter105.TestDisputesFeatures" name="test_06_empty_state_when_no_reviews" time="0.107" /><testcase classname="tests.test_disputes_iter105.TestReclassifyNoShow" name="test_reclassify_no_show_flow" time="0.461"><skipped type="pytest.skip" message="No pending reviews to test no_show reclassify">/app/backend/tests/test_disputes_iter105.py:211: No pending reviews to test no_show reclassify</skipped></testcase></testsuite></testsuites>