<?xml version="1.0" encoding="utf-8"?><testsuites name="pytest tests"><testsuite name="pytest" errors="0" failures="0" skipped="0" tests="17" time="2.354" timestamp="2026-03-27T02:09:09.422987+00:00" hostname="agent-env-ab65a6fa-fc0d-4305-b5a2-e4f205495028"><testcase classname="tests.test_invitation_enrichment.TestInvitationAPIEnrichment" name="test_invitation_returns_200" time="0.206" /><testcase classname="tests.test_invitation_enrichment.TestInvitationAPIEnrichment" name="test_appointment_has_cancellation_deadline_hours" time="0.129" /><testcase classname="tests.test_invitation_enrichment.TestInvitationAPIEnrichment" name="test_appointment_has_penalty_amount" time="0.131" /><testcase classname="tests.test_invitation_enrichment.TestInvitationAPIEnrichment" name="test_appointment_has_penalty_currency" time="0.138" /><testcase classname="tests.test_invitation_enrichment.TestInvitationAPIEnrichment" name="test_appointment_has_location_display_name" time="0.164" /><testcase classname="tests.test_invitation_enrichment.TestInvitationAPIEnrichment" name="test_appointment_has_affected_compensation_percent" time="0.128" /><testcase classname="tests.test_invitation_enrichment.TestInvitationAPIEnrichment" name="test_appointment_has_platform_commission_percent" time="0.117" /><testcase classname="tests.test_invitation_enrichment.TestInvitationAPIEnrichment" name="test_appointment_has_charity_percent" time="0.108" /><testcase classname="tests.test_invitation_enrichment.TestInvitationAPIEnrichment" name="test_response_has_confirmed_count" time="0.172" /><testcase classname="tests.test_invitation_enrichment.TestInvitationAPIEnrichment" name="test_response_has_total_participants" time="0.113" /><testcase classname="tests.test_invitation_enrichment.TestTrustSignal" name="test_trust_signal_visible_when_confirmed_count_gt_0" time="0.175" /><testcase classname="tests.test_invitation_enrichment.TestTrustSignal" name="test_trust_signal_hidden_when_confirmed_count_eq_0" time="0.114" /><testcase classname="tests.test_invitation_enrichment.TestMeetingLinkSecurity" name="test_meeting_url_hidden_for_invited_participant" time="0.117" /><testcase classname="tests.test_invitation_enrichment.TestMeetingLinkSecurity" name="test_meeting_url_visible_for_finalized_participant" time="0.127" /><testcase classname="tests.test_invitation_enrichment.TestParticipantBadges" name="test_other_participants_have_status" time="0.112" /><testcase classname="tests.test_invitation_enrichment.TestEngagementRulesCard" name="test_engagement_rules_present" time="0.124" /><testcase classname="tests.test_invitation_enrichment.TestPhysicalAppointmentLocation" name="test_physical_appointment_shows_location" time="0.108" /></testsuite></testsuites>