<?xml version="1.0" encoding="utf-8"?><testsuites name="pytest tests"><testsuite name="pytest" errors="0" failures="0" skipped="0" tests="10" time="2.079" timestamp="2026-03-29T02:39:02.874246+00:00" hostname="agent-env-2b9e73b7-1ca6-44eb-b5ce-1f2cc8594cf9"><testcase classname="backend.tests.test_participant_ux_parity_iter121.TestCancelParticipationEndpoint" name="test_cancel_endpoint_exists" time="0.300" /><testcase classname="backend.tests.test_participant_ux_parity_iter121.TestCancelParticipationEndpoint" name="test_cancel_requires_accepted_status" time="0.472" /><testcase classname="backend.tests.test_participant_ux_parity_iter121.TestDashboardTimelineParticipantData" name="test_timeline_returns_invitation_token_for_participants" time="0.093" /><testcase classname="backend.tests.test_participant_ux_parity_iter121.TestDashboardTimelineParticipantData" name="test_timeline_returns_accepted_count_for_engagement_signal" time="0.137" /><testcase classname="backend.tests.test_participant_ux_parity_iter121.TestDashboardTimelineParticipantData" name="test_timeline_returns_participant_status" time="0.113" /><testcase classname="backend.tests.test_participant_ux_parity_iter121.TestAppointmentDetailParticipantView" name="test_participant_can_view_appointment_detail" time="0.180" /><testcase classname="backend.tests.test_participant_ux_parity_iter121.TestOrganizerExperienceNotDegraded" name="test_organizer_timeline_has_progress_data" time="0.356" /><testcase classname="backend.tests.test_participant_ux_parity_iter121.TestOrganizerExperienceNotDegraded" name="test_organizer_can_view_appointment_detail" time="0.121" /><testcase classname="backend.tests.test_participant_ux_parity_iter121.TestCalendarICSExport" name="test_ics_export_endpoint_exists" time="0.152" /><testcase classname="backend.tests.test_participant_ux_parity_iter121.TestAPIWiring" name="test_invitation_cancel_api_wiring" time="0.050" /></testsuite></testsuites>