<?xml version="1.0" encoding="utf-8"?><testsuites name="pytest tests"><testsuite name="pytest" errors="0" failures="0" skipped="0" tests="26" time="0.844" timestamp="2026-03-27T03:14:48.356140+00:00" hostname="agent-env-ab65a6fa-fc0d-4305-b5a2-e4f205495028"><testcase classname="backend.tests.test_action_required_audit_iter99.TestActionRequiredInvited" name="test_invited_participants_in_action_required" time="0.765" /><testcase classname="backend.tests.test_action_required_audit_iter99.TestActionRequiredInvited" name="test_invited_items_have_accept_decline_actions" time="0.000" /><testcase classname="backend.tests.test_action_required_audit_iter99.TestActionRequiredPendingGuarantee" name="test_pending_guarantee_in_action_required" time="0.000" /><testcase classname="backend.tests.test_action_required_audit_iter99.TestActionRequiredPendingGuarantee" name="test_pending_guarantee_has_finalize_action" time="0.000" /><testcase classname="backend.tests.test_action_required_audit_iter99.TestActionRequiredPendingGuarantee" name="test_pending_guarantee_has_correct_label" time="0.000" /><testcase classname="backend.tests.test_action_required_audit_iter99.TestActionRequiredPendingGuarantee" name="test_specific_pending_guarantee_appointment" time="0.000" /><testcase classname="backend.tests.test_action_required_audit_iter99.TestActionRequiredExclusions" name="test_accepted_not_in_action_required" time="0.000" /><testcase classname="backend.tests.test_action_required_audit_iter99.TestActionRequiredExclusions" name="test_accepted_guaranteed_not_in_action_required" time="0.000" /><testcase classname="backend.tests.test_action_required_audit_iter99.TestActionRequiredExclusions" name="test_declined_not_in_action_required" time="0.000" /><testcase classname="backend.tests.test_action_required_audit_iter99.TestOrganizerNeverInActionRequired" name="test_no_organizer_items_in_action_required" time="0.000" /><testcase classname="backend.tests.test_action_required_audit_iter99.TestOrganizerNeverInActionRequired" name="test_organizer_items_have_action_required_false" time="0.000" /><testcase classname="backend.tests.test_action_required_audit_iter99.TestCancelledToHistorique" name="test_no_cancelled_in_upcoming" time="0.000" /><testcase classname="backend.tests.test_action_required_audit_iter99.TestCancelledToHistorique" name="test_cancelled_in_past_bucket" time="0.000" /><testcase classname="backend.tests.test_action_required_audit_iter99.TestCancelledToHistorique" name="test_known_cancelled_appointments_in_past" time="0.000" /><testcase classname="backend.tests.test_action_required_audit_iter99.TestCancelledNotInActionRequired" name="test_no_cancelled_in_action_required" time="0.000" /><testcase classname="backend.tests.test_action_required_audit_iter99.TestCancelledNotInActionRequired" name="test_action_required_items_not_cancelled" time="0.000" /><testcase classname="backend.tests.test_action_required_audit_iter99.TestDashboardCounts" name="test_counts_match_bucket_lengths" time="0.000" /><testcase classname="backend.tests.test_action_required_audit_iter99.TestDashboardCounts" name="test_total_count_is_sum" time="0.000" /><testcase classname="backend.tests.test_action_required_audit_iter99.TestDashboardCounts" name="test_action_required_count_only_participant_actions" time="0.000" /><testcase classname="backend.tests.test_action_required_audit_iter99.TestTimelineItemStructure" name="test_upcoming_items_have_required_fields" time="0.000" /><testcase classname="backend.tests.test_action_required_audit_iter99.TestTimelineItemStructure" name="test_organizer_items_have_participant_counts" time="0.000" /><testcase classname="backend.tests.test_action_required_audit_iter99.TestTimelineItemStructure" name="test_organizer_items_have_correct_actions" time="0.000" /><testcase classname="backend.tests.test_action_required_audit_iter99.TestPastItems" name="test_past_items_exist" time="0.000" /><testcase classname="backend.tests.test_action_required_audit_iter99.TestPastItems" name="test_past_items_have_required_fields" time="0.000" /><testcase classname="backend.tests.test_action_required_audit_iter99.TestPastItems" name="test_past_items_sorted_reverse_chronological" time="0.000" /><testcase classname="backend.tests.test_action_required_audit_iter99.TestActionRequiredValidStatuses" name="test_only_invited_or_pending_guarantee_in_action_required" time="0.000" /></testsuite></testsuites>