<?xml version="1.0" encoding="utf-8"?><testsuites name="pytest tests"><testsuite name="pytest" errors="0" failures="0" skipped="0" tests="14" time="4.010" timestamp="2026-03-29T19:39:52.952692+00:00" hostname="agent-env-90b66b89-6b02-40be-8ee4-6ae3921fb55f"><testcase classname="backend.tests.test_oauth_iter149.TestMicrosoftOAuthLogin" name="test_microsoft_login_returns_authorization_url" time="0.279" /><testcase classname="backend.tests.test_oauth_iter149.TestMicrosoftOAuthLogin" name="test_microsoft_login_url_contains_correct_scopes" time="0.118" /><testcase classname="backend.tests.test_oauth_iter149.TestMicrosoftOAuthLogin" name="test_microsoft_login_url_contains_correct_redirect_uri" time="0.110" /><testcase classname="backend.tests.test_oauth_iter149.TestGoogleOAuthCallback" name="test_google_callback_invalid_session_returns_401" time="0.263" /><testcase classname="backend.tests.test_oauth_iter149.TestGoogleOAuthCallback" name="test_google_callback_missing_session_id_returns_422" time="0.140" /><testcase classname="backend.tests.test_oauth_iter149.TestMicrosoftOAuthCallback" name="test_microsoft_callback_invalid_code_returns_401" time="0.417" /><testcase classname="backend.tests.test_oauth_iter149.TestMicrosoftOAuthCallback" name="test_microsoft_callback_missing_code_returns_422" time="0.095" /><testcase classname="backend.tests.test_oauth_iter149.TestOAuthOnlyUserLogin" name="test_oauth_only_user_password_login_returns_clear_error" time="0.190" /><testcase classname="backend.tests.test_oauth_iter149.TestExistingEmailPasswordLogin" name="test_existing_user_login_works" time="0.359" /><testcase classname="backend.tests.test_oauth_iter149.TestExistingEmailPasswordLogin" name="test_admin_login_works" time="0.363" /><testcase classname="backend.tests.test_oauth_iter149.TestExistingEmailPasswordLogin" name="test_invalid_password_returns_error" time="0.325" /><testcase classname="backend.tests.test_oauth_iter149.TestAccountLinking" name="test_user_without_oauth_has_no_provider_ids" time="0.005" /><testcase classname="backend.tests.test_oauth_iter149.TestAccountLinking" name="test_oauth_helper_function_exists" time="1.141" /><testcase classname="backend.tests.test_oauth_iter149.TestHealthCheck" name="test_health_endpoint" time="0.099" /></testsuite></testsuites>