<?xml version="1.0" encoding="utf-8"?><testsuites name="pytest tests"><testsuite name="pytest" errors="2" failures="0" skipped="0" tests="12" time="4.998" timestamp="2026-03-27T02:50:55.913338+00:00" hostname="agent-env-ab65a6fa-fc0d-4305-b5a2-e4f205495028"><testcase classname="backend.tests.test_participant_checkin_bugfix.TestParticipantCheckinBugFix" name="test_my_timeline_returns_data" time="0.612" /><testcase classname="backend.tests.test_participant_checkin_bugfix.TestParticipantCheckinBugFix" name="test_timeline_participant_items_have_invitation_token" time="0.454" /><testcase classname="backend.tests.test_participant_checkin_bugfix.TestParticipantCheckinBugFix" name="test_appointment_detail_returns_viewer_role" time="0.558" /><testcase classname="backend.tests.test_participant_checkin_bugfix.TestParticipantCheckinBugFix" name="test_participant_view_has_invitation_token" time="0.528" /><testcase classname="backend.tests.test_participant_checkin_bugfix.TestParticipantCheckinBugFix" name="test_checkin_manual_requires_invitation_token" time="0.389" /><testcase classname="backend.tests.test_participant_checkin_bugfix.TestParticipantCheckinBugFix" name="test_checkin_manual_with_invalid_token" time="0.413" /><testcase classname="backend.tests.test_participant_checkin_bugfix.TestParticipantCheckinBugFix" name="test_checkin_manual_payload_structure" time="0.394" /><testcase classname="backend.tests.test_participant_checkin_bugfix.TestParticipantCheckinBugFix" name="test_checkin_status_returns_checked_in_field" time="0.492" /><testcase classname="backend.tests.test_participant_checkin_bugfix.TestParticipantCheckinBugFix" name="test_double_checkin_returns_409" time="0.383" /><testcase classname="backend.tests.test_participant_checkin_bugfix.TestParticipantCheckinBugFix" name="test_unauthenticated_evidence_returns_401" time="0.448" /><testcase classname="backend.tests.test_participant_checkin_bugfix.TestParticipantCheckinBugFix" name="test_evidence_endpoint_accessible_by_participant" time="0.116"><error message="failed on setup with &quot;AssertionError: Login failed: {&quot;error&quot;:&quot;Rate limit exceeded: 10 per 1 minute&quot;}&#10;assert 429 == 200&#10; +  where 429 = &lt;Response [429]&gt;.status_code&quot;">backend/tests/test_participant_checkin_bugfix.py:43: in setup
    assert login_resp.status_code == 200, f"Login failed: {login_resp.text}"
E   AssertionError: Login failed: {"error":"Rate limit exceeded: 10 per 1 minute"}
E   assert 429 == 200
E    +  where 429 = &lt;Response [429]&gt;.status_code</error></testcase><testcase classname="backend.tests.test_participant_checkin_bugfix.TestAcceptedPendingGuaranteeStatus" name="test_resolve_participant_accepts_pending_guarantee" time="0.108"><error message="failed on setup with &quot;assert 429 == 200&#10; +  where 429 = &lt;Response [429]&gt;.status_code&quot;">backend/tests/test_participant_checkin_bugfix.py:292: in setup
    assert login_resp.status_code == 200
E   assert 429 == 200
E    +  where 429 = &lt;Response [429]&gt;.status_code</error></testcase></testsuite></testsuites>