<?xml version="1.0" encoding="utf-8"?><testsuites name="pytest tests"><testsuite name="pytest" errors="0" failures="0" skipped="1" tests="9" time="2.192" timestamp="2026-03-22T11:18:23.081202+00:00" hostname="agent-env-ce74d456-3b66-499d-8c8d-9e90e6c5ae67"><testcase classname="backend.tests.test_source_trust.TestSourceTrustManualIngest" name="test_manual_ingest_has_source_trust_manual_upload" time="0.865" /><testcase classname="backend.tests.test_source_trust.TestSourceTrustIngestionLog" name="test_ingestion_log_contains_source_trust" time="0.100" /><testcase classname="backend.tests.test_source_trust.TestSourceTrustAggregation" name="test_aggregate_evidence_returns_video_source_trust" time="0.127" /><testcase classname="backend.tests.test_source_trust.TestSourceTrustStrengthCapping" name="test_manual_upload_caps_strength_to_medium" time="0.095" /><testcase classname="backend.tests.test_source_trust.TestSourceTrustAttendanceService" name="test_attendance_video_context_includes_source_trust" time="0.228"><skipped type="pytest.skip" message="No video_context found in attendance records">/app/backend/tests/test_source_trust.py:346: No video_context found in attendance records</skipped></testcase><testcase classname="backend.tests.test_source_trust.TestSourceTrustFetchAttendanceCodePath" name="test_fetch_attendance_code_path_api_verified" time="0.098" /><testcase classname="backend.tests.test_source_trust.TestSourceTrustFileUpload" name="test_file_upload_has_source_trust_manual_upload" time="0.316" /><testcase classname="backend.tests.test_source_trust.TestExistingAppointmentSourceTrust" name="test_existing_appointment_video_evidence" time="0.301" /><testcase classname="backend.tests.test_source_trust.TestApiVerifiedStrength" name="test_api_verified_would_allow_strong_strength" time="0.000" /></testsuite></testsuites>