<?xml version="1.0" encoding="utf-8"?><testsuites name="pytest tests"><testsuite name="pytest" errors="0" failures="0" skipped="1" tests="10" time="4.224" timestamp="2026-03-25T01:27:55.436970+00:00" hostname="agent-env-7a44958d-9a70-4d1f-b729-4d0e6c377894"><testcase classname="backend.tests.test_per_provider_auto_sync.TestPerProviderAutoSyncSettings" name="test_get_auto_sync_settings_returns_arrays" time="0.503" /><testcase classname="backend.tests.test_per_provider_auto_sync.TestPerProviderAutoSyncSettings" name="test_enable_only_google_sync" time="0.393" /><testcase classname="backend.tests.test_per_provider_auto_sync.TestPerProviderAutoSyncSettings" name="test_enable_both_google_and_outlook_sync" time="0.437" /><testcase classname="backend.tests.test_per_provider_auto_sync.TestPerProviderAutoSyncSettings" name="test_disable_all_sync" time="0.392" /><testcase classname="backend.tests.test_per_provider_auto_sync.TestPerProviderAutoSyncSettings" name="test_legacy_format_enable_all_connected" time="0.389" /><testcase classname="backend.tests.test_per_provider_auto_sync.TestPerProviderAutoSyncSettings" name="test_legacy_format_disable_all" time="0.388" /><testcase classname="backend.tests.test_per_provider_auto_sync.TestPerProviderAutoSyncSettings" name="test_enable_only_outlook_sync" time="0.391" /><testcase classname="backend.tests.test_per_provider_auto_sync.TestPerProviderAutoSyncSettings" name="test_get_reflects_put_changes" time="0.470" /><testcase classname="backend.tests.test_per_provider_auto_sync.TestPerProviderAutoSyncSettings" name="test_invalid_provider_filtered" time="0.378" /><testcase classname="backend.tests.test_per_provider_auto_sync.TestAutoSyncSettingsNoConnections" name="test_legacy_enable_without_connections_fails" time="0.408"><skipped type="pytest.skip" message="User has calendar connections, skipping this test">/app/backend/tests/test_per_provider_auto_sync.py:254: User has calendar connections, skipping this test</skipped></testcase></testsuite></testsuites>