<?xml version="1.0" encoding="utf-8"?><testsuites name="pytest tests"><testsuite name="pytest" errors="0" failures="0" skipped="0" tests="18" time="23.352" timestamp="2026-03-26T17:36:18.516538+00:00" hostname="agent-env-65f5c544-12fd-4dc2-bf90-0690563c6984"><testcase classname="backend.tests.test_stripe_connect_3profile.TestHealthCheck" name="test_health_endpoint" time="0.217" /><testcase classname="backend.tests.test_stripe_connect_3profile.TestConnectStatusFields" name="test_status_requires_auth" time="0.181" /><testcase classname="backend.tests.test_stripe_connect_3profile.TestConnectStatusFields" name="test_status_returns_profile_type_and_business_type_fields" time="0.508" /><testcase classname="backend.tests.test_stripe_connect_3profile.TestOnboardParticulier" name="test_onboard_requires_auth" time="0.139" /><testcase classname="backend.tests.test_stripe_connect_3profile.TestOnboardParticulier" name="test_onboard_particulier_creates_individual_account" time="4.160" /><testcase classname="backend.tests.test_stripe_connect_3profile.TestOnboardParticulier" name="test_status_shows_particulier_profile_and_individual_business_type" time="0.158" /><testcase classname="backend.tests.test_stripe_connect_3profile.TestResetParticulierToIndependant" name="test_reset_particulier_to_independant_no_stripe_reset" time="0.202" /><testcase classname="backend.tests.test_stripe_connect_3profile.TestResetParticulierToIndependant" name="test_status_shows_independant_profile_and_individual_business_type" time="0.166" /><testcase classname="backend.tests.test_stripe_connect_3profile.TestResetIndependantToCompany" name="test_reset_independant_to_company_with_stripe_reset" time="3.894" /><testcase classname="backend.tests.test_stripe_connect_3profile.TestResetIndependantToCompany" name="test_status_shows_company_profile_and_not_started" time="0.121" /><testcase classname="backend.tests.test_stripe_connect_3profile.TestOnboardCompany" name="test_onboard_company_creates_company_account" time="5.058" /><testcase classname="backend.tests.test_stripe_connect_3profile.TestResetSameProfileTypeBlocked" name="test_reset_same_profile_type_blocked" time="0.467" /><testcase classname="backend.tests.test_stripe_connect_3profile.TestOnboardIndependant" name="test_reset_to_independant_first" time="3.695" /><testcase classname="backend.tests.test_stripe_connect_3profile.TestOnboardIndependant" name="test_onboard_independant_creates_individual_account" time="3.728" /><testcase classname="backend.tests.test_stripe_connect_3profile.TestOnboardIndependant" name="test_status_shows_independant_profile_and_individual_business_type" time="0.135" /><testcase classname="backend.tests.test_stripe_connect_3profile.TestInvalidProfileType" name="test_onboard_invalid_profile_type_rejected" time="0.206" /><testcase classname="backend.tests.test_stripe_connect_3profile.TestInvalidProfileType" name="test_reset_invalid_profile_type_rejected" time="0.115" /><testcase classname="backend.tests.test_stripe_connect_3profile.TestCleanupResetToCleanState" name="test_cleanup_reset_wallet" time="0.116" /></testsuite></testsuites>