<?xml version="1.0" encoding="utf-8"?><testsuites name="pytest tests"><testsuite name="pytest" errors="0" failures="0" skipped="0" tests="14" time="1.002" timestamp="2026-03-23T13:33:27.124847+00:00" hostname="agent-env-a01697a9-a355-4d70-bc2f-6782d635a839"><testcase classname="tests.test_checkin_notification.TestHealthEndpoint" name="test_health_returns_200" time="0.133" /><testcase classname="tests.test_checkin_notification.TestCheckinEndpointsExist" name="test_manual_checkin_endpoint_exists" time="0.132" /><testcase classname="tests.test_checkin_notification.TestCheckinEndpointsExist" name="test_qr_verify_endpoint_exists" time="0.095" /><testcase classname="tests.test_checkin_notification.TestCheckinEndpointsExist" name="test_gps_checkin_endpoint_exists" time="0.112" /><testcase classname="tests.test_checkin_notification.TestCheckinEndpointsExist" name="test_proof_checkin_endpoint_exists" time="0.142" /><testcase classname="tests.test_checkin_notification.TestCheckinNotificationService" name="test_idempotence_flag_prevents_duplicate_notifications" time="0.071" /><testcase classname="tests.test_checkin_notification.TestCheckinNotificationService" name="test_first_checkin_sets_flag" time="0.004" /><testcase classname="tests.test_checkin_notification.TestEmailContent" name="test_video_checkin_email_content" time="0.017" /><testcase classname="tests.test_checkin_notification.TestEmailContent" name="test_physical_checkin_email_content" time="0.001" /><testcase classname="tests.test_checkin_notification.TestEmailContent" name="test_organizer_label_in_email" time="0.001" /><testcase classname="tests.test_checkin_notification.TestRecipientFiltering" name="test_only_engaged_recipients_receive_notification" time="0.005" /><testcase classname="tests.test_checkin_notification.TestRecipientFiltering" name="test_self_exclusion_from_notification" time="0.004" /><testcase classname="tests.test_checkin_notification.TestIntegrationWithRealEndpoints" name="test_manual_checkin_with_valid_token" time="0.114" /><testcase classname="tests.test_checkin_notification.TestIntegrationWithRealEndpoints" name="test_video_proof_checkin_with_valid_token" time="0.108" /></testsuite></testsuites>