<?xml version="1.0" encoding="utf-8"?><testsuites name="pytest tests"><testsuite name="pytest" errors="0" failures="0" skipped="0" tests="7" time="0.930" timestamp="2026-03-26T18:13:38.689550+00:00" hostname="agent-env-a41dd07c-1ad8-43b3-9c5b-dc6247c7eb08"><testcase classname="backend.tests.test_invitation_refactoring.TestInvitationAPI" name="test_health_check" time="0.161" /><testcase classname="backend.tests.test_invitation_refactoring.TestInvitationAPI" name="test_invalid_invitation_token_returns_404" time="0.129" /><testcase classname="backend.tests.test_invitation_refactoring.TestInvitationAPI" name="test_invitation_respond_without_token_fails" time="0.119" /><testcase classname="backend.tests.test_invitation_refactoring.TestInvitationAPI" name="test_invitation_cancel_without_token_fails" time="0.124" /><testcase classname="backend.tests.test_invitation_refactoring.TestInvitationAPI" name="test_invitation_guarantee_status_without_token_fails" time="0.111" /><testcase classname="backend.tests.test_invitation_refactoring.TestInvitationAPI" name="test_checkin_status_without_valid_appointment_fails" time="0.120" /><testcase classname="backend.tests.test_invitation_refactoring.TestInvitationAPI" name="test_modifications_active_without_valid_appointment_fails" time="0.109" /></testsuite></testsuites>