<?xml version="1.0" encoding="utf-8"?><testsuites name="pytest tests"><testsuite name="pytest" errors="0" failures="0" skipped="0" tests="25" time="4.555" timestamp="2026-03-25T00:52:51.507762+00:00" hostname="agent-env-5811ed2e-36aa-4478-95c4-b2b8e6ab96e2"><testcase classname="tests.test_teams_level_feature.TestTeamsLevelFeature" name="test_clara_teams_level_is_advanced" time="0.544" /><testcase classname="tests.test_teams_level_feature.TestTeamsLevelFeature" name="test_clara_teams_has_attendance_true" time="0.115" /><testcase classname="tests.test_teams_level_feature.TestTeamsLevelFeature" name="test_clara_teams_can_auto_generate_true" time="0.117" /><testcase classname="tests.test_teams_level_feature.TestTeamsLevelFeature" name="test_clara_teams_connected_true" time="0.102" /><testcase classname="tests.test_teams_level_feature.TestTeamsLevelFeature" name="test_clara_teams_email_from_outlook" time="0.152" /><testcase classname="tests.test_teams_level_feature.TestTeamsLevelFeature" name="test_clara_teams_no_unavailable_reason" time="0.144" /><testcase classname="tests.test_teams_level_feature.TestTeamsLevelFeature" name="test_sandrine_teams_level_is_standard" time="0.487" /><testcase classname="tests.test_teams_level_feature.TestTeamsLevelFeature" name="test_sandrine_teams_has_attendance_false" time="0.109" /><testcase classname="tests.test_teams_level_feature.TestTeamsLevelFeature" name="test_sandrine_teams_can_auto_generate_true" time="0.125" /><testcase classname="tests.test_teams_level_feature.TestTeamsLevelFeature" name="test_sandrine_teams_connected_true" time="0.113" /><testcase classname="tests.test_teams_level_feature.TestTeamsLevelFeature" name="test_sandrine_teams_email_from_outlook" time="0.102" /><testcase classname="tests.test_teams_level_feature.TestTeamsLevelFeature" name="test_sandrine_teams_no_unavailable_reason" time="0.133" /><testcase classname="tests.test_teams_level_feature.TestTeamsLevelFeature" name="test_marie_teams_level_is_null" time="0.452" /><testcase classname="tests.test_teams_level_feature.TestTeamsLevelFeature" name="test_marie_teams_has_attendance_false" time="0.113" /><testcase classname="tests.test_teams_level_feature.TestTeamsLevelFeature" name="test_marie_teams_can_auto_generate_false" time="0.135" /><testcase classname="tests.test_teams_level_feature.TestTeamsLevelFeature" name="test_marie_teams_connected_false" time="0.130" /><testcase classname="tests.test_teams_level_feature.TestTeamsLevelFeature" name="test_marie_teams_has_unavailable_reason" time="0.105" /><testcase classname="tests.test_teams_level_feature.TestTeamsLevelFeature" name="test_marie_teams_email_is_none" time="0.128" /><testcase classname="tests.test_teams_level_feature.TestTeamsLevelResponseStructure" name="test_teams_has_level_field" time="0.457" /><testcase classname="tests.test_teams_level_feature.TestTeamsLevelResponseStructure" name="test_teams_has_has_attendance_field" time="0.138" /><testcase classname="tests.test_teams_level_feature.TestTeamsLevelResponseStructure" name="test_teams_has_can_auto_generate_field" time="0.120" /><testcase classname="tests.test_teams_level_feature.TestTeamsLevelResponseStructure" name="test_teams_has_connected_field" time="0.111" /><testcase classname="tests.test_teams_level_feature.TestTeamsLevelResponseStructure" name="test_teams_has_unavailable_reason_field" time="0.118" /><testcase classname="tests.test_teams_level_feature.TestTeamsLevelResponseStructure" name="test_teams_has_email_field" time="0.113" /><testcase classname="tests.test_teams_level_feature.TestTeamsLevelResponseStructure" name="test_teams_has_label_field" time="0.102" /></testsuite></testsuites>