<?xml version="1.0" encoding="utf-8"?><testsuites name="pytest tests"><testsuite name="pytest" errors="0" failures="0" skipped="0" tests="12" time="3.951" timestamp="2026-03-28T16:22:30.764571+00:00" hostname="agent-env-35142ee7-ec2d-4a9b-9ace-05b6f64a5f4b"><testcase classname="backend.tests.test_dispute_v4_symmetric_iter116.TestOldEndpointsRemoved" name="test_concede_endpoint_returns_404" time="0.489" /><testcase classname="backend.tests.test_dispute_v4_symmetric_iter116.TestOldEndpointsRemoved" name="test_maintain_endpoint_returns_404" time="0.115" /><testcase classname="backend.tests.test_dispute_v4_symmetric_iter116.TestDisputesMineEndpoint" name="test_disputes_mine_returns_v4_fields_for_organizer" time="0.130" /><testcase classname="backend.tests.test_dispute_v4_symmetric_iter116.TestDisputesMineEndpoint" name="test_disputes_mine_returns_v4_fields_for_participant" time="0.469" /><testcase classname="backend.tests.test_dispute_v4_symmetric_iter116.TestDisputeDetailEndpoint" name="test_dispute_detail_returns_v4_fields" time="0.252" /><testcase classname="backend.tests.test_dispute_v4_symmetric_iter116.TestPositionSubmission" name="test_invalid_position_rejected" time="0.248" /><testcase classname="backend.tests.test_dispute_v4_symmetric_iter116.TestPositionSubmission" name="test_non_party_user_rejected" time="1.211" /><testcase classname="backend.tests.test_dispute_v4_symmetric_iter116.TestPositionResolution" name="test_find_awaiting_positions_dispute" time="0.129" /><testcase classname="backend.tests.test_dispute_v4_symmetric_iter116.TestDoublePositionRejection" name="test_double_position_submission_rejected" time="0.232" /><testcase classname="backend.tests.test_dispute_v4_symmetric_iter116.TestDisputeStatusValues" name="test_status_values_are_v4_compliant" time="0.132" /><testcase classname="backend.tests.test_dispute_v4_symmetric_iter116.TestDeclarationSummary" name="test_declaration_summary_present" time="0.235" /><testcase classname="backend.tests.test_dispute_v4_symmetric_iter116.TestEvidenceSubmission" name="test_evidence_submission_works" time="0.237" /></testsuite></testsuites>