<?xml version="1.0" encoding="utf-8"?><testsuites name="pytest tests"><testsuite name="pytest" errors="0" failures="0" skipped="1" tests="9" time="17.378" timestamp="2026-03-22T17:18:28.030519+00:00" hostname="agent-env-7d455a69-7a06-4eb6-bef6-895994a6ef05"><testcase classname="backend.tests.test_guarantee_first.TestPaymentSettingsAPI" name="test_get_payment_method_returns_has_payment_method_field" time="0.572" /><testcase classname="backend.tests.test_guarantee_first.TestPaymentSettingsAPI" name="test_setup_payment_method_returns_checkout_url" time="1.143" /><testcase classname="backend.tests.test_guarantee_first.TestAppointmentCreationWithGuarantee" name="test_create_appointment_with_penalty_and_saved_card_returns_active" time="3.633" /><testcase classname="backend.tests.test_guarantee_first.TestAppointmentCreationWithGuarantee" name="test_create_appointment_with_penalty_no_saved_card_returns_pending" time="3.711" /><testcase classname="backend.tests.test_guarantee_first.TestAppointmentCreationWithGuarantee" name="test_create_appointment_without_penalty_returns_active" time="0.604"><skipped type="pytest.skip" message="penalty_amount is required - cannot test no-penalty flow without schema change">/app/backend/tests/test_guarantee_first.py:255: penalty_amount is required - cannot test no-penalty flow without schema change</skipped></testcase><testcase classname="backend.tests.test_guarantee_first.TestCheckActivationEndpoint" name="test_check_activation_returns_status" time="3.299" /><testcase classname="backend.tests.test_guarantee_first.TestCancelPendingGuaranteeAppointment" name="test_cancel_pending_appointment_succeeds_with_zero_notifications" time="3.460" /><testcase classname="backend.tests.test_guarantee_first.TestSettingsPagePaymentCard" name="test_user_settings_endpoint_exists" time="0.435" /><testcase classname="backend.tests.test_guarantee_first.TestRemovePaymentMethod" name="test_remove_payment_method_endpoint_exists" time="0.435" /></testsuite></testsuites>