<?xml version="1.0" encoding="utf-8"?><testsuites name="pytest tests"><testsuite name="pytest" errors="0" failures="3" skipped="0" tests="9" time="3.716" timestamp="2026-03-27T13:18:10.426663+00:00" hostname="agent-env-35142ee7-ec2d-4a9b-9ace-05b6f64a5f4b"><testcase classname="tests.test_gps_radius_review_timeout_iter104.TestGPSRadiusAndReviewFixes" name="test_01_gps_within_radius_uses_configured_radius" time="1.015"><failure message="assert 404 == 200&#10; +  where 404 = &lt;Response [404]&gt;.status_code">tests/test_gps_radius_review_timeout_iter104.py:101: in test_01_gps_within_radius_uses_configured_radius
    assert part_resp.status_code == 200
E   assert 404 == 200
E    +  where 404 = &lt;Response [404]&gt;.status_code</failure></testcase><testcase classname="tests.test_gps_radius_review_timeout_iter104.TestGPSRadiusAndReviewFixes" name="test_02_nearby_gps_does_not_count_as_close" time="0.843"><failure message="AttributeError: 'NoneType' object has no attribute 'get'">tests/test_gps_radius_review_timeout_iter104.py:186: in test_02_nearby_gps_does_not_count_as_close
    "invitation_token": participant.get("invitation_token"),
                        ^^^^^^^^^^^^^^^
E   AttributeError: 'NoneType' object has no attribute 'get'</failure></testcase><testcase classname="tests.test_gps_radius_review_timeout_iter104.TestGPSRadiusAndReviewFixes" name="test_03_manual_checkin_only_requires_review" time="0.534"><failure message="assert 400 in [200, 201]&#10; +  where 400 = &lt;Response [400]&gt;.status_code">tests/test_gps_radius_review_timeout_iter104.py:243: in test_03_manual_checkin_only_requires_review
    assert response.status_code in [200, 201]
E   assert 400 in [200, 201]
E    +  where 400 = &lt;Response [400]&gt;.status_code</failure></testcase><testcase classname="tests.test_gps_radius_review_timeout_iter104.TestGPSRadiusAndReviewFixes" name="test_04_reclassify_uses_record_id" time="0.685" /><testcase classname="tests.test_gps_radius_review_timeout_iter104.TestGPSRadiusAndReviewFixes" name="test_05_pending_reviews_list_endpoint" time="0.541" /><testcase classname="tests.test_gps_radius_review_timeout_iter104.TestSchedulerRegistration" name="test_scheduler_module_has_review_timeout_job" time="0.000" /><testcase classname="tests.test_gps_radius_review_timeout_iter104.TestAttendanceServiceReviewTimeout" name="test_review_timeout_constants" time="0.000" /><testcase classname="tests.test_gps_radius_review_timeout_iter104.TestEvidenceServiceGPSFix" name="test_gps_radius_uses_actual_radius" time="0.000" /><testcase classname="tests.test_gps_radius_review_timeout_iter104.TestEvidenceServiceGPSFix" name="test_manual_checkin_only_flag" time="0.000" /></testsuite></testsuites>