<?xml version="1.0" encoding="utf-8"?><testsuites name="pytest tests"><testsuite name="pytest" errors="0" failures="0" skipped="0" tests="11" time="4.208" timestamp="2026-03-21T00:58:01.727911+00:00" hostname="agent-env-308d6ad4-444b-4d5d-ab67-f22857941b24"><testcase classname="backend.tests.test_calendar_integration.TestCalendarIntegration" name="test_list_connections_returns_list" time="0.441" /><testcase classname="backend.tests.test_calendar_integration.TestCalendarIntegration" name="test_google_connect_returns_authorization_url" time="0.408" /><testcase classname="backend.tests.test_calendar_integration.TestCalendarIntegration" name="test_outlook_connect_returns_500_missing_credentials" time="0.373" /><testcase classname="backend.tests.test_calendar_integration.TestCalendarIntegration" name="test_sync_status_returns_multi_provider_format" time="0.375" /><testcase classname="backend.tests.test_calendar_integration.TestCalendarIntegration" name="test_disconnect_outlook_returns_404_if_not_connected" time="0.371" /><testcase classname="backend.tests.test_calendar_integration.TestCalendarIntegration" name="test_disconnect_google_returns_expected_response" time="0.455" /><testcase classname="backend.tests.test_calendar_integration.TestCalendarSyncEndpoints" name="test_sync_appointment_without_connection_returns_400" time="0.378" /><testcase classname="backend.tests.test_calendar_integration.TestCalendarSyncEndpoints" name="test_sync_appointment_outlook_without_connection" time="0.410" /><testcase classname="backend.tests.test_calendar_integration.TestNoRegression" name="test_health_endpoint" time="0.157" /><testcase classname="backend.tests.test_calendar_integration.TestNoRegression" name="test_login_works" time="0.327" /><testcase classname="backend.tests.test_calendar_integration.TestNoRegression" name="test_dashboard_appointments_accessible" time="0.447" /></testsuite></testsuites>