<?xml version="1.0" encoding="utf-8"?><testsuites name="pytest tests"><testsuite name="pytest" errors="0" failures="0" skipped="0" tests="19" time="4.623" timestamp="2026-04-02T00:53:37.942395+00:00" hostname="agent-env-90b66b89-6b02-40be-8ee4-6ae3921fb55f"><testcase classname="backend.tests.test_declaration_enrichment_iter173.TestDeclarationEnrichment" name="test_admin_login_works" time="0.409" /><testcase classname="backend.tests.test_declaration_enrichment_iter173.TestDeclarationEnrichment" name="test_user_login_works" time="0.343" /><testcase classname="backend.tests.test_declaration_enrichment_iter173.TestDeclarationEnrichment" name="test_decisions_mine_returns_list" time="0.476" /><testcase classname="backend.tests.test_declaration_enrichment_iter173.TestDeclarationEnrichment" name="test_dispute_detail_has_declaration_summary" time="0.227" /><testcase classname="backend.tests.test_declaration_enrichment_iter173.TestDeclarationEnrichment" name="test_declaration_summary_has_target_self_declaration" time="0.114" /><testcase classname="backend.tests.test_declaration_enrichment_iter173.TestDeclarationEnrichment" name="test_declaration_summary_has_contradiction_level" time="0.109" /><testcase classname="backend.tests.test_declaration_enrichment_iter173.TestDeclarationEnrichment" name="test_declaration_summary_has_summary_phrase" time="0.114" /><testcase classname="backend.tests.test_declaration_enrichment_iter173.TestDeclarationEnrichment" name="test_declaration_summary_has_target_name" time="0.108" /><testcase classname="backend.tests.test_declaration_enrichment_iter173.TestDeclarationEnrichment" name="test_declarants_have_is_organizer_field" time="0.128" /><testcase classname="backend.tests.test_declaration_enrichment_iter173.TestDeclarationEnrichment" name="test_dispute_has_organizer_position" time="0.165" /><testcase classname="backend.tests.test_declaration_enrichment_iter173.TestDeclarationEnrichment" name="test_dispute_has_participant_position" time="0.124" /><testcase classname="backend.tests.test_declaration_enrichment_iter173.TestDeclarationEnrichment" name="test_dispute_has_opened_reason" time="0.125" /><testcase classname="backend.tests.test_declaration_enrichment_iter173.TestDeclarationEnrichment" name="test_dispute_has_tech_evidence_summary" time="0.110" /><testcase classname="backend.tests.test_declaration_enrichment_iter173.TestDeclarationEnrichment" name="test_dispute_has_financial_context" time="0.118" /><testcase classname="backend.tests.test_declaration_enrichment_iter173.TestSpecificDisputeScenarios" name="test_find_unanimous_absent_dispute" time="0.677" /><testcase classname="backend.tests.test_declaration_enrichment_iter173.TestSpecificDisputeScenarios" name="test_find_unanimous_present_dispute" time="0.277" /><testcase classname="backend.tests.test_declaration_enrichment_iter173.TestSpecificDisputeScenarios" name="test_declarants_include_organizer_flag" time="0.362" /><testcase classname="backend.tests.test_declaration_enrichment_iter173.TestAdminArbitrationRegression" name="test_arbitration_stats_endpoint" time="0.431" /><testcase classname="backend.tests.test_declaration_enrichment_iter173.TestAdminArbitrationRegression" name="test_arbitration_disputes_list" time="0.117" /></testsuite></testsuites>