<?xml version="1.0" encoding="utf-8"?><testsuites name="pytest tests"><testsuite name="pytest" errors="0" failures="0" skipped="3" tests="18" time="4.110" timestamp="2026-03-28T18:59:12.142229+00:00" hostname="agent-env-2b9e73b7-1ca6-44eb-b5ce-1f2cc8594cf9"><testcase classname="tests.test_perspective_wording" name="test_is_target_normal_participant" time="0.333" /><testcase classname="tests.test_perspective_wording" name="test_is_target_organizer_not_target" time="0.000" /><testcase classname="tests.test_perspective_wording" name="test_is_target_deadlock_organizer_is_target" time="0.000" /><testcase classname="tests.test_perspective_wording" name="test_is_target_deadlock_counterpart" time="0.000" /><testcase classname="tests.test_perspective_wording" name="test_is_target_observer" time="0.000" /><testcase classname="tests.test_perspective_wording" name="test_is_me_viewer_is_declarant" time="0.001" /><testcase classname="tests.test_perspective_wording" name="test_is_me_viewer_not_declarant" time="0.001" /><testcase classname="tests.test_perspective_wording" name="test_is_me_no_viewer" time="0.001" /><testcase classname="tests.test_perspective_wording" name="test_is_me_multiple_declarants_n3" time="0.001" /><testcase classname="tests.test_perspective_wording_api.TestDisputesMineEndpoint" name="test_disputes_mine_returns_is_target_field" time="0.426" /><testcase classname="tests.test_perspective_wording_api.TestDisputesMineEndpoint" name="test_disputes_mine_returns_declaration_summary_with_is_me" time="0.423" /><testcase classname="tests.test_perspective_wording_api.TestDisputeDetailEndpoint" name="test_dispute_detail_returns_is_target_field" time="0.429" /><testcase classname="tests.test_perspective_wording_api.TestDisputeDetailEndpoint" name="test_dispute_detail_returns_is_me_in_declarants" time="0.470" /><testcase classname="tests.test_perspective_wording_api.TestIsTargetLogic" name="test_organizer_not_target_sees_is_target_false" time="0.394"><skipped type="pytest.skip" message="No dispute found where organizer is not target">/app/backend/tests/test_perspective_wording_api.py:174: No dispute found where organizer is not target</skipped></testcase><testcase classname="tests.test_perspective_wording_api.TestIsTargetLogic" name="test_participant_target_sees_is_target_true" time="0.394"><skipped type="pytest.skip" message="No dispute found where this user is the target">/app/backend/tests/test_perspective_wording_api.py:195: No dispute found where this user is the target</skipped></testcase><testcase classname="tests.test_perspective_wording_api.TestIsMe" name="test_viewer_declaration_has_is_me_true" time="0.373"><skipped type="pytest.skip" message="No declarant with is_me=True found">/app/backend/tests/test_perspective_wording_api.py:221: No declarant with is_me=True found</skipped></testcase><testcase classname="tests.test_perspective_wording_api.TestIsMe" name="test_other_declarants_have_is_me_false" time="0.388" /><testcase classname="tests.test_perspective_wording_api.TestDeadlockCase" name="test_deadlock_organizer_is_target_has_both_flags" time="0.403" /></testsuite></testsuites>