<?xml version="1.0" encoding="utf-8"?><testsuites name="pytest tests"><testsuite name="pytest" errors="0" failures="0" skipped="0" tests="20" time="4.256" timestamp="2026-03-25T00:28:25.102557+00:00" hostname="agent-env-5811ed2e-36aa-4478-95c4-b2b8e6ab96e2"><testcase classname="backend.tests.test_teams_config_flow.TestTeamsProviderStatusStructure" name="test_teams_has_configured_field" time="0.651" /><testcase classname="backend.tests.test_teams_config_flow.TestTeamsProviderStatusStructure" name="test_teams_has_features_field" time="0.124" /><testcase classname="backend.tests.test_teams_config_flow.TestTeamsProviderStatusStructure" name="test_teams_has_connection_mode_field" time="0.115" /><testcase classname="backend.tests.test_teams_config_flow.TestTeamsProviderStatusStructure" name="test_teams_has_can_auto_generate_field" time="0.115" /><testcase classname="backend.tests.test_teams_config_flow.TestTeamsDelegatedMode" name="test_delegated_user_teams_connected" time="0.476" /><testcase classname="backend.tests.test_teams_config_flow.TestTeamsDelegatedMode" name="test_delegated_user_connection_mode_is_delegated" time="0.119" /><testcase classname="backend.tests.test_teams_config_flow.TestTeamsDelegatedMode" name="test_delegated_user_can_auto_generate_true" time="0.116" /><testcase classname="backend.tests.test_teams_config_flow.TestTeamsDelegatedMode" name="test_delegated_user_email_from_outlook" time="0.109" /><testcase classname="backend.tests.test_teams_config_flow.TestTeamsApplicationMode" name="test_application_user_teams_connected" time="0.453" /><testcase classname="backend.tests.test_teams_config_flow.TestTeamsApplicationMode" name="test_application_user_connection_mode_is_application" time="0.112" /><testcase classname="backend.tests.test_teams_config_flow.TestTeamsApplicationMode" name="test_application_user_can_auto_generate_false_without_server_config" time="0.112" /><testcase classname="backend.tests.test_teams_config_flow.TestTeamsApplicationMode" name="test_application_user_has_unavailable_reason_warning" time="0.119" /><testcase classname="backend.tests.test_teams_config_flow.TestTeamsCleanUser" name="test_clean_user_teams_not_connected" time="0.159" /><testcase classname="backend.tests.test_teams_config_flow.TestTeamsCleanUser" name="test_clean_user_connection_mode_null" time="0.148" /><testcase classname="backend.tests.test_teams_config_flow.TestTeamsCleanUser" name="test_clean_user_has_unavailable_reason" time="0.178" /><testcase classname="backend.tests.test_teams_config_flow.TestTeamsConnectEndpoint" name="test_connect_teams_saves_azure_user_id" time="0.336" /><testcase classname="backend.tests.test_teams_config_flow.TestTeamsConnectEndpoint" name="test_connect_teams_sets_application_mode" time="0.306" /><testcase classname="backend.tests.test_teams_config_flow.TestIsConfiguredValidation" name="test_server_not_configured_with_placeholder_credentials" time="0.129" /><testcase classname="backend.tests.test_teams_config_flow.TestIsConfiguredValidation" name="test_uuid_validation_rejects_non_uuid_client_id" time="0.000" /><testcase classname="backend.tests.test_teams_config_flow.TestTeamsDisconnect" name="test_disconnect_teams_removes_connection" time="0.296" /></testsuite></testsuites>