<?xml version="1.0" encoding="utf-8"?><testsuites name="pytest tests"><testsuite name="pytest" errors="0" failures="0" skipped="0" tests="14" time="2.381" timestamp="2026-03-29T15:18:08.268749+00:00" hostname="agent-env-90b66b89-6b02-40be-8ee4-6ae3921fb55f"><testcase classname="backend.tests.test_admin_arbitration_iter137.TestAdminArbitration" name="test_01_login_admin_user" time="0.371" /><testcase classname="backend.tests.test_admin_arbitration_iter137.TestAdminArbitration" name="test_02_login_non_admin_user" time="0.350" /><testcase classname="backend.tests.test_admin_arbitration_iter137.TestAdminArbitration" name="test_03_non_admin_cannot_access_arbitration_list" time="0.126" /><testcase classname="backend.tests.test_admin_arbitration_iter137.TestAdminArbitration" name="test_04_non_admin_cannot_access_arbitration_stats" time="0.115" /><testcase classname="backend.tests.test_admin_arbitration_iter137.TestAdminArbitration" name="test_05_non_admin_cannot_access_arbitration_detail" time="0.125" /><testcase classname="backend.tests.test_admin_arbitration_iter137.TestAdminArbitration" name="test_06_non_admin_cannot_resolve_dispute" time="0.115" /><testcase classname="backend.tests.test_admin_arbitration_iter137.TestAdminArbitration" name="test_07_admin_can_access_arbitration_stats" time="0.130" /><testcase classname="backend.tests.test_admin_arbitration_iter137.TestAdminArbitration" name="test_08_admin_can_access_arbitration_list" time="0.121" /><testcase classname="backend.tests.test_admin_arbitration_iter137.TestAdminArbitration" name="test_09_admin_can_access_dispute_detail" time="0.129" /><testcase classname="backend.tests.test_admin_arbitration_iter137.TestAdminArbitration" name="test_10_resolve_validation_requires_outcome" time="0.106" /><testcase classname="backend.tests.test_admin_arbitration_iter137.TestAdminArbitration" name="test_11_resolve_validation_requires_note" time="0.238" /><testcase classname="backend.tests.test_admin_arbitration_iter137.TestAdminArbitration" name="test_12_resolve_dispute_success" time="0.123" /><testcase classname="backend.tests.test_admin_arbitration_iter137.TestAdminArbitration" name="test_13_verify_stats_after_resolution" time="0.112" /><testcase classname="backend.tests.test_admin_arbitration_iter137.TestAdminArbitration" name="test_14_non_existent_dispute_returns_404" time="0.127" /></testsuite></testsuites>