<?xml version="1.0" encoding="utf-8"?><testsuites name="pytest tests"><testsuite name="pytest" errors="0" failures="0" skipped="0" tests="10" time="3.666" timestamp="2026-03-29T12:34:43.603701+00:00" hostname="agent-env-2b9e73b7-1ca6-44eb-b5ce-1f2cc8594cf9"><testcase classname="backend.tests.test_disputes_ux_refonte_iter129.TestDisputesUXRefonte" name="test_01_health_check" time="0.136" /><testcase classname="backend.tests.test_disputes_ux_refonte_iter129.TestDisputesUXRefonte" name="test_02_login_success" time="0.362" /><testcase classname="backend.tests.test_disputes_ux_refonte_iter129.TestDisputesUXRefonte" name="test_03_disputes_mine_returns_new_fields" time="0.383" /><testcase classname="backend.tests.test_disputes_ux_refonte_iter129.TestDisputesUXRefonte" name="test_04_disputes_mine_has_multiple_disputes" time="0.374" /><testcase classname="backend.tests.test_disputes_ux_refonte_iter129.TestDisputesUXRefonte" name="test_05_disputes_grouped_by_appointment" time="0.369" /><testcase classname="backend.tests.test_disputes_ux_refonte_iter129.TestDisputesUXRefonte" name="test_06_dispute_detail_returns_new_fields" time="0.424" /><testcase classname="backend.tests.test_disputes_ux_refonte_iter129.TestDisputesUXRefonte" name="test_07_dispute_detail_has_appointment_id_for_link" time="0.422" /><testcase classname="backend.tests.test_disputes_ux_refonte_iter129.TestDisputesUXRefonte" name="test_08_disputes_have_display_state_for_filtering" time="0.380" /><testcase classname="backend.tests.test_disputes_ux_refonte_iter129.TestDisputesUXRefonte" name="test_09_disputes_have_can_submit_position_for_global_status" time="0.371" /><testcase classname="backend.tests.test_disputes_ux_refonte_iter129.TestDisputesUXRefonte" name="test_10_disputes_have_target_name_for_sub_cards" time="0.370" /></testsuite></testsuites>