<?xml version="1.0" encoding="utf-8"?><testsuites name="pytest tests"><testsuite name="pytest" errors="0" failures="0" skipped="0" tests="12" time="17.061" timestamp="2026-03-24T21:09:56.405948+00:00" hostname="agent-env-d3773ac4-e45c-4c85-bbb7-1176ab83624a"><testcase classname="tests.test_video_provider_selection.TestProviderStatusEndpoint" name="test_provider_status_returns_all_providers" time="0.590" /><testcase classname="tests.test_video_provider_selection.TestProviderStatusEndpoint" name="test_provider_status_has_can_auto_generate" time="0.226" /><testcase classname="tests.test_video_provider_selection.TestProviderStatusEndpoint" name="test_provider_status_has_unavailable_reason" time="0.149" /><testcase classname="tests.test_video_provider_selection.TestProviderStatusEndpoint" name="test_teams_unavailable_without_advanced_scope" time="0.140" /><testcase classname="tests.test_video_provider_selection.TestProviderStatusEndpoint" name="test_meet_available_with_google_connected" time="0.108" /><testcase classname="tests.test_video_provider_selection.TestProviderStatusEndpoint" name="test_zoom_available_when_configured_and_connected" time="0.118" /><testcase classname="tests.test_video_provider_selection.TestProviderStatusEndpoint" name="test_external_always_available" time="0.152" /><testcase classname="tests.test_video_provider_selection.TestAppointmentProviderValidation" name="test_reject_teams_without_advanced_scope" time="0.243" /><testcase classname="tests.test_video_provider_selection.TestAppointmentProviderValidation" name="test_accept_meet_with_google_connected" time="6.304" /><testcase classname="tests.test_video_provider_selection.TestAppointmentProviderValidation" name="test_accept_zoom_when_connected" time="3.948" /><testcase classname="tests.test_video_provider_selection.TestAppointmentProviderValidation" name="test_reject_external_without_url" time="0.313" /><testcase classname="tests.test_video_provider_selection.TestAppointmentProviderValidation" name="test_accept_external_with_url" time="4.694" /></testsuite></testsuites>