<?xml version="1.0" encoding="utf-8"?><testsuites name="pytest tests"><testsuite name="pytest" errors="0" failures="1" skipped="12" tests="22" time="7.582" timestamp="2026-03-29T22:01:39.563793+00:00" hostname="agent-env-90b66b89-6b02-40be-8ee4-6ae3921fb55f"><testcase classname="backend.tests.test_nlyt_qa_recette_iter152.TestAuthOnboarding" name="test_A1_login_admin_success" time="0.555" /><testcase classname="backend.tests.test_nlyt_qa_recette_iter152.TestAuthOnboarding" name="test_A2_login_wrong_password" time="0.374" /><testcase classname="backend.tests.test_nlyt_qa_recette_iter152.TestAuthOnboarding" name="test_A9_double_registration_same_email" time="0.114" /><testcase classname="backend.tests.test_nlyt_qa_recette_iter152.TestPermissionsRoles" name="test_B3_admin_url_direct_access_non_admin" time="0.809" /><testcase classname="backend.tests.test_nlyt_qa_recette_iter152.TestPermissionsRoles" name="test_B4_admin_api_non_admin_token" time="1.296" /><testcase classname="backend.tests.test_nlyt_qa_recette_iter152.TestPermissionsRoles" name="test_B4_admin_api_with_admin_token" time="0.780" /><testcase classname="backend.tests.test_nlyt_qa_recette_iter152.TestPermissionsRoles" name="test_B6_api_refresh_endpoints" time="0.938"><failure message="AssertionError: Endpoint /api/appointments failed with 401&#10;assert 401 == 200&#10; +  where 401 = &lt;Response [401]&gt;.status_code">backend/tests/test_nlyt_qa_recette_iter152.py:190: in test_B6_api_refresh_endpoints
    assert response.status_code == 200, f"Endpoint {endpoint} failed with {response.status_code}"
E   AssertionError: Endpoint /api/appointments failed with 401
E   assert 401 == 200
E    +  where 401 = &lt;Response [401]&gt;.status_code</failure></testcase><testcase classname="backend.tests.test_nlyt_qa_recette_iter152.TestInvitationsParticipants" name="test_D2_participant_user_id_resolution" time="0.114"><skipped type="pytest.skip" message="Admin login failed">/app/backend/tests/test_nlyt_qa_recette_iter152.py:210: Admin login failed</skipped></testcase><testcase classname="backend.tests.test_nlyt_qa_recette_iter152.TestInvitationsParticipants" name="test_D4_double_acceptance_prevention" time="0.120" /><testcase classname="backend.tests.test_nlyt_qa_recette_iter152.TestDisputes" name="test_F1_dispute_visibility_both_parties" time="0.408"><skipped type="pytest.skip" message="Admin login failed">/app/backend/tests/test_nlyt_qa_recette_iter152.py:281: Admin login failed</skipped></testcase><testcase classname="backend.tests.test_nlyt_qa_recette_iter152.TestDisputes" name="test_F7_submit_position_on_resolved_dispute" time="0.314"><skipped type="pytest.skip" message="Admin login failed">/app/backend/tests/test_nlyt_qa_recette_iter152.py:325: Admin login failed</skipped></testcase><testcase classname="backend.tests.test_nlyt_qa_recette_iter152.TestAdminArbitration" name="test_G1_arbitration_list_with_filters" time="0.102"><skipped type="pytest.skip" message="Admin login failed">/app/backend/tests/test_nlyt_qa_recette_iter152.py:373: Admin login failed</skipped></testcase><testcase classname="backend.tests.test_nlyt_qa_recette_iter152.TestAdminArbitration" name="test_G2_arbitration_detail" time="0.110"><skipped type="pytest.skip" message="Admin login failed">/app/backend/tests/test_nlyt_qa_recette_iter152.py:393: Admin login failed</skipped></testcase><testcase classname="backend.tests.test_nlyt_qa_recette_iter152.TestAdminArbitration" name="test_G4_double_resolution_prevention" time="0.171"><skipped type="pytest.skip" message="Admin login failed">/app/backend/tests/test_nlyt_qa_recette_iter152.py:424: Admin login failed</skipped></testcase><testcase classname="backend.tests.test_nlyt_qa_recette_iter152.TestWallet" name="test_H1_wallet_balance_coherence" time="0.124"><skipped type="pytest.skip" message="Admin login failed">/app/backend/tests/test_nlyt_qa_recette_iter152.py:474: Admin login failed</skipped></testcase><testcase classname="backend.tests.test_nlyt_qa_recette_iter152.TestWallet" name="test_H4_payout_exceeds_balance" time="0.099"><skipped type="pytest.skip" message="Admin login failed">/app/backend/tests/test_nlyt_qa_recette_iter152.py:498: Admin login failed</skipped></testcase><testcase classname="backend.tests.test_nlyt_qa_recette_iter152.TestWallet" name="test_H5_payout_zero_amount" time="0.109"><skipped type="pytest.skip" message="Admin login failed">/app/backend/tests/test_nlyt_qa_recette_iter152.py:529: Admin login failed</skipped></testcase><testcase classname="backend.tests.test_nlyt_qa_recette_iter152.TestWallet" name="test_H6_double_payout_concurrent" time="0.202"><skipped type="pytest.skip" message="Admin login failed">/app/backend/tests/test_nlyt_qa_recette_iter152.py:543: Admin login failed</skipped></testcase><testcase classname="backend.tests.test_nlyt_qa_recette_iter152.TestWallet" name="test_H7_connect_refresh_status" time="0.115"><skipped type="pytest.skip" message="Admin login failed">/app/backend/tests/test_nlyt_qa_recette_iter152.py:603: Admin login failed</skipped></testcase><testcase classname="backend.tests.test_nlyt_qa_recette_iter152.TestWallet" name="test_H8_transactions_history" time="0.109"><skipped type="pytest.skip" message="Admin login failed">/app/backend/tests/test_nlyt_qa_recette_iter152.py:617: Admin login failed</skipped></testcase><testcase classname="backend.tests.test_nlyt_qa_recette_iter152.TestSessionSecurity" name="test_A6_no_auth_access_dashboard" time="0.248" /><testcase classname="backend.tests.test_nlyt_qa_recette_iter152.TestSessionSecurity" name="test_invalid_token_rejected" time="0.251" /></testsuite></testsuites>