<?xml version="1.0" encoding="utf-8"?><testsuites name="pytest tests"><testsuite name="pytest" errors="0" failures="0" skipped="0" tests="8" time="3.906" timestamp="2026-03-22T11:06:58.232599+00:00" hostname="agent-env-ce74d456-3b66-499d-8c8d-9e90e6c5ae67"><testcase classname="backend.tests.test_meeting_provider_validation.TestMeetingProviderValidation" name="test_valid_provider_zoom" time="0.876" /><testcase classname="backend.tests.test_meeting_provider_validation.TestMeetingProviderValidation" name="test_valid_provider_teams" time="0.467" /><testcase classname="backend.tests.test_meeting_provider_validation.TestMeetingProviderValidation" name="test_valid_provider_meet" time="1.433" /><testcase classname="backend.tests.test_meeting_provider_validation.TestMeetingProviderValidation" name="test_invalid_provider_skype" time="0.227" /><testcase classname="backend.tests.test_meeting_provider_validation.TestMeetingProviderValidation" name="test_external_provider_without_url" time="0.310" /><testcase classname="backend.tests.test_meeting_provider_validation.TestMeetingProviderValidation" name="test_external_provider_with_url" time="0.286" /><testcase classname="backend.tests.test_meeting_provider_validation.TestProviderStatusEndpoint" name="test_provider_status_returns_all_providers" time="0.142" /><testcase classname="backend.tests.test_meeting_provider_validation.TestProviderStatusEndpoint" name="test_meet_connected_via_google_calendar" time="0.105" /></testsuite></testsuites>