<?xml version="1.0" encoding="utf-8"?><testsuites name="pytest tests"><testsuite name="pytest" errors="0" failures="0" skipped="0" tests="11" time="2.147" timestamp="2026-03-21T23:14:29.316208+00:00" hostname="agent-env-3ce1a9be-874a-4e2d-9af6-7cf5c2ebe21a"><testcase classname="tests.test_checkin_ux.TestHealthAndAuth" name="test_api_health" time="0.206" /><testcase classname="tests.test_checkin_ux.TestHealthAndAuth" name="test_login_success" time="0.365" /><testcase classname="tests.test_checkin_ux.TestCheckinStatus" name="test_checkin_status_endpoint" time="0.124" /><testcase classname="tests.test_checkin_ux.TestCheckinStatus" name="test_checkin_status_invalid_token" time="0.113" /><testcase classname="tests.test_checkin_ux.TestQRGeneration" name="test_qr_generation_endpoint" time="0.181" /><testcase classname="tests.test_checkin_ux.TestQRGeneration" name="test_qr_generation_invalid_token" time="0.116" /><testcase classname="tests.test_checkin_ux.TestManualCheckin" name="test_manual_checkin_endpoint" time="0.442" /><testcase classname="tests.test_checkin_ux.TestManualCheckin" name="test_manual_checkin_invalid_token" time="0.153" /><testcase classname="tests.test_checkin_ux.TestInvitationPage" name="test_invitation_page_returns_participant_status" time="0.138" /><testcase classname="tests.test_checkin_ux.TestInvitationPage" name="test_invitation_page_invalid_token" time="0.121" /><testcase classname="tests.test_checkin_ux.TestTimezoneHandling" name="test_checkin_status_has_evidence_timestamps" time="0.118" /></testsuite></testsuites>