<?xml version="1.0" encoding="utf-8"?><testsuites name="pytest tests"><testsuite name="pytest" errors="0" failures="0" skipped="0" tests="11" time="3.373" timestamp="2026-03-28T16:00:54.351577+00:00" hostname="agent-env-35142ee7-ec2d-4a9b-9ace-05b6f64a5f4b"><testcase classname="backend.tests.test_dispute_decision_phase2_iter115.TestDisputeDecisionPhase2" name="test_disputes_mine_returns_phase2_fields_for_organizer" time="0.614" /><testcase classname="backend.tests.test_dispute_decision_phase2_iter115.TestDisputeDecisionPhase2" name="test_disputes_mine_returns_phase2_fields_for_participant" time="0.481" /><testcase classname="backend.tests.test_dispute_decision_phase2_iter115.TestDisputeDecisionPhase2" name="test_dispute_detail_returns_phase2_fields" time="0.232" /><testcase classname="backend.tests.test_dispute_decision_phase2_iter115.TestDisputeDecisionPhase2" name="test_concede_rejects_non_accuser" time="0.245" /><testcase classname="backend.tests.test_dispute_decision_phase2_iter115.TestDisputeDecisionPhase2" name="test_maintain_rejects_non_accuser" time="0.111" /><testcase classname="backend.tests.test_dispute_decision_phase2_iter115.TestDisputeDecisionPhase2" name="test_concede_on_already_resolved_dispute" time="0.239" /><testcase classname="backend.tests.test_dispute_decision_phase2_iter115.TestDisputeDecisionPhase2" name="test_maintain_on_already_resolved_dispute" time="0.255" /><testcase classname="backend.tests.test_dispute_decision_phase2_iter115.TestDisputeDecisionPhase2" name="test_concede_success_by_accuser" time="0.341" /><testcase classname="backend.tests.test_dispute_decision_phase2_iter115.TestDisputeDecisionPhase2" name="test_maintain_success_by_accuser" time="0.347" /><testcase classname="backend.tests.test_dispute_decision_phase2_iter115.TestDisputeDecisionPhase2" name="test_double_concede_rejected" time="0.227" /><testcase classname="backend.tests.test_dispute_decision_phase2_iter115.TestDisputeDecisionPhase2" name="test_double_maintain_rejected" time="0.221" /></testsuite></testsuites>