<?xml version="1.0" encoding="utf-8"?><testsuites name="pytest tests"><testsuite name="pytest" errors="0" failures="0" skipped="0" tests="10" time="1.659" timestamp="2026-03-23T23:52:05.113500+00:00" hostname="agent-env-8895d1a6-b6ac-48dc-8354-2e4095d87cb0"><testcase classname="backend.tests.test_conflict_detection.TestConflictDetectionAuth" name="test_requires_authentication" time="0.135" /><testcase classname="backend.tests.test_conflict_detection.TestConflictDetection" name="test_conflict_status_on_overlap" time="0.484" /><testcase classname="backend.tests.test_conflict_detection.TestConflictDetection" name="test_warning_status_within_buffer" time="0.113" /><testcase classname="backend.tests.test_conflict_detection.TestConflictDetection" name="test_available_status_no_conflicts" time="0.113" /><testcase classname="backend.tests.test_conflict_detection.TestSuggestions" name="test_suggestions_have_required_fields" time="0.108" /><testcase classname="backend.tests.test_conflict_detection.TestSuggestions" name="test_suggestions_labels_variety" time="0.116" /><testcase classname="backend.tests.test_conflict_detection.TestInputValidation" name="test_invalid_date_returns_400" time="0.104" /><testcase classname="backend.tests.test_conflict_detection.TestInputValidation" name="test_empty_date_returns_400" time="0.139" /><testcase classname="backend.tests.test_conflict_detection.TestInputValidation" name="test_default_duration" time="0.136" /><testcase classname="backend.tests.test_conflict_detection.TestResponseStructure" name="test_response_has_all_fields" time="0.133" /></testsuite></testsuites>