<?xml version="1.0" encoding="utf-8"?><testsuites name="pytest tests"><testsuite name="pytest" errors="0" failures="0" skipped="0" tests="22" time="4.529" timestamp="2026-03-23T02:44:42.987540+00:00" hostname="agent-env-a76880e9-1611-426e-8ad6-73cde0cc6938"><testcase classname="tests.test_nlyt_proof_system.TestProviderStatusModeChanges" name="test_provider_status_endpoint_returns_200" time="0.493" /><testcase classname="tests.test_nlyt_proof_system.TestProviderStatusModeChanges" name="test_zoom_mode_is_user_not_central" time="0.105" /><testcase classname="tests.test_nlyt_proof_system.TestProviderStatusModeChanges" name="test_teams_mode_is_user" time="0.111" /><testcase classname="tests.test_nlyt_proof_system.TestProviderStatusModeChanges" name="test_meet_mode_is_user" time="0.109" /><testcase classname="tests.test_nlyt_proof_system.TestProviderStatusModeChanges" name="test_zoom_has_no_universal_flag" time="0.108" /><testcase classname="tests.test_nlyt_proof_system.TestNLYTProofInfoEndpoint" name="test_proof_info_returns_200_with_valid_token" time="0.108" /><testcase classname="tests.test_nlyt_proof_system.TestNLYTProofInfoEndpoint" name="test_proof_info_returns_appointment_data" time="0.114" /><testcase classname="tests.test_nlyt_proof_system.TestNLYTProofInfoEndpoint" name="test_proof_info_returns_participant_data" time="0.117" /><testcase classname="tests.test_nlyt_proof_system.TestNLYTProofInfoEndpoint" name="test_proof_info_returns_active_session_if_exists" time="0.112" /><testcase classname="tests.test_nlyt_proof_system.TestNLYTProofInfoEndpoint" name="test_proof_info_rejects_invalid_token" time="0.101" /><testcase classname="tests.test_nlyt_proof_system.TestNLYTProofCheckinEndpoint" name="test_checkin_creates_session" time="0.103" /><testcase classname="tests.test_nlyt_proof_system.TestNLYTProofCheckinEndpoint" name="test_checkin_returns_meeting_join_url" time="0.104" /><testcase classname="tests.test_nlyt_proof_system.TestNLYTProofCheckinEndpoint" name="test_checkin_rejects_invalid_token" time="0.101" /><testcase classname="tests.test_nlyt_proof_system.TestNLYTProofHeartbeatEndpoint" name="test_heartbeat_requires_session_id" time="0.093" /><testcase classname="tests.test_nlyt_proof_system.TestNLYTProofHeartbeatEndpoint" name="test_heartbeat_with_valid_session" time="0.229" /><testcase classname="tests.test_nlyt_proof_system.TestNLYTProofCheckoutEndpoint" name="test_checkout_computes_score" time="1.428" /><testcase classname="tests.test_nlyt_proof_system.TestNLYTProofSessionsEndpoint" name="test_sessions_requires_auth" time="0.102" /><testcase classname="tests.test_nlyt_proof_system.TestNLYTProofSessionsEndpoint" name="test_sessions_returns_list" time="0.129" /><testcase classname="tests.test_nlyt_proof_system.TestNLYTProofValidateEndpoint" name="test_validate_requires_auth" time="0.098" /><testcase classname="tests.test_nlyt_proof_system.TestNLYTProofValidateEndpoint" name="test_validate_rejects_invalid_status" time="0.236" /><testcase classname="tests.test_nlyt_proof_system.TestNLYTProofValidateEndpoint" name="test_validate_accepts_valid_status" time="0.207" /><testcase classname="tests.test_nlyt_proof_system.TestHealthCheck" name="test_health_endpoint" time="0.129" /></testsuite></testsuites>