<?xml version="1.0" encoding="utf-8"?><testsuites name="pytest tests"><testsuite name="pytest" errors="0" failures="0" skipped="0" tests="20" time="19.485" timestamp="2026-03-21T01:58:42.935869+00:00" hostname="agent-env-308d6ad4-444b-4d5d-ab67-f22857941b24"><testcase classname="backend.tests.test_auto_update.TestAutoUpdateCalendar" name="test_patch_with_title_triggers_auto_update" time="4.188" /><testcase classname="backend.tests.test_auto_update.TestAutoUpdateCalendar" name="test_patch_with_description_triggers_auto_update" time="1.759" /><testcase classname="backend.tests.test_auto_update.TestAutoUpdateCalendar" name="test_patch_with_duration_triggers_auto_update" time="3.159" /><testcase classname="backend.tests.test_auto_update.TestAutoUpdateCalendar" name="test_patch_with_location_triggers_auto_update" time="1.978" /><testcase classname="backend.tests.test_auto_update.TestAutoUpdateCalendar" name="test_patch_with_penalty_amount_no_auto_update" time="0.499" /><testcase classname="backend.tests.test_auto_update.TestAutoUpdateCalendar" name="test_patch_with_cancellation_deadline_no_auto_update" time="0.473" /><testcase classname="backend.tests.test_auto_update.TestAutoUpdateCalendar" name="test_patch_with_tolerated_delay_no_auto_update" time="0.469" /><testcase classname="backend.tests.test_auto_update.TestAutoUpdateCalendar" name="test_sync_status_returns_synced_state" time="0.376" /><testcase classname="backend.tests.test_auto_update.TestAutoUpdateCalendar" name="test_sync_status_has_external_event_id" time="0.402" /><testcase classname="backend.tests.test_auto_update.TestAutoUpdateCalendar" name="test_sync_status_has_sync_source" time="0.377" /><testcase classname="backend.tests.test_auto_update.TestAutoUpdateCalendar" name="test_manual_sync_on_synced_returns_already_synced" time="0.419" /><testcase classname="backend.tests.test_auto_update.TestAutoUpdateCalendar" name="test_auto_update_does_not_block_save" time="1.705" /><testcase classname="backend.tests.test_auto_update.TestLoginErrorMessage" name="test_login_with_wrong_password_returns_401" time="0.326" /><testcase classname="backend.tests.test_auto_update.TestLoginErrorMessage" name="test_login_with_nonexistent_user_returns_401" time="0.162" /><testcase classname="backend.tests.test_auto_update.TestLoginErrorMessage" name="test_login_success_returns_token" time="0.325" /><testcase classname="backend.tests.test_auto_update.TestCalendarConnectionsAndAutoSync" name="test_get_calendar_connections" time="0.370" /><testcase classname="backend.tests.test_auto_update.TestCalendarConnectionsAndAutoSync" name="test_get_auto_sync_settings" time="0.371" /><testcase classname="backend.tests.test_auto_update.TestCalendarConnectionsAndAutoSync" name="test_auto_sync_settings_validation" time="0.374" /><testcase classname="backend.tests.test_auto_update.TestNoRegressionManualSync" name="test_manual_sync_endpoint_exists" time="0.402" /><testcase classname="backend.tests.test_auto_update.TestNoRegressionManualSync" name="test_unsync_endpoint_exists" time="1.268" /></testsuite></testsuites>