<?xml version="1.0" encoding="utf-8"?><testsuites name="pytest tests"><testsuite name="pytest" errors="6" failures="0" skipped="0" tests="12" time="23.294" timestamp="2026-03-29T14:20:14.104880+00:00" hostname="agent-env-90b66b89-6b02-40be-8ee4-6ae3921fb55f"><testcase classname="backend.tests.test_modification_visibility_iter134.TestModificationMineEndpoint" name="test_01_health_check" time="0.251" /><testcase classname="backend.tests.test_modification_visibility_iter134.TestModificationMineEndpoint" name="test_02_modifications_mine_endpoint_exists" time="1.381"><error message="failed on setup with &quot;AssertionError: Failed to login as organizer&#10;assert None&quot;">backend/tests/test_modification_visibility_iter134.py:64: in org_session
    assert token, "Failed to login as organizer"
E   AssertionError: Failed to login as organizer
E   assert None</error></testcase><testcase classname="backend.tests.test_modification_visibility_iter134.TestModificationMineEndpoint" name="test_03_modifications_mine_returns_correct_fields" time="0.000"><error message="failed on setup with &quot;AssertionError: Failed to login as organizer&#10;assert None&quot;">backend/tests/test_modification_visibility_iter134.py:64: in org_session
    assert token, "Failed to login as organizer"
E   AssertionError: Failed to login as organizer
E   assert None</error></testcase><testcase classname="backend.tests.test_modification_visibility_iter134.TestModificationMineEndpoint" name="test_04_is_action_required_logic" time="0.000"><error message="failed on setup with &quot;AssertionError: Failed to login as organizer&#10;assert None&quot;">backend/tests/test_modification_visibility_iter134.py:64: in org_session
    assert token, "Failed to login as organizer"
E   AssertionError: Failed to login as organizer
E   assert None</error></testcase><testcase classname="backend.tests.test_modification_visibility_iter134.TestParticipantJWTModifications" name="test_05_participant_can_access_modifications_mine" time="2.360"><error message="failed on setup with &quot;AssertionError: Failed to login as participant&#10;assert None&quot;">backend/tests/test_modification_visibility_iter134.py:136: in part_session
    assert token, "Failed to login as participant"
E   AssertionError: Failed to login as participant
E   assert None</error></testcase><testcase classname="backend.tests.test_modification_visibility_iter134.TestParticipantJWTModifications" name="test_06_participant_my_role_is_participant" time="0.000"><error message="failed on setup with &quot;AssertionError: Failed to login as participant&#10;assert None&quot;">backend/tests/test_modification_visibility_iter134.py:136: in part_session
    assert token, "Failed to login as participant"
E   AssertionError: Failed to login as participant
E   assert None</error></testcase><testcase classname="backend.tests.test_modification_visibility_iter134.TestParticipantJWTModifications" name="test_07_cleanup_existing_proposals" time="3.033" /><testcase classname="backend.tests.test_modification_visibility_iter134.TestParticipantJWTModifications" name="test_08_participant_can_propose_via_jwt" time="0.001"><error message="failed on setup with &quot;AssertionError: Failed to login as participant&#10;assert None&quot;">backend/tests/test_modification_visibility_iter134.py:136: in part_session
    assert token, "Failed to login as participant"
E   AssertionError: Failed to login as participant
E   assert None</error></testcase><testcase classname="backend.tests.test_modification_visibility_iter134.TestOrganizerRespondToParticipantProposal" name="test_09_organizer_can_respond_to_participant_proposal" time="5.503" /><testcase classname="backend.tests.test_modification_visibility_iter134.TestParticipantCancelOwnProposal" name="test_10_participant_can_cancel_own_proposal" time="5.470" /><testcase classname="backend.tests.test_modification_visibility_iter134.TestNonRegressionOrganizerFlow" name="test_11_organizer_direct_mode_still_works" time="3.525" /><testcase classname="backend.tests.test_modification_visibility_iter134.TestNonRegressionOrganizerFlow" name="test_12_organizer_proposal_mode_still_works" time="1.639" /></testsuite></testsuites>