<?xml version="1.0" encoding="utf-8"?><testsuites name="pytest tests"><testsuite name="pytest" errors="0" failures="0" skipped="0" tests="9" time="3.100" timestamp="2026-03-23T23:15:38.044158+00:00" hostname="agent-env-8895d1a6-b6ac-48dc-8354-2e4095d87cb0"><testcase classname="backend.tests.test_dashboard_remind.TestDashboardData" name="test_appointments_list_returns_participants" time="0.678" /><testcase classname="backend.tests.test_dashboard_remind.TestDashboardData" name="test_appointments_have_required_fields_for_dashboard" time="0.176" /><testcase classname="backend.tests.test_dashboard_remind.TestDashboardData" name="test_participants_have_status_for_risk_calculation" time="0.191" /><testcase classname="backend.tests.test_dashboard_remind.TestRemindEndpoint" name="test_remind_endpoint_exists" time="0.538" /><testcase classname="backend.tests.test_dashboard_remind.TestRemindEndpoint" name="test_remind_rejects_non_organizer" time="0.129" /><testcase classname="backend.tests.test_dashboard_remind.TestRemindEndpoint" name="test_remind_with_pending_participants" time="0.572" /><testcase classname="backend.tests.test_dashboard_remind.TestRemindEndpoint" name="test_remind_without_pending_returns_400" time="0.358" /><testcase classname="backend.tests.test_dashboard_remind.TestDeleteAppointment" name="test_delete_appointment_endpoint" time="0.203" /><testcase classname="backend.tests.test_dashboard_remind.TestAppointmentCounts" name="test_appointments_can_be_filtered_by_date" time="0.199" /></testsuite></testsuites>