<?xml version="1.0" encoding="utf-8"?><testsuites name="pytest tests"><testsuite name="pytest" errors="0" failures="0" skipped="0" tests="13" time="3.619" timestamp="2026-03-29T02:54:49.008373+00:00" hostname="agent-env-2b9e73b7-1ca6-44eb-b5ce-1f2cc8594cf9"><testcase classname="tests.test_participant_action_buttons_iter122.TestRespondEndpointDeclineConstraints" name="test_respond_decline_rejects_already_accepted" time="0.222" /><testcase classname="tests.test_participant_action_buttons_iter122.TestRespondEndpointDeclineConstraints" name="test_respond_decline_accepts_invited_status" time="0.000" /><testcase classname="tests.test_participant_action_buttons_iter122.TestRespondEndpointDeclineConstraints" name="test_respond_decline_accepts_accepted_pending_guarantee" time="0.000" /><testcase classname="tests.test_participant_action_buttons_iter122.TestCancelEndpointConstraints" name="test_cancel_rejects_invalid_token" time="0.108" /><testcase classname="tests.test_participant_action_buttons_iter122.TestCancelEndpointConstraints" name="test_cancel_rejects_accepted_pending_guarantee" time="0.000" /><testcase classname="tests.test_participant_action_buttons_iter122.TestCancelEndpointConstraints" name="test_cancel_accepts_accepted_status" time="0.000" /><testcase classname="tests.test_participant_action_buttons_iter122.TestCancelEndpointConstraints" name="test_cancel_accepts_accepted_guaranteed_status" time="0.000" /><testcase classname="tests.test_participant_action_buttons_iter122.TestTimelineAPIForParticipantButtons" name="test_timeline_returns_participant_status" time="0.578" /><testcase classname="tests.test_participant_action_buttons_iter122.TestTimelineAPIForParticipantButtons" name="test_timeline_returns_invitation_token" time="0.567" /><testcase classname="tests.test_participant_action_buttons_iter122.TestDashboardLoadsWithoutErrors" name="test_timeline_endpoint_works" time="0.508" /><testcase classname="tests.test_participant_action_buttons_iter122.TestDashboardLoadsWithoutErrors" name="test_wallet_impact_endpoint_works" time="0.432" /><testcase classname="tests.test_participant_action_buttons_iter122.TestOrganizerCardsNotAffected" name="test_organizer_timeline_has_progress_data" time="0.529" /><testcase classname="tests.test_participant_action_buttons_iter122.TestParticipantDetailPageRegression" name="test_participant_can_access_appointment_detail" time="0.606" /></testsuite></testsuites>