<?xml version="1.0" encoding="utf-8"?><testsuites name="pytest tests"><testsuite name="pytest" errors="0" failures="0" skipped="0" tests="23" time="1.644" timestamp="2026-03-27T00:05:50.416750+00:00" hostname="agent-env-ab65a6fa-fc0d-4305-b5a2-e4f205495028"><testcase classname="tests.test_post_engagement_emails.TestEmailCardHtmlHelper" name="test_email_card_html_engagement_respected" time="0.063" /><testcase classname="tests.test_post_engagement_emails.TestEmailCardHtmlHelper" name="test_email_card_html_compensation_received" time="0.001" /><testcase classname="tests.test_post_engagement_emails.TestEmailCardHtmlHelper" name="test_email_card_html_charity_donation" time="0.000" /><testcase classname="tests.test_post_engagement_emails.TestEmailCardHtmlHelper" name="test_email_card_html_unknown_type_fallback" time="0.000" /><testcase classname="tests.test_post_engagement_emails.TestCardAccentsConfig" name="test_card_accents_match_frontend" time="0.000" /><testcase classname="tests.test_post_engagement_emails.TestSendPostEngagementEmailsFunction" name="test_function_exists_and_importable" time="0.000" /><testcase classname="tests.test_post_engagement_emails.TestSendPostEngagementEmailsFunction" name="test_function_handles_empty_records" time="0.002" /><testcase classname="tests.test_post_engagement_emails.TestIdempotenceChecks" name="test_already_sent_function_exists" time="0.000" /><testcase classname="tests.test_post_engagement_emails.TestIdempotenceChecks" name="test_mark_sent_function_exists" time="0.000" /><testcase classname="tests.test_post_engagement_emails.TestEvaluateAppointmentIntegration" name="test_evaluate_appointment_source_contains_post_engagement_call" time="0.000" /><testcase classname="tests.test_post_engagement_emails.TestEvaluateAppointmentIntegration" name="test_post_engagement_call_is_non_blocking" time="0.000" /><testcase classname="tests.test_post_engagement_emails.TestResultCardsPublicEndpoint" name="test_get_engagement_card" time="0.321" /><testcase classname="tests.test_post_engagement_emails.TestResultCardsPublicEndpoint" name="test_get_compensation_card" time="0.146" /><testcase classname="tests.test_post_engagement_emails.TestResultCardsPublicEndpoint" name="test_get_charity_card" time="0.117" /><testcase classname="tests.test_post_engagement_emails.TestResultCardsPublicEndpoint" name="test_get_nonexistent_card_returns_404" time="0.124" /><testcase classname="tests.test_post_engagement_emails.TestResultCardsMyCardsEndpoint" name="test_my_cards_requires_auth" time="0.125" /><testcase classname="tests.test_post_engagement_emails.TestResultCardsMyCardsEndpoint" name="test_my_cards_returns_user_cards" time="0.539" /><testcase classname="tests.test_post_engagement_emails.TestHealthCheck" name="test_health_endpoint" time="0.121" /><testcase classname="tests.test_post_engagement_emails.TestFinancialEmailsSourceCode" name="test_send_post_engagement_emails_function_exists" time="0.000" /><testcase classname="tests.test_post_engagement_emails.TestFinancialEmailsSourceCode" name="test_email_card_html_function_exists" time="0.000" /><testcase classname="tests.test_post_engagement_emails.TestFinancialEmailsSourceCode" name="test_card_accents_config_exists" time="0.000" /><testcase classname="tests.test_post_engagement_emails.TestFinancialEmailsSourceCode" name="test_auto_card_creation_logic" time="0.000" /><testcase classname="tests.test_post_engagement_emails.TestFinancialEmailsSourceCode" name="test_email_type_format" time="0.000" /></testsuite></testsuites>