<?xml version="1.0" encoding="utf-8"?><testsuites name="pytest tests"><testsuite name="pytest" errors="0" failures="0" skipped="0" tests="7" time="3.189" timestamp="2026-03-28T18:14:01.125820+00:00" hostname="agent-env-2b9e73b7-1ca6-44eb-b5ce-1f2cc8594cf9"><testcase classname="backend.tests.test_dispute_declarants_iter118.TestDisputeDeclarantsAPI" name="test_disputes_mine_returns_declarants_array" time="0.600" /><testcase classname="backend.tests.test_dispute_declarants_iter118.TestDisputeDeclarantsAPI" name="test_disputes_mine_declarants_have_required_fields" time="0.388" /><testcase classname="backend.tests.test_dispute_declarants_iter118.TestDisputeDeclarantsAPI" name="test_dispute_detail_returns_declarants_array" time="0.428" /><testcase classname="backend.tests.test_dispute_declarants_iter118.TestDisputeDeclarantsAPI" name="test_dispute_detail_declarants_have_required_fields" time="0.403" /><testcase classname="backend.tests.test_dispute_declarants_iter118.TestDisputeDeclarantsAPI" name="test_dispute_detail_has_igaal_as_declarant" time="0.485" /><testcase classname="backend.tests.test_dispute_declarants_iter118.TestDisputeDeclarantsAPI" name="test_declaration_summary_counts_match_declarants" time="0.422" /><testcase classname="backend.tests.test_dispute_declarants_iter118.TestDisputeDetailPageElements" name="test_dispute_detail_no_reclassification_actions" time="0.399" /></testsuite></testsuites>