<?xml version="1.0" encoding="utf-8"?><testsuites name="pytest tests"><testsuite name="pytest" errors="0" failures="0" skipped="0" tests="10" time="3.497" timestamp="2026-03-27T00:17:06.758623+00:00" hostname="agent-env-ab65a6fa-fc0d-4305-b5a2-e4f205495028"><testcase classname="backend.tests.test_milestones_and_banner.TestHealthCheck" name="test_backend_health" time="0.192" /><testcase classname="backend.tests.test_milestones_and_banner.TestMilestonesEndpoint" name="test_milestones_requires_auth" time="0.155" /><testcase classname="backend.tests.test_milestones_and_banner.TestMilestonesEndpoint" name="test_milestones_returns_correct_structure" time="0.521" /><testcase classname="backend.tests.test_milestones_and_banner.TestMilestonesEndpoint" name="test_milestones_thresholds_correct" time="0.444" /><testcase classname="backend.tests.test_milestones_and_banner.TestMilestonesEndpoint" name="test_milestones_structure_per_milestone" time="0.497" /><testcase classname="backend.tests.test_milestones_and_banner.TestMilestonesEndpoint" name="test_milestones_reached_logic" time="0.496" /><testcase classname="backend.tests.test_milestones_and_banner.TestMilestonesEndpoint" name="test_show_organizer_cta_logic" time="0.428" /><testcase classname="backend.tests.test_milestones_and_banner.TestMilestonesEndpoint" name="test_next_milestone_logic" time="0.461" /><testcase classname="backend.tests.test_milestones_and_banner.TestInvitationBannerBackend" name="test_invitation_endpoint_structure" time="0.099" /><testcase classname="backend.tests.test_milestones_and_banner.TestResultCardsRegression" name="test_existing_card_loads" time="0.138" /></testsuite></testsuites>