<?xml version="1.0" encoding="utf-8"?><testsuites name="pytest tests"><testsuite name="pytest" errors="0" failures="0" skipped="1" tests="13" time="1.127" timestamp="2026-03-22T18:20:25.630641+00:00" hostname="agent-env-f2a37db1-20e8-4a01-b283-ba9d39e0b2e5"><testcase classname="tests.test_meeting_auto_creation.TestMeetingProviderStatus" name="test_provider_status_endpoint" time="0.546"><skipped type="pytest.skip" message="Meeting provider status endpoint not available">/app/backend/tests/test_meeting_auto_creation.py:69: Meeting provider status endpoint not available</skipped></testcase><testcase classname="tests.test_meeting_auto_creation.TestTeamsAppointmentMeetingLink" name="test_teams_appointment_exists" time="0.063" /><testcase classname="tests.test_meeting_auto_creation.TestTeamsAppointmentMeetingLink" name="test_teams_appointment_is_active" time="0.046" /><testcase classname="tests.test_meeting_auto_creation.TestTeamsAppointmentMeetingLink" name="test_teams_appointment_has_meeting_join_url" time="0.046" /><testcase classname="tests.test_meeting_auto_creation.TestTeamsAppointmentMeetingLink" name="test_teams_appointment_has_external_meeting_id" time="0.048" /><testcase classname="tests.test_meeting_auto_creation.TestMeetAppointmentMeetingLink" name="test_meet_appointment_exists" time="0.051" /><testcase classname="tests.test_meeting_auto_creation.TestMeetAppointmentMeetingLink" name="test_meet_appointment_is_active" time="0.050" /><testcase classname="tests.test_meeting_auto_creation.TestMeetAppointmentMeetingLink" name="test_meet_appointment_has_meeting_join_url" time="0.051" /><testcase classname="tests.test_meeting_auto_creation.TestMeetAppointmentMeetingLink" name="test_meet_appointment_has_external_meeting_id" time="0.047" /><testcase classname="tests.test_meeting_auto_creation.TestPhysicalAppointmentNoMeeting" name="test_list_appointments_find_physical" time="0.107" /><testcase classname="tests.test_meeting_auto_creation.TestMeetingAutoCreationFlow" name="test_appointment_lifecycle_code_has_meeting_creation" time="0.000" /><testcase classname="tests.test_meeting_auto_creation.TestMeetingAutoCreationFlow" name="test_meeting_provider_service_teams_configured" time="0.000" /><testcase classname="tests.test_meeting_auto_creation.TestMeetingAutoCreationFlow" name="test_env_has_real_microsoft_credentials" time="0.001" /></testsuite></testsuites>