<?xml version="1.0" encoding="utf-8"?><testsuites name="pytest tests"><testsuite name="pytest" errors="0" failures="0" skipped="0" tests="11" time="2.760" timestamp="2026-03-27T02:29:15.877603+00:00" hostname="agent-env-ab65a6fa-fc0d-4305-b5a2-e4f205495028"><testcase classname="backend.tests.test_unified_participant_view.TestUnifiedParticipantView" name="test_participant_gets_viewer_role_participant" time="0.545" /><testcase classname="backend.tests.test_unified_participant_view.TestUnifiedParticipantView" name="test_organizer_gets_viewer_role_organizer" time="0.198" /><testcase classname="backend.tests.test_unified_participant_view.TestUnifiedParticipantView" name="test_unauthorized_user_gets_403" time="0.125" /><testcase classname="backend.tests.test_unified_participant_view.TestUnifiedParticipantView" name="test_participant_can_list_participants" time="0.101" /><testcase classname="backend.tests.test_unified_participant_view.TestUnifiedParticipantView" name="test_organizer_can_list_participants" time="0.117" /><testcase classname="backend.tests.test_unified_participant_view.TestUnifiedParticipantView" name="test_appointment_data_completeness_for_participant" time="0.155" /><testcase classname="backend.tests.test_unified_participant_view.TestDashboardParticipantLinks" name="test_timeline_returns_participant_items" time="0.535" /><testcase classname="backend.tests.test_unified_participant_view.TestDashboardParticipantLinks" name="test_participant_item_has_required_fields" time="0.172" /><testcase classname="backend.tests.test_unified_participant_view.TestParticipantViewPermissions" name="test_participant_cannot_cancel_appointment" time="0.528" /><testcase classname="backend.tests.test_unified_participant_view.TestParticipantViewPermissions" name="test_participant_cannot_update_appointment" time="0.109" /><testcase classname="backend.tests.test_unified_participant_view.TestParticipantViewPermissions" name="test_participant_cannot_add_participants" time="0.119" /></testsuite></testsuites>