<?xml version="1.0" encoding="utf-8"?><testsuites name="pytest tests"><testsuite name="pytest" errors="0" failures="0" skipped="0" tests="6" time="6.812" timestamp="2026-03-22T00:52:09.416033+00:00" hostname="agent-env-a72919b5-f2b3-43ce-b113-065027171a4b"><testcase classname="backend.tests.test_patch_past_date_validation.TestPatchPastDateValidation" name="test_api_health" time="0.483" /><testcase classname="backend.tests.test_patch_past_date_validation.TestPatchPastDateValidation" name="test_patch_with_past_date_returns_400" time="0.372" /><testcase classname="backend.tests.test_patch_past_date_validation.TestPatchPastDateValidation" name="test_patch_with_past_hour_returns_400" time="0.414" /><testcase classname="backend.tests.test_patch_past_date_validation.TestPatchPastDateValidation" name="test_patch_with_future_date_returns_200" time="1.396" /><testcase classname="backend.tests.test_patch_past_date_validation.TestPatchPastDateValidation" name="test_patch_with_future_hour_returns_200" time="1.481" /><testcase classname="backend.tests.test_patch_past_date_validation.TestPatchPastDateValidation" name="test_patch_non_date_field_returns_200" time="2.587" /></testsuite></testsuites>