<?xml version="1.0" encoding="utf-8"?><testsuites name="pytest tests"><testsuite name="pytest" errors="0" failures="0" skipped="0" tests="19" time="5.331" timestamp="2026-03-29T18:21:43.041106+00:00" hostname="agent-env-90b66b89-6b02-40be-8ee4-6ae3921fb55f"><testcase classname="backend.tests.test_notifications_email_iter144.TestNotificationAPIs" name="test_counts_requires_auth" time="0.148" /><testcase classname="backend.tests.test_notifications_email_iter144.TestNotificationAPIs" name="test_counts_returns_correct_structure" time="0.476" /><testcase classname="backend.tests.test_notifications_email_iter144.TestNotificationAPIs" name="test_unread_ids_requires_auth" time="0.101" /><testcase classname="backend.tests.test_notifications_email_iter144.TestNotificationAPIs" name="test_unread_ids_invalid_type_returns_400" time="0.130" /><testcase classname="backend.tests.test_notifications_email_iter144.TestNotificationAPIs" name="test_unread_ids_decision_returns_list" time="0.127" /><testcase classname="backend.tests.test_notifications_email_iter144.TestNotificationAPIs" name="test_unread_ids_dispute_update_returns_list" time="0.102" /><testcase classname="backend.tests.test_notifications_email_iter144.TestNotificationAPIs" name="test_mark_read_requires_auth" time="0.101" /><testcase classname="backend.tests.test_notifications_email_iter144.TestNotificationAPIs" name="test_mark_read_returns_marked_count" time="0.118" /><testcase classname="backend.tests.test_notifications_email_iter144.TestNotificationAPIs" name="test_participant_can_access_counts" time="0.459" /><testcase classname="backend.tests.test_notifications_email_iter144.TestDisputeEndpoints" name="test_decisions_mine_endpoint" time="0.508" /><testcase classname="backend.tests.test_notifications_email_iter144.TestDisputeEndpoints" name="test_disputes_mine_endpoint" time="0.149" /><testcase classname="backend.tests.test_notifications_email_iter144.TestEmailAttemptsCollection" name="test_email_attempts_endpoint_exists" time="0.460" /><testcase classname="backend.tests.test_notifications_email_iter144.TestNotificationTriggerIntegration" name="test_escalated_disputes_endpoint" time="0.448" /><testcase classname="backend.tests.test_notifications_email_iter144.TestNotificationTriggerIntegration" name="test_arbitration_stats_endpoint" time="0.111" /><testcase classname="backend.tests.test_notifications_email_iter144.TestNotificationServiceDirectly" name="test_existing_decision_notification_has_email_sent" time="0.559" /><testcase classname="backend.tests.test_notifications_email_iter144.TestIdempotenceVerification" name="test_mark_read_idempotent" time="0.528" /><testcase classname="backend.tests.test_notifications_email_iter144.TestParticipantNotifications" name="test_participant_notification_counts" time="0.470" /><testcase classname="backend.tests.test_notifications_email_iter144.TestParticipantNotifications" name="test_participant_unread_decision_ids" time="0.136" /><testcase classname="backend.tests.test_notifications_email_iter144.TestParticipantNotifications" name="test_participant_decisions_list" time="0.109" /></testsuite></testsuites>