<?xml version="1.0" encoding="utf-8"?><testsuites name="pytest tests"><testsuite name="pytest" errors="0" failures="0" skipped="0" tests="11" time="1.814" timestamp="2026-03-23T13:41:16.134153+00:00" hostname="agent-env-a01697a9-a355-4d70-bc2f-6782d635a839"><testcase classname="tests.test_checkin_evidence_details.TestHealthEndpoint" name="test_health_returns_200" time="0.193" /><testcase classname="tests.test_checkin_evidence_details.TestPhysicalEmailEvidenceDetails" name="test_physical_email_gps_source_contains_coordinates_and_maps_link" time="0.087" /><testcase classname="tests.test_checkin_evidence_details.TestPhysicalEmailEvidenceDetails" name="test_physical_email_qr_source_shows_qr_code_label" time="0.001" /><testcase classname="tests.test_checkin_evidence_details.TestPhysicalEmailEvidenceDetails" name="test_google_maps_link_format" time="0.002" /><testcase classname="tests.test_checkin_evidence_details.TestVideoEmailEvidenceDetails" name="test_video_email_contains_display_name_time_platform" time="0.001" /><testcase classname="tests.test_checkin_evidence_details.TestVideoEmailEvidenceDetails" name="test_video_email_teams_platform" time="0.002" /><testcase classname="tests.test_checkin_evidence_details.TestVideoEmailEvidenceDetails" name="test_video_email_meet_platform" time="0.001" /><testcase classname="tests.test_checkin_evidence_details.TestCheckinRoutesEvidenceDetails" name="test_manual_checkin_passes_evidence_details" time="1.155" /><testcase classname="tests.test_checkin_evidence_details.TestCheckinRoutesEvidenceDetails" name="test_video_checkin_passes_video_display_name" time="0.322" /><testcase classname="tests.test_checkin_evidence_details.TestIdempotence" name="test_second_checkin_does_not_send_notification" time="0.008" /><testcase classname="tests.test_checkin_evidence_details.TestNotifyCheckinEvidenceDetailsIntegration" name="test_notify_checkin_passes_evidence_to_email_service" time="0.005" /></testsuite></testsuites>