<?xml version="1.0" encoding="utf-8"?><testsuites name="pytest tests"><testsuite name="pytest" errors="0" failures="0" skipped="0" tests="9" time="0.150" timestamp="2026-03-22T17:58:27.602673+00:00" hostname="agent-env-7d455a69-7a06-4eb6-bef6-895994a6ef05"><testcase classname="tests.test_video_checkin_scoring.TestVideoAppointmentScoring" name="test_video_appointment_no_video_evidence_returns_weak" time="0.002" /><testcase classname="tests.test_video_checkin_scoring.TestVideoAppointmentScoring" name="test_video_appointment_with_qr_and_gps_still_weak" time="0.001" /><testcase classname="tests.test_video_checkin_scoring.TestVideoAppointmentScoring" name="test_physical_appointment_with_qr_and_gps_is_strong" time="0.001" /><testcase classname="tests.test_video_checkin_scoring.TestVideoAppointmentScoring" name="test_physical_appointment_with_manual_checkin_is_medium" time="0.001" /><testcase classname="tests.test_video_checkin_scoring.TestAttendanceDecisionForVideo" name="test_video_weak_evidence_leads_to_manual_review" time="0.000" /><testcase classname="tests.test_video_checkin_scoring.TestAttendanceDecisionForVideo" name="test_video_strong_evidence_on_time" time="0.000" /><testcase classname="tests.test_video_checkin_scoring.TestEvidenceServiceIntegration" name="test_aggregate_evidence_function_signature" time="0.000" /><testcase classname="tests.test_video_checkin_scoring.TestEvidenceServiceIntegration" name="test_video_appointment_type_check_in_aggregate" time="0.005" /><testcase classname="tests.test_video_checkin_scoring.TestEvidenceServiceIntegration" name="test_video_no_evidence_returns_weak_in_code" time="0.002" /></testsuite></testsuites>