<?xml version="1.0" encoding="utf-8"?><testsuites name="pytest tests"><testsuite name="pytest" errors="0" failures="0" skipped="0" tests="18" time="0.391" timestamp="2026-03-24T19:43:27.289374+00:00" hostname="agent-env-d3773ac4-e45c-4c85-bbb7-1176ab83624a"><testcase classname="tests.test_conflict_detection" name="test_exact_overlap" time="0.000" /><testcase classname="tests.test_conflict_detection" name="test_partial_overlap_start" time="0.000" /><testcase classname="tests.test_conflict_detection" name="test_partial_overlap_end" time="0.000" /><testcase classname="tests.test_conflict_detection" name="test_proposed_contains_existing" time="0.000" /><testcase classname="tests.test_conflict_detection" name="test_existing_contains_proposed" time="0.000" /><testcase classname="tests.test_conflict_detection" name="test_edge_to_edge_no_conflict" time="0.000" /><testcase classname="tests.test_conflict_detection" name="test_edge_to_edge_warning" time="0.000" /><testcase classname="tests.test_conflict_detection" name="test_buffer_warning" time="0.000" /><testcase classname="tests.test_conflict_detection" name="test_sufficient_buffer_no_warning" time="0.000" /><testcase classname="tests.test_conflict_detection" name="test_multi_conflicts" time="0.000" /><testcase classname="tests.test_conflict_detection" name="test_suggestions_never_in_past" time="0.000" /><testcase classname="tests.test_conflict_detection" name="test_suggestions_respect_duration" time="0.000" /><testcase classname="tests.test_conflict_detection" name="test_suggestions_not_same_as_proposed" time="0.000" /><testcase classname="tests.test_conflict_detection" name="test_suggestions_sorted_and_realistic" time="0.000" /><testcase classname="tests.test_conflict_detection" name="test_source_field_propagation" time="0.000" /><testcase classname="tests.test_conflict_detection" name="test_mixed_sources_conflicts" time="0.000" /><testcase classname="tests.test_conflict_detection" name="test_dedup_nlyt_not_double_counted" time="0.000" /><testcase classname="tests.test_conflict_detection" name="test_suggestions_avoid_mixed_busy_slots" time="0.000" /></testsuite></testsuites>