<?xml version="1.0" encoding="utf-8"?><testsuites name="pytest tests"><testsuite name="pytest" errors="0" failures="0" skipped="0" tests="10" time="1.496" timestamp="2026-03-30T01:03:35.352217+00:00" hostname="agent-env-90b66b89-6b02-40be-8ee4-6ae3921fb55f"><testcase classname="tests.test_stale_payout_detection_iter160.TestStalePayoutDetection" name="test_admin_can_access_stale_payouts" time="0.716" /><testcase classname="tests.test_stale_payout_detection_iter160.TestStalePayoutDetection" name="test_non_admin_gets_403" time="0.513" /><testcase classname="tests.test_stale_payout_detection_iter160.TestStalePayoutDetection" name="test_unauthenticated_gets_401" time="0.132" /><testcase classname="tests.test_stale_payout_detection_iter160.TestStalePayoutDetection" name="test_stale_payouts_response_structure" time="0.067" /><testcase classname="tests.test_stale_payout_detection_iter160.TestStalePayoutDetectorService" name="test_scheduler_includes_stale_payout_job" time="0.001" /><testcase classname="tests.test_stale_payout_detection_iter160.TestStalePayoutDetectorService" name="test_stale_detector_service_exists" time="0.000" /><testcase classname="tests.test_stale_payout_detection_iter160.TestAdminRouteIntegration" name="test_admin_route_exists_in_router" time="0.000" /><testcase classname="tests.test_stale_payout_detection_iter160.TestAdminRouteIntegration" name="test_admin_dashboard_link_exists" time="0.000" /><testcase classname="tests.test_stale_payout_detection_iter160.TestAdminRouteIntegration" name="test_app_js_route_exists" time="0.000" /><testcase classname="tests.test_stale_payout_detection_iter160.TestAdminRouteIntegration" name="test_stale_payouts_page_component_exists" time="0.000" /></testsuite></testsuites>