<?xml version="1.0" encoding="utf-8"?><testsuites name="pytest tests"><testsuite name="pytest" errors="0" failures="0" skipped="5" tests="26" time="3.916" timestamp="2026-03-24T23:36:14.875740+00:00" hostname="agent-env-5811ed2e-36aa-4478-95c4-b2b8e6ab96e2"><testcase classname="backend.tests.test_impact_caritatif.TestPublicImpactEndpoint" name="test_impact_endpoint_returns_200" time="0.253" /><testcase classname="backend.tests.test_impact_caritatif.TestPublicImpactEndpoint" name="test_impact_returns_total_charity_cents" time="0.110" /><testcase classname="backend.tests.test_impact_caritatif.TestPublicImpactEndpoint" name="test_impact_returns_associations_array" time="0.161" /><testcase classname="backend.tests.test_impact_caritatif.TestCharityImpactEndpoint" name="test_charity_endpoint_returns_200" time="0.135" /><testcase classname="backend.tests.test_impact_caritatif.TestCharityImpactEndpoint" name="test_charity_returns_total_charity_cents" time="0.148" /><testcase classname="backend.tests.test_impact_caritatif.TestCharityImpactEndpoint" name="test_charity_returns_total_distributed_cents" time="0.137" /><testcase classname="backend.tests.test_impact_caritatif.TestCharityImpactEndpoint" name="test_charity_returns_associations_array" time="0.119" /><testcase classname="backend.tests.test_impact_caritatif.TestCharityImpactEndpoint" name="test_charity_returns_events_count" time="0.140" /><testcase classname="backend.tests.test_impact_caritatif.TestCharityImpactEndpoint" name="test_charity_returns_participants_count" time="0.146" /><testcase classname="backend.tests.test_impact_caritatif.TestCharityImpactEndpoint" name="test_charity_returns_currency_eur" time="0.113" /><testcase classname="backend.tests.test_impact_caritatif.TestCharityImpactEndpoint" name="test_charity_returns_payout_status_accumulating" time="0.154" /><testcase classname="backend.tests.test_impact_caritatif.TestCharityImpactEndpoint" name="test_charity_returns_payout_message_with_correct_wording" time="0.109" /><testcase classname="backend.tests.test_impact_caritatif.TestCharityImpactEndpoint" name="test_charity_returns_contributions_object" time="0.114" /><testcase classname="backend.tests.test_impact_caritatif.TestCharityImpactEndpoint" name="test_charity_returns_refreshed_at" time="0.118" /><testcase classname="backend.tests.test_impact_caritatif.TestCharityPagination" name="test_pagination_default_limit" time="0.115" /><testcase classname="backend.tests.test_impact_caritatif.TestCharityPagination" name="test_pagination_with_custom_limit" time="0.108" /><testcase classname="backend.tests.test_impact_caritatif.TestCharityPagination" name="test_pagination_with_skip" time="0.108" /><testcase classname="backend.tests.test_impact_caritatif.TestCharityPagination" name="test_pagination_has_more_calculation" time="0.138" /><testcase classname="backend.tests.test_impact_caritatif.TestCharityPagination" name="test_pagination_no_overlap" time="0.253" /><testcase classname="backend.tests.test_impact_caritatif.TestContributionItemStructure" name="test_contribution_item_has_required_fields" time="0.163"><skipped type="pytest.skip" message="No contribution items to validate">/app/backend/tests/test_impact_caritatif.py:252: No contribution items to validate</skipped></testcase><testcase classname="backend.tests.test_impact_caritatif.TestContributionItemStructure" name="test_contribution_item_has_appointment_title" time="0.164"><skipped type="pytest.skip" message="No contribution items to validate">/app/backend/tests/test_impact_caritatif.py:275: No contribution items to validate</skipped></testcase><testcase classname="backend.tests.test_impact_caritatif.TestContributionItemStructure" name="test_contribution_item_has_association_info" time="0.114"><skipped type="pytest.skip" message="No contribution items to validate">/app/backend/tests/test_impact_caritatif.py:291: No contribution items to validate</skipped></testcase><testcase classname="backend.tests.test_impact_caritatif.TestAssociationStructure" name="test_association_has_required_fields" time="0.112"><skipped type="pytest.skip" message="No associations to validate">/app/backend/tests/test_impact_caritatif.py:313: No associations to validate</skipped></testcase><testcase classname="backend.tests.test_impact_caritatif.TestAssociationStructure" name="test_associations_sorted_by_total_cents_desc" time="0.129"><skipped type="pytest.skip" message="Need at least 2 associations to verify sorting">/app/backend/tests/test_impact_caritatif.py:335: Need at least 2 associations to verify sorting</skipped></testcase><testcase classname="backend.tests.test_impact_caritatif.TestDataConsistency" name="test_charity_total_matches_impact_total" time="0.227" /><testcase classname="backend.tests.test_impact_caritatif.TestDataConsistency" name="test_associations_match_between_endpoints" time="0.220" /></testsuite></testsuites>