<?xml version="1.0" encoding="utf-8"?><testsuites name="pytest tests"><testsuite name="pytest" errors="0" failures="0" skipped="0" tests="15" time="2.183" timestamp="2026-03-27T00:44:37.273500+00:00" hostname="agent-env-ab65a6fa-fc0d-4305-b5a2-e4f205495028"><testcase classname="tests.test_stripe_card_autosave.TestHealthAndAuth" name="test_health_check" time="0.147" /><testcase classname="tests.test_stripe_card_autosave.TestHealthAndAuth" name="test_login_success" time="0.374" /><testcase classname="tests.test_stripe_card_autosave.TestPaymentMethodEndpoint" name="test_payment_method_requires_auth" time="0.138" /><testcase classname="tests.test_stripe_card_autosave.TestPaymentMethodEndpoint" name="test_payment_method_returns_structure" time="0.447" /><testcase classname="tests.test_stripe_card_autosave.TestRegressionEndpoints" name="test_milestones_endpoint" time="0.452" /><testcase classname="tests.test_stripe_card_autosave.TestRegressionEndpoints" name="test_my_cards_endpoint" time="0.453" /><testcase classname="tests.test_stripe_card_autosave.TestAutoRecoveryLogic" name="test_auto_recovery_code_review" time="0.000" /><testcase classname="tests.test_stripe_card_autosave.TestHandleCheckoutCompletedLogic" name="test_auto_save_code_exists" time="0.000" /><testcase classname="tests.test_stripe_card_autosave.TestHandleCheckoutCompletedLogic" name="test_user_lookup_by_email_fallback" time="0.000" /><testcase classname="tests.test_stripe_card_autosave.TestHandleCheckoutCompletedLogic" name="test_no_overwrite_existing_pm" time="0.000" /><testcase classname="tests.test_stripe_card_autosave.TestDevModeAutoSave" name="test_dev_mode_auto_save_code_exists" time="0.000" /><testcase classname="tests.test_stripe_card_autosave.TestWebhookSimplification" name="test_webhook_calls_handle_checkout_completed" time="0.000" /><testcase classname="tests.test_stripe_card_autosave.TestIgaalUserPaymentMethod" name="test_igaal_user_has_payment_method_via_db" time="0.073" /><testcase classname="tests.test_stripe_card_autosave.TestAutoRecoveryScenario" name="test_create_auto_recovery_scenario" time="0.019" /><testcase classname="tests.test_stripe_card_autosave.TestEmailLookupScenario" name="test_email_lookup_code_path" time="0.000" /></testsuite></testsuites>