<?xml version="1.0" encoding="utf-8"?><testsuites name="pytest tests"><testsuite name="pytest" errors="0" failures="0" skipped="0" tests="16" time="0.705" timestamp="2026-03-23T16:14:55.736302+00:00" hostname="agent-env-532a31cc-9c3a-476f-a1d9-27da897654f0"><testcase classname="tests.test_proof_scoring_rebalance.TestComputeScoreFunction" name="test_on_time_checkin_zero_heartbeats_equals_50_pts_medium" time="0.001" /><testcase classname="tests.test_proof_scoring_rebalance.TestComputeScoreFunction" name="test_on_time_checkin_5min_heartbeats_30min_meeting_equals_55_pts_strong" time="0.000" /><testcase classname="tests.test_proof_scoring_rebalance.TestComputeScoreFunction" name="test_very_late_checkin_20min_heartbeats_equals_35_pts_medium" time="0.000" /><testcase classname="tests.test_proof_scoring_rebalance.TestComputeScoreFunction" name="test_on_time_checkin_full_30min_session_equals_80_pts_strong" time="0.000" /><testcase classname="tests.test_proof_scoring_rebalance.TestComputeScoreFunction" name="test_score_breakdown_includes_flow_bonus_key" time="0.000" /><testcase classname="tests.test_proof_scoring_rebalance.TestComputeScoreFunction" name="test_no_checkin_no_flow_bonus" time="0.000" /><testcase classname="tests.test_proof_scoring_rebalance.TestComputeScoreFunction" name="test_slightly_late_checkin_gets_20_pts" time="0.000" /><testcase classname="tests.test_proof_scoring_rebalance.TestComputeScoreFunction" name="test_threshold_55_is_strong" time="0.000" /><testcase classname="tests.test_proof_scoring_rebalance.TestComputeScoreFunction" name="test_threshold_54_is_medium" time="0.000" /><testcase classname="tests.test_proof_scoring_rebalance.TestAttendanceServiceThresholds" name="test_score_55_triggers_on_time_no_review" time="0.005" /><testcase classname="tests.test_proof_scoring_rebalance.TestAttendanceServiceThresholds" name="test_score_30_to_54_triggers_manual_review" time="0.003" /><testcase classname="tests.test_proof_scoring_rebalance.TestAttendanceServiceThresholds" name="test_score_below_30_triggers_no_show" time="0.003" /><testcase classname="tests.test_proof_scoring_rebalance.TestProofSessionCreation" name="test_session_doc_has_flow_bonus_in_breakdown" time="0.001" /><testcase classname="tests.test_proof_scoring_rebalance.TestHealthCheck" name="test_health_check_returns_200" time="0.279" /><testcase classname="tests.test_proof_scoring_rebalance.TestScoringEdgeCases" name="test_duration_capped_at_100_percent" time="0.000" /><testcase classname="tests.test_proof_scoring_rebalance.TestScoringEdgeCases" name="test_early_checkin_gets_full_points" time="0.000" /></testsuite></testsuites>