<?xml version="1.0" encoding="utf-8"?><testsuites name="pytest tests"><testsuite name="pytest" errors="0" failures="0" skipped="0" tests="12" time="2.387" timestamp="2026-03-28T18:26:03.869451+00:00" hostname="agent-env-2b9e73b7-1ca6-44eb-b5ce-1f2cc8594cf9"><testcase classname="backend.tests.test_dispute_deadlock_iter119.TestDisputeDeadlockFix" name="test_dispute_detail_returns_display_state" time="0.644" /><testcase classname="backend.tests.test_dispute_deadlock_iter119.TestDisputeDeadlockFix" name="test_dispute_detail_returns_other_party_name" time="0.172" /><testcase classname="backend.tests.test_dispute_deadlock_iter119.TestDisputeDeadlockFix" name="test_organizer_sees_correct_other_party_name_in_deadlock" time="0.105" /><testcase classname="backend.tests.test_dispute_deadlock_iter119.TestDisputeDeadlockFix" name="test_counterpart_gets_participant_role_in_deadlock" time="0.465" /><testcase classname="backend.tests.test_dispute_deadlock_iter119.TestDisputeDeadlockFix" name="test_counterpart_can_submit_position_in_deadlock" time="0.153" /><testcase classname="backend.tests.test_dispute_deadlock_iter119.TestDisputeDeadlockFix" name="test_counterpart_sees_organizer_as_other_party" time="0.129" /><testcase classname="backend.tests.test_dispute_deadlock_iter119.TestDisplayStateLogic" name="test_display_state_values_are_valid" time="0.122" /><testcase classname="backend.tests.test_dispute_deadlock_iter119.TestDisplayStateLogic" name="test_display_state_matches_positions" time="0.115" /><testcase classname="backend.tests.test_dispute_deadlock_iter119.TestDisputeListDisplayState" name="test_disputes_mine_returns_display_state" time="0.098" /><testcase classname="backend.tests.test_dispute_deadlock_iter119.TestDisputeListDisplayState" name="test_disputes_mine_returns_other_party_name" time="0.111" /><testcase classname="backend.tests.test_dispute_deadlock_iter119.TestPositionSubmissionEndpoint" name="test_position_endpoint_exists" time="0.098" /><testcase classname="backend.tests.test_dispute_deadlock_iter119.TestPositionSubmissionEndpoint" name="test_counterpart_not_blocked_from_position_endpoint" time="0.103" /></testsuite></testsuites>