<?xml version="1.0" encoding="utf-8"?><testsuites name="pytest tests"><testsuite name="pytest" errors="0" failures="0" skipped="2" tests="7" time="6.284" timestamp="2026-03-27T01:11:00.818927+00:00" hostname="agent-env-ab65a6fa-fc0d-4305-b5a2-e4f205495028"><testcase classname="tests.test_card_reuse_invitation.TestHealthAndRegression" name="test_health_check" time="0.313" /><testcase classname="tests.test_card_reuse_invitation.TestHealthAndRegression" name="test_login_test_user_with_card" time="0.380" /><testcase classname="tests.test_card_reuse_invitation.TestHealthAndRegression" name="test_get_payment_method_regression" time="0.509" /><testcase classname="tests.test_card_reuse_invitation.TestHealthAndRegression" name="test_wallet_milestones_regression" time="0.492" /><testcase classname="tests.test_card_reuse_invitation.TestCardReuseLoginAcceptEndpoint" name="test_user_without_card_gets_stripe_redirect" time="2.537" /><testcase classname="tests.test_card_reuse_invitation.TestCardReuseWithExistingInvitation" name="test_login_accept_with_saved_card_reuses_card" time="0.973"><skipped type="pytest.skip" message="Test user is organizer - cannot test card reuse in this scenario">/app/backend/tests/test_card_reuse_invitation.py:319: Test user is organizer - cannot test card reuse in this scenario</skipped></testcase><testcase classname="tests.test_card_reuse_invitation.TestGuaranteeCreationVerification" name="test_guarantee_has_correct_fields_when_card_reused" time="1.015"><skipped type="pytest.skip" message="Test user is organizer - cannot test card reuse">/app/backend/tests/test_card_reuse_invitation.py:439: Test user is organizer - cannot test card reuse</skipped></testcase></testsuite></testsuites>