<?xml version="1.0" encoding="utf-8"?><testsuites name="pytest tests"><testsuite name="pytest" errors="0" failures="0" skipped="0" tests="11" time="4.148" timestamp="2026-03-31T13:07:52.503550+00:00" hostname="agent-env-90b66b89-6b02-40be-8ee4-6ae3921fb55f"><testcase classname="backend.tests.test_stripe_redirect_fix_iter164.TestStripeRedirectFix" name="test_health_check" time="0.301" /><testcase classname="backend.tests.test_stripe_redirect_fix_iter164.TestStripeRedirectFix" name="test_invitation_exists" time="0.147" /><testcase classname="backend.tests.test_stripe_redirect_fix_iter164.TestStripeRedirectFix" name="test_respond_without_bearer_redirects_to_invitation" time="0.681" /><testcase classname="backend.tests.test_stripe_redirect_fix_iter164.TestStripeRedirectFix" name="test_respond_with_bearer_redirects_to_dashboard" time="0.841" /><testcase classname="backend.tests.test_stripe_redirect_fix_iter164.TestStripeRedirectFix" name="test_login_and_accept_redirects_to_dashboard" time="0.719" /><testcase classname="backend.tests.test_stripe_redirect_fix_iter164.TestStripeRedirectFix" name="test_bearer_token_detection_is_optional" time="0.182" /><testcase classname="backend.tests.test_stripe_redirect_fix_iter164.TestDashboardGuaranteeHandler" name="test_dashboard_accessible_with_auth" time="0.453" /><testcase classname="backend.tests.test_stripe_redirect_fix_iter164.TestDashboardGuaranteeHandler" name="test_guarantee_status_param_handling" time="0.432" /><testcase classname="backend.tests.test_stripe_redirect_fix_iter164.TestStripeGuaranteeServiceLogic" name="test_create_guarantee_session_with_return_url" time="0.001" /><testcase classname="backend.tests.test_stripe_redirect_fix_iter164.TestInvitationPagePollGuaranteeStatus" name="test_guarantee_status_endpoint" time="0.174" /><testcase classname="backend.tests.test_stripe_redirect_fix_iter164.TestInvitationPagePollGuaranteeStatus" name="test_guarantee_status_with_session_id" time="0.130" /></testsuite></testsuites>