<?xml version="1.0" encoding="utf-8"?><testsuites name="pytest tests"><testsuite name="pytest" errors="0" failures="0" skipped="0" tests="7" time="2.685" timestamp="2026-03-29T12:18:02.943570+00:00" hostname="agent-env-2b9e73b7-1ca6-44eb-b5ce-1f2cc8594cf9"><testcase classname="backend.tests.test_trustless_v4_temporal_cancel_iter128.TestTemporalCancelGuards" name="test_1_health_check" time="0.121" /><testcase classname="backend.tests.test_trustless_v4_temporal_cancel_iter128.TestTemporalCancelGuards" name="test_2_organizer_cancel_started_appointment_returns_400" time="0.424" /><testcase classname="backend.tests.test_trustless_v4_temporal_cancel_iter128.TestTemporalCancelGuards" name="test_3_participant_cancel_past_deadline_returns_400" time="0.574" /><testcase classname="backend.tests.test_trustless_v4_temporal_cancel_iter128.TestTemporalCancelGuards" name="test_4_participant_cancel_started_appointment_returns_400" time="0.480" /><testcase classname="backend.tests.test_trustless_v4_temporal_cancel_iter128.TestTemporalCancelGuards" name="test_5_organizer_cancel_future_appointment_succeeds" time="0.435" /><testcase classname="backend.tests.test_trustless_v4_temporal_cancel_iter128.TestInvitationCancelEndpoint" name="test_1_cancel_nonexistent_token_returns_404" time="0.160" /><testcase classname="backend.tests.test_trustless_v4_temporal_cancel_iter128.TestInvitationCancelEndpoint" name="test_2_cancel_invited_status_returns_400" time="0.432" /></testsuite></testsuites>